2017-12-14 14:30:49 @fellow#5760: xd
2017-12-14 14:31:57 @fellow#5760: $$pressf
2017-12-14 14:31:58 @\U0001f171 \U0001f171ot#5737: That command is not available in DMs.
2017-12-14 14:32:03 @fellow#5760: $$help
2017-12-14 14:32:03 @\U0001f171 \U0001f171ot#5737: ```\nRed - A multifunction Discord bot by Twentysix\n\nAdventure:\n  >           Do something in your adventure\n  adventure   Greetings adventurer. What is it that you plan on doing today?\n  team        \nAlias:\n  alias       Manage per-server aliases for commands\nAudio:\n  audioset    Audio settings.\n  audiostat   General stats on audio stuff.\n  cache       Cache management tools.\n  local       Local playlists commands\n  pause       Pauses the current song, `[p]resume` to continue.\n  play        Plays a link / searches and play\n  playlist    Playlist management/control.\n  prev        Goes back to the last song.\n  queue       Queues a song to play next. Extended functionality in `[p]help`\n  repeat      Toggles REPEAT\n  resume      Resumes a paused song or playlist\n  shuffle     Shuffles the current queue\n  sing        Makes Red sing one of her songs\n  skip        Skips a song, using the set threshold if the requester isn't\n  song        Info about the current song.\n  stop        Stops a currently playing song or playlist. CLEARS QUEUE.\n  yt          Searches and plays a video from YouTube\nCustomCommands:\n  customcom   Custom commands management\nDan:\n  dan         Retrieves the latest result from Danbooru\n  danfilter   Manages dan filters\n  danr        Retrieves a random result from Danbooru\nDuel:\n  duel        Duel another player\n  duels       \n  protected   Displays the duel protection list\nE621:\n  e621        Retrieves the latest result from e621\n  e621filter  Manages e621 filters\n  e621r       Retrieves a random result from e621\nEconomy:\n  bank        Bank operations\n  leaderboard Server / global leaderboard\n  payday      Get some free credits\n  payouts     Shows slot machine payouts\n  slot        Play the slot machine\nGel:\n  gel         Retrieves the latest result from Gelbooru\n  gelfilter   Manages gel filters\n  gelr        Retrieves a random result from Gelbooru\n  gelset      Manages gel options\nGeneral:\n  8           Ask 8 ball a question\n```
2017-12-14 14:32:04 @\U0001f171 \U0001f171ot#5737: ```\n  choose      Chooses between multiple choices.\n  flip        Flips a coin... or a user.\n  lmgtfy      Creates a lmgtfy link\n  poll        Starts/stops a poll\n  roll        Rolls random number (between 1 and user choice)\n  rps         Play rock paper scissors\n  serverinfo  Shows server's informations\n  stopwatch   Starts/stops stopwatch\n  urban       Urban Dictionary search\n  userinfo    Shows users's informations\nKona:\n  kona        Retrieves the latest result from Konachan\n  konafilter  Manages kona filters\n  konar       Retrieves a random result from Konachan\nLoli:\n  loli        Retrieves the latest result from Lolibooru\n  lolifilter  Manages loli filters\n  lolir       Retrieves a random result from Lolibooru\nMod:\n  names       Show previous names/nicknames of a user\nNickometer:\n  nickometer  Tells you how lame a person with this name is, 100% accurate.\nOwner:\n  contact     Sends a message to the owner\n  info        Shows info about Red\n  set         Changes Red's core settings\n  uptime      Shows Red's uptime\n  version     Shows Red's current version\nPenis:\n  penis       Detects user's penis length\nPony:\n  pony        Retrieves the latest result from Derpibooru\n  ponyfilter  Manages pony filters\n  ponyr       Retrieves a random result from Derpibooru\n  ponyset     Manages pony options\nPressF:\n  pressf      Pay Respects by pressing f\nRedportal:\n  redportal   Interact with cogs.red through your bot\nShoot:\n  dab         Will create a scenario where the user is dabbed on\n  shoot       Will shoot the user specified, (be careful with that gun!)\nSlap:\n  slap        Slap a user\nStreams:\n  hitbox      Checks if hitbox stream is online\n  mixer       Checks if mixer stream is online\n  picarto     Checks if picarto stream is online\n  streamset   Stream settings\n  twitch      Checks if twitch stream is online\nThot:\n  thot        Exterminates thots\nTrivia:\n  trivia      Start a trivia session with the specified list\noboobs:\n  ass         Shows some ass.\n```
2017-12-14 14:32:04 @\U0001f171 \U0001f171ot#5737: ```\n  boobs       Shows some boobs.\n  oboobs      The oboobs/obutts.ru pictures of nature cog.\n\u200bNo Category:\n  help        Shows this message.\n\nType $$help command for more info on a command.\nYou can also type $$help category for more info on a category.\n```
2017-12-14 14:42:00 @fellow#5760: $$thot
2017-12-14 14:42:01 @\U0001f171 \U0001f171ot#5737: Omae wa mou Shindeiru
2017-12-14 14:42:01 @\U0001f171 \U0001f171ot#5737: ***NANI?!??!!***
2017-12-14 14:42:02 @\U0001f171 \U0001f171ot#5737: 
2017-12-14 14:42:08 @fellow#5760: $$thot
2017-12-14 14:42:09 @\U0001f171 \U0001f171ot#5737: Omae wa mou Shindeiru
2017-12-14 14:42:09 @\U0001f171 \U0001f171ot#5737: ***NANI?!??!!***
2017-12-14 14:42:09 @fellow#5760: $$thot
2017-12-14 14:42:09 @fellow#5760: $$thot
2017-12-14 14:42:09 @fellow#5760: $$thot
2017-12-14 14:42:10 @fellow#5760: $$thot
2017-12-14 14:42:10 @fellow#5760: $$thot
2017-12-14 14:42:10 @fellow#5760: v
2017-12-14 14:42:10 @\U0001f171 \U0001f171ot#5737: 
2017-12-14 14:42:11 @\U0001f171 \U0001f171ot#5737: Omae wa mou Shindeiru
2017-12-14 14:42:11 @\U0001f171 \U0001f171ot#5737: Omae wa mou Shindeiru
2017-12-14 14:42:11 @fellow#5760 deleted message from 2017-12-14 14:42:10 (v)
2017-12-14 14:42:15 @\U0001f171 \U0001f171ot#5737: Omae wa mou Shindeiru
2017-12-14 14:42:15 @\U0001f171 \U0001f171ot#5737: Omae wa mou Shindeiru
2017-12-14 14:42:16 @\U0001f171 \U0001f171ot#5737: Omae wa mou Shindeiru
2017-12-14 14:42:16 @\U0001f171 \U0001f171ot#5737: ***NANI?!??!!***
2017-12-14 14:42:17 @\U0001f171 \U0001f171ot#5737: ***NANI?!??!!***
2017-12-14 14:42:21 @\U0001f171 \U0001f171ot#5737: ***NANI?!??!!***
2017-12-14 14:42:21 @\U0001f171 \U0001f171ot#5737: ***NANI?!??!!***
2017-12-14 14:42:21 @\U0001f171 \U0001f171ot#5737: ***NANI?!??!!***
2017-12-14 14:42:22 @\U0001f171 \U0001f171ot#5737: 
2017-12-14 14:42:26 @\U0001f171 \U0001f171ot#5737: 
2017-12-14 14:42:28 @\U0001f171 \U0001f171ot#5737: 
2017-12-14 14:42:30 @\U0001f171 \U0001f171ot#5737: 
2017-12-14 14:42:33 @\U0001f171 \U0001f171ot#5737: 
2017-12-14 14:42:45 @fellow#5760: $$thot
2017-12-14 14:42:45 @\U0001f171 \U0001f171ot#5737: Omae wa mou Shindeiru
2017-12-14 14:42:45 @\U0001f171 \U0001f171ot#5737: ***NANI?!??!!***
2017-12-14 14:42:45 @fellow#5760: $$thot
2017-12-14 14:42:46 @fellow#5760: $$thot
2017-12-14 14:42:46 @fellow#5760: $$thot
2017-12-14 14:42:46 @fellow#5760: $$thot
2017-12-14 14:42:47 @fellow#5760: $$thot
2017-12-14 14:42:46 @\U0001f171 \U0001f171ot#5737: 
2017-12-14 14:42:48 @fellow#5760: $$thot
2017-12-14 14:42:48 @\U0001f171 \U0001f171ot#5737: Omae wa mou Shindeiru
2017-12-14 14:42:48 @\U0001f171 \U0001f171ot#5737: Omae wa mou Shindeiru
2017-12-14 14:42:48 @fellow#5760: $$thot
2017-12-14 14:42:48 @fellow#5760: $$thot
2017-12-14 14:42:49 @fellow#5760: $$thot
2017-12-14 14:42:49 @fellow#5760: $$thot
2017-12-14 14:42:50 @fellow#5760: $$thot
2017-12-14 14:42:50 @fellow#5760: $$thot
2017-12-14 14:42:50 @fellow#5760: $$thot
2017-12-14 14:42:50 @fellow#5760: $$thot
2017-12-14 14:42:50 @fellow#5760: $$thot
2017-12-14 14:42:51 @fellow#5760: $$thot
2017-12-14 14:42:51 @fellow#5760: $$thot
2017-12-14 14:42:51 @\U0001f171 \U0001f171ot#5737: Omae wa mou Shindeiru
2017-12-14 14:42:51 @fellow#5760: $$thot
2017-12-14 14:42:51 @\U0001f171 \U0001f171ot#5737: Omae wa mou Shindeiru
2017-12-14 14:42:51 @\U0001f171 \U0001f171ot#5737: Omae wa mou Shindeiru
2017-12-14 14:42:52 @\U0001f171 \U0001f171ot#5737: Omae wa mou Shindeiru
2017-12-14 14:42:52 @\U0001f171 \U0001f171ot#5737: ***NANI?!??!!***
2017-12-14 14:42:57 @\U0001f171 \U0001f171ot#5737: ***NANI?!??!!***
2017-12-14 14:42:57 @\U0001f171 \U0001f171ot#5737: Omae wa mou Shindeiru
2017-12-14 14:42:57 @\U0001f171 \U0001f171ot#5737: Omae wa mou Shindeiru
2017-12-14 14:42:58 @\U0001f171 \U0001f171ot#5737: Omae wa mou Shindeiru
2017-12-14 14:42:58 @\U0001f171 \U0001f171ot#5737: Omae wa mou Shindeiru
2017-12-14 14:42:59 @fellow#5760: $$thot
2017-12-14 14:42:59 @fellow#5760: $$thot
2017-12-14 14:43:00 @fellow#5760: $$thot
2017-12-14 14:43:00 @fellow#5760: $$thot
2017-12-14 14:43:00 @fellow#5760: $$thot
2017-12-14 14:43:00 @fellow#5760: $$thot
2017-12-14 14:43:03 @\U0001f171 \U0001f171ot#5737: Omae wa mou Shindeiru
2017-12-14 14:43:04 @\U0001f171 \U0001f171ot#5737: Omae wa mou Shindeiru
2017-12-14 14:43:04 @\U0001f171 \U0001f171ot#5737: Omae wa mou Shindeiru
2017-12-14 14:43:05 @\U0001f171 \U0001f171ot#5737: Omae wa mou Shindeiru
2017-12-14 14:43:05 @\U0001f171 \U0001f171ot#5737: Omae wa mou Shindeiru
2017-12-14 14:43:09 @\U0001f171 \U0001f171ot#5737: Omae wa mou Shindeiru
2017-12-14 14:43:09 @\U0001f171 \U0001f171ot#5737: Omae wa mou Shindeiru
2017-12-14 14:43:09 @\U0001f171 \U0001f171ot#5737: ***NANI?!??!!***
2017-12-14 14:43:09 @\U0001f171 \U0001f171ot#5737: Omae wa mou Shindeiru
2017-12-14 14:43:10 @\U0001f171 \U0001f171ot#5737: ***NANI?!??!!***
2017-12-14 14:43:15 @\U0001f171 \U0001f171ot#5737: ***NANI?!??!!***
2017-12-14 14:43:15 @\U0001f171 \U0001f171ot#5737: ***NANI?!??!!***
2017-12-14 14:43:16 @\U0001f171 \U0001f171ot#5737: 
2017-12-14 14:43:18 @\U0001f171 \U0001f171ot#5737: 
2017-12-14 14:43:19 @\U0001f171 \U0001f171ot#5737: ***NANI?!??!!***
2017-12-14 14:43:21 @\U0001f171 \U0001f171ot#5737: ***NANI?!??!!***
2017-12-14 14:43:22 @\U0001f171 \U0001f171ot#5737: ***NANI?!??!!***
2017-12-14 14:43:22 @\U0001f171 \U0001f171ot#5737: ***NANI?!??!!***
2017-12-14 14:43:22 @\U0001f171 \U0001f171ot#5737: Omae wa mou Shindeiru
2017-12-14 14:43:22 @\U0001f171 \U0001f171ot#5737: Omae wa mou Shindeiru
2017-12-14 14:43:27 @\U0001f171 \U0001f171ot#5737: Omae wa mou Shindeiru
2017-12-14 14:43:27 @\U0001f171 \U0001f171ot#5737: Omae wa mou Shindeiru
2017-12-14 14:43:28 @\U0001f171 \U0001f171ot#5737: Omae wa mou Shindeiru
2017-12-14 14:43:28 @\U0001f171 \U0001f171ot#5737: Omae wa mou Shindeiru
2017-12-14 14:43:28 @\U0001f171 \U0001f171ot#5737: ***NANI?!??!!***
2017-12-14 14:43:33 @\U0001f171 \U0001f171ot#5737: ***NANI?!??!!***
2017-12-14 14:43:33 @\U0001f171 \U0001f171ot#5737: ***NANI?!??!!***
2017-12-14 14:43:34 @\U0001f171 \U0001f171ot#5737: ***NANI?!??!!***
2017-12-14 14:43:34 @\U0001f171 \U0001f171ot#5737: ***NANI?!??!!***
2017-12-14 14:43:34 @\U0001f171 \U0001f171ot#5737: ***NANI?!??!!***
2017-12-14 14:43:39 @\U0001f171 \U0001f171ot#5737: ***NANI?!??!!***
2017-12-14 14:43:40 @\U0001f171 \U0001f171ot#5737: 
2017-12-14 14:43:43 @\U0001f171 \U0001f171ot#5737: ***NANI?!??!!***
2017-12-14 14:43:44 @\U0001f171 \U0001f171ot#5737: 
2017-12-14 14:43:47 @\U0001f171 \U0001f171ot#5737: 
2017-12-14 14:43:49 @\U0001f171 \U0001f171ot#5737: 
2017-12-14 14:43:51 @\U0001f171 \U0001f171ot#5737: 
2017-12-14 14:43:53 @\U0001f171 \U0001f171ot#5737: 
2017-12-14 14:43:55 @\U0001f171 \U0001f171ot#5737: 
2017-12-14 14:43:58 @\U0001f171 \U0001f171ot#5737: 
2017-12-14 14:43:59 @\U0001f171 \U0001f171ot#5737: ***NANI?!??!!***
2017-12-14 14:43:59 @\U0001f171 \U0001f171ot#5737: ***NANI?!??!!***
2017-12-14 14:43:59 @\U0001f171 \U0001f171ot#5737: ***NANI?!??!!***
2017-12-14 14:43:59 @\U0001f171 \U0001f171ot#5737: ***NANI?!??!!***
2017-12-14 14:43:59 @\U0001f171 \U0001f171ot#5737: ***NANI?!??!!***
2017-12-14 14:44:05 @\U0001f171 \U0001f171ot#5737: ***NANI?!??!!***
2017-12-14 14:44:07 @\U0001f171 \U0001f171ot#5737: 
2017-12-14 14:44:08 @\U0001f171 \U0001f171ot#5737: 
2017-12-14 14:44:11 @\U0001f171 \U0001f171ot#5737: 
2017-12-14 14:44:16 @\U0001f171 \U0001f171ot#5737: 
2017-12-14 14:44:18 @\U0001f171 \U0001f171ot#5737: 
2017-12-14 14:44:20 @\U0001f171 \U0001f171ot#5737: 
2017-12-14 14:44:23 @\U0001f171 \U0001f171ot#5737: 
2017-12-14 14:44:25 @\U0001f171 \U0001f171ot#5737: 
2017-12-14 14:44:27 @\U0001f171 \U0001f171ot#5737: 
2017-12-14 14:44:29 @\U0001f171 \U0001f171ot#5737: 
2017-12-14 14:44:31 @\U0001f171 \U0001f171ot#5737: 
2017-12-14 14:44:33 @\U0001f171 \U0001f171ot#5737: 
2017-12-14 14:44:36 @\U0001f171 \U0001f171ot#5737: 
2017-12-14 14:44:39 @\U0001f171 \U0001f171ot#5737: 
2017-12-14 14:56:48 @fellow#5760: g
2017-12-14 14:56:59 @fellow#5760: $$thot
2017-12-14 14:56:59 @\U0001f171 \U0001f171ot#5737: Omae wa mou Shindeiru
2017-12-14 14:57:00 @\U0001f171 \U0001f171ot#5737: ***NANI?!??!!***
2017-12-14 14:57:00 @fellow#5760: $$thot
2017-12-14 14:57:00 @fellow#5760: $$thot
2017-12-14 14:57:01 @fellow#5760: $$thot
2017-12-14 14:57:02 @fellow#5760: $$thot
2017-12-14 14:57:01 @\U0001f171 \U0001f171ot#5737:  (attachment saved to 390879861020950528_thot.gif)
2017-12-14 14:57:02 @fellow#5760: $$thot
2017-12-14 14:57:02 @\U0001f171 \U0001f171ot#5737: Omae wa mou Shindeiru
2017-12-14 14:57:03 @\U0001f171 \U0001f171ot#5737: Omae wa mou Shindeiru
2017-12-14 14:57:03 @fellow#5760: $$thot
2017-12-14 14:57:04 @fellow#5760: $$thot
2017-12-14 14:57:05 @fellow#5760: $$thot
2017-12-14 14:57:05 @\U0001f171 \U0001f171ot#5737: Omae wa mou Shindeiru
2017-12-14 14:57:05 @\U0001f171 \U0001f171ot#5737: Omae wa mou Shindeiru
2017-12-14 14:57:05 @\U0001f171 \U0001f171ot#5737: Omae wa mou Shindeiru
2017-12-14 14:57:05 @\U0001f171 \U0001f171ot#5737: ***NANI?!??!!***
2017-12-14 14:57:06 @\U0001f171 \U0001f171ot#5737: ***NANI?!??!!***
2017-12-14 14:57:06 @fellow#5760: $$thot
2017-12-14 14:57:09 @fellow#5760: $$thot
2017-12-14 14:57:09 @fellow#5760: $$thot
2017-12-14 14:57:10 @fellow#5760: $$thot
2017-12-14 14:57:10 @fellow#5760: $$thot
2017-12-14 14:57:11 @fellow#5760: $$thot
2017-12-14 14:57:11 @\U0001f171 \U0001f171ot#5737: Omae wa mou Shindeiru
2017-12-14 14:57:11 @fellow#5760: $$thot
2017-12-14 14:57:11 @\U0001f171 \U0001f171ot#5737: Omae wa mou Shindeiru
2017-12-14 14:57:11 @fellow#5760: $$thot
2017-12-14 14:57:11 @\U0001f171 \U0001f171ot#5737: Omae wa mou Shindeiru
2017-12-14 14:57:11 @\U0001f171 \U0001f171ot#5737: ***NANI?!??!!***
2017-12-14 14:57:11 @\U0001f171 \U0001f171ot#5737: ***NANI?!??!!***
2017-12-14 14:57:11 @fellow#5760: $$thot
2017-12-14 14:57:12 @fellow#5760: $$thot
2017-12-14 14:57:13 @fellow#5760: $$thot
2017-12-14 14:57:18 @\U0001f171 \U0001f171ot#5737: ***NANI?!??!!***
2017-12-14 14:57:19 @fellow#5760: $$thot
2017-12-14 14:57:19 @fellow#5760: $$thot
2017-12-14 14:57:19 @fellow#5760: $$thot
2017-12-14 14:57:20 @fellow#5760: $$thot
2017-12-14 14:57:20 @fellow#5760: $$thot
2017-12-14 14:57:19 @\U0001f171 \U0001f171ot#5737:  (attachment saved to 390879936207912960_thot.gif)
2017-12-14 14:57:20 @fellow#5760: $$thot
2017-12-14 14:57:20 @fellow#5760: $$thot $$thot
2017-12-14 14:57:21 @fellow#5760: $$thot
2017-12-14 14:57:21 @fellow#5760: $$thot
2017-12-14 14:57:21 @\U0001f171 \U0001f171ot#5737:  (attachment saved to 390879946484219904_thot.gif)
2017-12-14 14:57:22 @fellow#5760: $$thot
2017-12-14 14:57:22 @\U0001f171 \U0001f171ot#5737: Omae wa mou Shindeiru
2017-12-14 14:57:22 @\U0001f171 \U0001f171ot#5737: Omae wa mou Shindeiru
2017-12-14 14:57:24 @\U0001f171 \U0001f171ot#5737: Omae wa mou Shindeiru
2017-12-14 14:57:25 @\U0001f171 \U0001f171ot#5737: Omae wa mou Shindeiru
2017-12-14 14:57:25 @\U0001f171 \U0001f171ot#5737: Omae wa mou Shindeiru
2017-12-14 14:57:25 @\U0001f171 \U0001f171ot#5737: Omae wa mou Shindeiru
2017-12-14 14:57:25 @\U0001f171 \U0001f171ot#5737: ***NANI?!??!!***
2017-12-14 14:57:29 @fellow#5760: $$thot
2017-12-14 14:57:29 @fellow#5760: $$thot
2017-12-14 14:57:30 @fellow#5760: $$thot
2017-12-14 14:57:30 @fellow#5760: $$thot
2017-12-14 14:57:30 @fellow#5760: $$thot
2017-12-14 14:57:30 @\U0001f171 \U0001f171ot#5737: Omae wa mou Shindeiru
2017-12-14 14:57:30 @fellow#5760: $$thot
2017-12-14 14:57:30 @\U0001f171 \U0001f171ot#5737: ***NANI?!??!!***
2017-12-14 14:57:31 @fellow#5760: $$thot $$thot $$thot
2017-12-14 14:57:31 @\U0001f171 \U0001f171ot#5737: Omae wa mou Shindeiru
2017-12-14 14:57:31 @\U0001f171 \U0001f171ot#5737: ***NANI?!??!!***
2017-12-14 14:57:31 @fellow#5760: $$thot
2017-12-14 14:57:32 @fellow#5760: $$thot
2017-12-14 14:57:32 @fellow#5760: $$thot
2017-12-14 14:57:32 @\U0001f171 \U0001f171ot#5737:  (attachment saved to 390879991698817034_thot.gif)
2017-12-14 14:57:37 @\U0001f171 \U0001f171ot#5737:  (attachment saved to 390880015417475072_thot.gif)
2017-12-14 14:57:39 @\U0001f171 \U0001f171ot#5737: Omae wa mou Shindeiru
2017-12-14 14:57:39 @\U0001f171 \U0001f171ot#5737: Omae wa mou Shindeiru
2017-12-14 14:57:39 @\U0001f171 \U0001f171ot#5737: Omae wa mou Shindeiru
2017-12-14 14:57:39 @fellow#5760: $$thot
2017-12-14 14:57:40 @fellow#5760: $$thot
2017-12-14 14:57:40 @fellow#5760: $$thot
2017-12-14 14:57:40 @fellow#5760: $$thot
2017-12-14 14:57:40 @fellow#5760: $$thot
2017-12-14 14:57:41 @fellow#5760: $$thot
2017-12-14 14:57:41 @fellow#5760: $$thot $$thot
2017-12-14 14:57:42 @fellow#5760: $$thot
2017-12-14 14:57:41 @\U0001f171 \U0001f171ot#5737:  (attachment saved to 390880027438350346_thot.gif)
2017-12-14 14:57:42 @fellow#5760: $$thot
2017-12-14 14:57:43 @fellow#5760: $$thot
2017-12-14 14:57:43 @\U0001f171 \U0001f171ot#5737: Omae wa mou Shindeiru
2017-12-14 14:57:43 @\U0001f171 \U0001f171ot#5737: Omae wa mou Shindeiru
2017-12-14 14:57:44 @\U0001f171 \U0001f171ot#5737: Omae wa mou Shindeiru
2017-12-14 14:57:44 @\U0001f171 \U0001f171ot#5737: Omae wa mou Shindeiru
2017-12-14 14:57:44 @\U0001f171 \U0001f171ot#5737: Omae wa mou Shindeiru
2017-12-14 14:57:49 @\U0001f171 \U0001f171ot#5737: Omae wa mou Shindeiru
2017-12-14 14:57:49 @\U0001f171 \U0001f171ot#5737: Omae wa mou Shindeiru
2017-12-14 14:57:50 @fellow#5760: $$thot
2017-12-14 14:57:50 @\U0001f171 \U0001f171ot#5737: Omae wa mou Shindeiru
2017-12-14 14:57:50 @\U0001f171 \U0001f171ot#5737: Omae wa mou Shindeiru
2017-12-14 14:57:50 @fellow#5760: $$thot
2017-12-14 14:57:50 @\U0001f171 \U0001f171ot#5737: Omae wa mou Shindeiru
2017-12-14 14:57:50 @fellow#5760: $$thot
2017-12-14 14:57:55 @\U0001f171 \U0001f171ot#5737: ***NANI?!??!!***
2017-12-14 14:57:55 @\U0001f171 \U0001f171ot#5737: ***NANI?!??!!***
2017-12-14 14:57:56 @\U0001f171 \U0001f171ot#5737: ***NANI?!??!!***
2017-12-14 14:57:56 @\U0001f171 \U0001f171ot#5737: ***NANI?!??!!***
2017-12-14 14:57:56 @\U0001f171 \U0001f171ot#5737: ***NANI?!??!!***
2017-12-14 14:58:01 @\U0001f171 \U0001f171ot#5737: ***NANI?!??!!***
2017-12-14 14:58:03 @\U0001f171 \U0001f171ot#5737:  (attachment saved to 390880121671778305_thot.gif)
2017-12-14 14:58:04 @\U0001f171 \U0001f171ot#5737: Omae wa mou Shindeiru
2017-12-14 14:58:04 @\U0001f171 \U0001f171ot#5737: Omae wa mou Shindeiru
2017-12-14 14:58:04 @\U0001f171 \U0001f171ot#5737: Omae wa mou Shindeiru
2017-12-14 14:58:07 @\U0001f171 \U0001f171ot#5737: Omae wa mou Shindeiru
2017-12-14 14:58:08 @\U0001f171 \U0001f171ot#5737: Omae wa mou Shindeiru
2017-12-14 14:58:08 @\U0001f171 \U0001f171ot#5737: ***NANI?!??!!***
2017-12-14 14:58:08 @\U0001f171 \U0001f171ot#5737: Omae wa mou Shindeiru
2017-12-14 14:58:10 @\U0001f171 \U0001f171ot#5737:  (attachment saved to 390880148288831488_thot.gif)
2017-12-14 14:58:13 @\U0001f171 \U0001f171ot#5737: Omae wa mou Shindeiru
2017-12-14 14:58:13 @\U0001f171 \U0001f171ot#5737: ***NANI?!??!!***
2017-12-14 14:58:15 @\U0001f171 \U0001f171ot#5737:  (attachment saved to 390880169872719883_thot.gif)
2017-12-14 14:58:16 @\U0001f171 \U0001f171ot#5737: Omae wa mou Shindeiru
2017-12-14 14:58:16 @\U0001f171 \U0001f171ot#5737: Omae wa mou Shindeiru
2017-12-14 14:58:19 @\U0001f171 \U0001f171ot#5737: Omae wa mou Shindeiru
2017-12-14 14:58:19 @\U0001f171 \U0001f171ot#5737: ***NANI?!??!!***
2017-12-14 14:58:19 @\U0001f171 \U0001f171ot#5737: ***NANI?!??!!***
2017-12-14 14:58:19 @\U0001f171 \U0001f171ot#5737: ***NANI?!??!!***
2017-12-14 14:58:19 @\U0001f171 \U0001f171ot#5737: Omae wa mou Shindeiru
2017-12-14 14:58:25 @\U0001f171 \U0001f171ot#5737: Omae wa mou Shindeiru
2017-12-14 14:58:25 @\U0001f171 \U0001f171ot#5737: Omae wa mou Shindeiru
2017-12-14 14:58:25 @\U0001f171 \U0001f171ot#5737: Omae wa mou Shindeiru
2017-12-14 14:58:25 @\U0001f171 \U0001f171ot#5737: Omae wa mou Shindeiru
2017-12-14 14:58:25 @\U0001f171 \U0001f171ot#5737: Omae wa mou Shindeiru
2017-12-14 14:58:31 @\U0001f171 \U0001f171ot#5737: Omae wa mou Shindeiru
2017-12-14 14:58:31 @\U0001f171 \U0001f171ot#5737: Omae wa mou Shindeiru
2017-12-14 14:58:31 @\U0001f171 \U0001f171ot#5737: Omae wa mou Shindeiru
2017-12-14 14:58:31 @\U0001f171 \U0001f171ot#5737: Omae wa mou Shindeiru
2017-12-14 14:58:32 @\U0001f171 \U0001f171ot#5737: ***NANI?!??!!***
2017-12-14 14:58:37 @\U0001f171 \U0001f171ot#5737: ***NANI?!??!!***
2017-12-14 14:58:37 @\U0001f171 \U0001f171ot#5737: ***NANI?!??!!***
2017-12-14 14:58:37 @\U0001f171 \U0001f171ot#5737: ***NANI?!??!!***
2017-12-14 14:58:37 @\U0001f171 \U0001f171ot#5737: ***NANI?!??!!***
2017-12-14 14:58:38 @\U0001f171 \U0001f171ot#5737: ***NANI?!??!!***
2017-12-14 14:58:43 @\U0001f171 \U0001f171ot#5737: ***NANI?!??!!***
2017-12-14 14:58:43 @\U0001f171 \U0001f171ot#5737: Omae wa mou Shindeiru
2017-12-14 14:58:43 @\U0001f171 \U0001f171ot#5737: ***NANI?!??!!***
2017-12-14 14:58:43 @\U0001f171 \U0001f171ot#5737: ***NANI?!??!!***
2017-12-14 14:58:43 @\U0001f171 \U0001f171ot#5737: Omae wa mou Shindeiru
2017-12-14 14:58:50 @\U0001f171 \U0001f171ot#5737: ***NANI?!??!!***
2017-12-14 14:58:50 @\U0001f171 \U0001f171ot#5737: Omae wa mou Shindeiru
2017-12-14 14:58:51 @\U0001f171 \U0001f171ot#5737:  (attachment saved to 390880323761864714_thot.gif)
2017-12-14 14:58:53 @\U0001f171 \U0001f171ot#5737:  (attachment saved to 390880333400244224_thot.gif)
2017-12-14 14:58:55 @\U0001f171 \U0001f171ot#5737:  (attachment saved to 390880342036447232_thot.gif)
2017-12-14 14:58:58 @\U0001f171 \U0001f171ot#5737:  (attachment saved to 390880352836648960_thot.gif)
2017-12-14 14:59:00 @\U0001f171 \U0001f171ot#5737:  (attachment saved to 390880362479353856_thot.gif)
2017-12-14 14:59:03 @\U0001f171 \U0001f171ot#5737:  (attachment saved to 390880371476004875_thot.gif)
2017-12-14 14:59:04 @\U0001f171 \U0001f171ot#5737: ***NANI?!??!!***
2017-12-14 14:59:04 @\U0001f171 \U0001f171ot#5737: ***NANI?!??!!***
2017-12-14 14:59:05 @\U0001f171 \U0001f171ot#5737: ***NANI?!??!!***
2017-12-14 14:59:05 @\U0001f171 \U0001f171ot#5737: ***NANI?!??!!***
2017-12-14 14:59:08 @\U0001f171 \U0001f171ot#5737: ***NANI?!??!!***
2017-12-14 14:59:10 @\U0001f171 \U0001f171ot#5737:  (attachment saved to 390880401394237440_thot.gif)
2017-12-14 14:59:11 @\U0001f171 \U0001f171ot#5737: ***NANI?!??!!***
2017-12-14 14:59:11 @\U0001f171 \U0001f171ot#5737: ***NANI?!??!!***
2017-12-14 14:59:12 @\U0001f171 \U0001f171ot#5737:  (attachment saved to 390880413641605141_thot.gif)
2017-12-14 14:59:14 @\U0001f171 \U0001f171ot#5737: ***NANI?!??!!***
2017-12-14 14:59:14 @\U0001f171 \U0001f171ot#5737: ***NANI?!??!!***
2017-12-14 14:59:14 @\U0001f171 \U0001f171ot#5737: ***NANI?!??!!***
2017-12-14 14:59:16 @\U0001f171 \U0001f171ot#5737:  (attachment saved to 390880426958520321_thot.gif)
2017-12-14 14:59:19 @\U0001f171 \U0001f171ot#5737:  (attachment saved to 390880441475006464_thot.gif)
2017-12-14 14:59:22 @\U0001f171 \U0001f171ot#5737:  (attachment saved to 390880451834937345_thot.gif)
2017-12-14 14:59:24 @\U0001f171 \U0001f171ot#5737: ***NANI?!??!!***
2017-12-14 14:59:24 @\U0001f171 \U0001f171ot#5737: ***NANI?!??!!***
2017-12-14 14:59:24 @\U0001f171 \U0001f171ot#5737: ***NANI?!??!!***
2017-12-14 14:59:25 @\U0001f171 \U0001f171ot#5737: ***NANI?!??!!***
2017-12-14 14:59:27 @\U0001f171 \U0001f171ot#5737: ***NANI?!??!!***
2017-12-14 14:59:27 @\U0001f171 \U0001f171ot#5737: ***NANI?!??!!***
2017-12-14 14:59:28 @\U0001f171 \U0001f171ot#5737: ***NANI?!??!!***
2017-12-14 14:59:28 @\U0001f171 \U0001f171ot#5737: ***NANI?!??!!***
2017-12-14 14:59:28 @\U0001f171 \U0001f171ot#5737: ***NANI?!??!!***
2017-12-14 14:59:33 @\U0001f171 \U0001f171ot#5737: ***NANI?!??!!***
2017-12-14 14:59:34 @\U0001f171 \U0001f171ot#5737:  (attachment saved to 390880504733499392_thot.gif)
2017-12-14 14:59:38 @\U0001f171 \U0001f171ot#5737:  (attachment saved to 390880515336699904_thot.gif)
2017-12-14 14:59:40 @\U0001f171 \U0001f171ot#5737:  (attachment saved to 390880526996865034_thot.gif)
2017-12-14 14:59:42 @\U0001f171 \U0001f171ot#5737:  (attachment saved to 390880536668667905_thot.gif)
2017-12-14 14:59:44 @\U0001f171 \U0001f171ot#5737:  (attachment saved to 390880545774764032_thot.gif)
2017-12-14 14:59:46 @\U0001f171 \U0001f171ot#5737:  (attachment saved to 390880554448322560_thot.gif)
2017-12-14 14:59:48 @\U0001f171 \U0001f171ot#5737:  (attachment saved to 390880562849775636_thot.gif)
2017-12-14 14:59:50 @\U0001f171 \U0001f171ot#5737: ***NANI?!??!!***
2017-12-14 14:59:50 @\U0001f171 \U0001f171ot#5737:  (attachment saved to 390880573230415873_thot.gif)
2017-12-14 14:59:53 @\U0001f171 \U0001f171ot#5737:  (attachment saved to 390880581275353093_thot.gif)
2017-12-14 14:59:54 @\U0001f171 \U0001f171ot#5737: ***NANI?!??!!***
2017-12-14 14:59:55 @\U0001f171 \U0001f171ot#5737:  (attachment saved to 390880593023336448_thot.gif)
2017-12-14 14:59:56 @\U0001f171 \U0001f171ot#5737: ***NANI?!??!!***
2017-12-14 14:59:57 @\U0001f171 \U0001f171ot#5737:  (attachment saved to 390880601223200780_thot.gif)
2017-12-14 15:00:00 @\U0001f171 \U0001f171ot#5737:  (attachment saved to 390880613386813440_thot.gif)
2017-12-14 15:00:02 @\U0001f171 \U0001f171ot#5737:  (attachment saved to 390880620940754964_thot.gif)
2017-12-14 15:00:05 @\U0001f171 \U0001f171ot#5737:  (attachment saved to 390880632148066314_thot.gif)
2017-12-14 15:00:07 @\U0001f171 \U0001f171ot#5737:  (attachment saved to 390880643246194689_thot.gif)
2017-12-14 15:00:10 @\U0001f171 \U0001f171ot#5737:  (attachment saved to 390880653023117312_thot.gif)
2017-12-14 15:00:12 @\U0001f171 \U0001f171ot#5737:  (attachment saved to 390880664473567232_thot.gif)
2017-12-14 15:00:16 @\U0001f171 \U0001f171ot#5737:  (attachment saved to 390880677827969024_thot.gif)
2017-12-14 15:00:20 @\U0001f171 \U0001f171ot#5737:  (attachment saved to 390880696954126336_thot.gif)
2017-12-14 15:00:22 @\U0001f171 \U0001f171ot#5737:  (attachment saved to 390880704202014720_thot.gif)
2017-12-14 15:00:24 @\U0001f171 \U0001f171ot#5737:  (attachment saved to 390880715027513345_thot.gif)
2017-12-14 15:00:27 @\U0001f171 \U0001f171ot#5737:  (attachment saved to 390880726045949962_thot.gif)
2017-12-14 15:00:29 @\U0001f171 \U0001f171ot#5737:  (attachment saved to 390880734623039488_thot.gif)
2017-12-14 15:00:31 @\U0001f171 \U0001f171ot#5737:  (attachment saved to 390880744903540737_thot.gif)
2017-12-14 15:00:34 @\U0001f171 \U0001f171ot#5737:  (attachment saved to 390880755565199360_thot.gif)
2017-12-14 15:00:38 @\U0001f171 \U0001f171ot#5737:  (attachment saved to 390880771050700820_thot.gif)
2017-12-14 15:00:40 @\U0001f171 \U0001f171ot#5737:  (attachment saved to 390880781880393729_thot.gif)
2017-12-14 15:00:42 @\U0001f171 \U0001f171ot#5737:  (attachment saved to 390880788352335873_thot.gif)
2017-12-14 15:00:44 @\U0001f171 \U0001f171ot#5737:  (attachment saved to 390880796443148289_thot.gif)
2017-12-14 15:00:45 @\U0001f171 \U0001f171ot#5737:  (attachment saved to 390880803770597378_thot.gif)
2017-12-14 15:00:48 @\U0001f171 \U0001f171ot#5737:  (attachment saved to 390880812440092673_thot.gif)
2017-12-14 15:00:50 @\U0001f171 \U0001f171ot#5737:  (attachment saved to 390880820774305792_thot.gif)
2017-12-14 15:00:52 @\U0001f171 \U0001f171ot#5737:  (attachment saved to 390880830542577664_thot.gif)
