2017-12-14 14:27:50 #logs @***REMOVED***\U0001f171Awesome#5067: $$logset server on
2017-12-14 14:27:50 #logs @\U0001f171 \U0001f171ot#5737: Logging enabled for The \U0001f171 \U0001f171ot Server
2017-12-15 00:03:14 #logs @FUCK AJIT PAI REEEEE#5067: $$adminset
2017-12-15 00:03:15 #logs @\U0001f171 \U0001f171ot#5737: ```\n$$adminset\n\nManage Admin settings\n\nCommands:\n  selfroles Set which roles users can set themselves.\n\nType $$adminset command for more info on a command.\nYou can also type $$adminset category for more info on a category.\n```
2017-12-15 00:03:21 #logs @FUCK AJIT PAI REEEEE#5067: $$say
2017-12-15 00:03:21 #logs @\U0001f171 \U0001f171ot#5737: ```\n$$say <text>\n\nBot repeats what you tell it to, utility for scheduler.\n\n```
2017-12-15 00:03:24 #logs @FUCK AJIT PAI REEEEE#5067: $$say test
2017-12-15 00:03:24 #logs @\U0001f171 \U0001f171ot#5737: test
2017-12-15 00:09:59 #logs @FUCK AJIT PAI REEEEE#5067: $$police
2017-12-15 00:09:59 #logs @\U0001f171 \U0001f171ot#5737: ```\n$$[border|grenzpolizei|polizei|police]\n\nCommands:\n  ban           Grab your hammer and swing it 'round.\n  ignorechannel Ignore a channel, this is a toggle\n  ignoremember  Ignore a member, this is a toggle\n  kick          Put on your boots and get it dirty.\n  setup         Setup your server for Grenzpolizei\n  warn          Give out a warning\n\nType $$police command for more info on a command.\nYou can also type $$police category for more info on a category.\n```
2017-12-15 00:10:02 #logs @FUCK AJIT PAI REEEEE#5067: $$police setup
2017-12-15 00:10:02 #logs @\U0001f171 \U0001f171ot#5737: The \U0001f171 \U0001f171ot Server
2017-12-15 00:10:00 #logs @\U0001f171 \U0001f171ot#5737 edited message from 2017-12-15 00:10:02 (The \U0001f171 \U0001f171ot Server) to read: The \U0001f171 \U0001f171ot Server
2017-12-15 00:10:12 #logs @\U0001f171 \U0001f171ot#5737: Do you want to track members joining? [y]es/[n]o
2017-12-15 00:10:16 #logs @FUCK AJIT PAI REEEEE#5067: y
2017-12-15 00:10:16 #logs @\U0001f171 \U0001f171ot#5737 edited message from 2017-12-15 00:10:12 (Do you want to track members joining? [y]es/[n]o) to read: **Do you want to track members joining? [y]es/[n]o Yes**
2017-12-15 00:10:14 #logs @FUCK AJIT PAI REEEEE#5067 deleted message from 2017-12-15 00:10:16 (y)
2017-12-15 00:10:17 #logs @\U0001f171 \U0001f171ot#5737: Do you want to track members being banned? [y]es/[n]o
2017-12-15 00:10:19 #logs @FUCK AJIT PAI REEEEE#5067: y
2017-12-15 00:10:19 #logs @\U0001f171 \U0001f171ot#5737 edited message from 2017-12-15 00:10:17 (Do you want to track members being banned? [y]es/[n]o) to read: **Do you want to track members being banned? [y]es/[n]o Yes**
2017-12-15 00:10:17 #logs @FUCK AJIT PAI REEEEE#5067 deleted message from 2017-12-15 00:10:19 (y)
2017-12-15 00:10:19 #logs @\U0001f171 \U0001f171ot#5737: Do you want to track members being unbanned? [y]es/[n]o
2017-12-15 00:10:21 #logs @FUCK AJIT PAI REEEEE#5067: y
2017-12-15 00:10:21 #logs @\U0001f171 \U0001f171ot#5737 edited message from 2017-12-15 00:10:19 (Do you want to track members being unbanned? [y]es/[n]o) to read: **Do you want to track members being unbanned? [y]es/[n]o Yes**
2017-12-15 00:10:19 #logs @FUCK AJIT PAI REEEEE#5067 deleted message from 2017-12-15 00:10:21 (y)
2017-12-15 00:10:21 #logs @\U0001f171 \U0001f171ot#5737: Do you want to track members leaving this server? [y]es/[n]o
2017-12-15 00:10:24 #logs @FUCK AJIT PAI REEEEE#5067: y
2017-12-15 00:10:24 #logs @\U0001f171 \U0001f171ot#5737 edited message from 2017-12-15 00:10:21 (Do you want to track members leaving this server? [y]es/[n]o) to read: **Do you want to track members leaving this server? [y]es/[n]o Yes**
2017-12-15 00:10:22 #logs @FUCK AJIT PAI REEEEE#5067 deleted message from 2017-12-15 00:10:24 (y)
2017-12-15 00:10:24 #logs @\U0001f171 \U0001f171ot#5737: Do you want to track member changes? [y]es/[n]o
2017-12-15 00:10:25 #logs @FUCK AJIT PAI REEEEE#5067: y
2017-12-15 00:10:25 #logs @\U0001f171 \U0001f171ot#5737 edited message from 2017-12-15 00:10:24 (Do you want to track member changes? [y]es/[n]o) to read: **Do you want to track member changes? [y]es/[n]o Yes**
2017-12-15 00:10:24 #logs @FUCK AJIT PAI REEEEE#5067 deleted message from 2017-12-15 00:10:25 (y)
2017-12-15 00:10:26 #logs @\U0001f171 \U0001f171ot#5737: Do you want to track voice channel changes? [y]es/[n]o
2017-12-15 00:10:27 #logs @FUCK AJIT PAI REEEEE#5067: y
2017-12-15 00:10:27 #logs @\U0001f171 \U0001f171ot#5737 edited message from 2017-12-15 00:10:26 (Do you want to track voice channel changes? [y]es/[n]o) to read: **Do you want to track voice channel changes? [y]es/[n]o Yes**
2017-12-15 00:10:25 #logs @FUCK AJIT PAI REEEEE#5067 deleted message from 2017-12-15 00:10:27 (y)
2017-12-15 00:10:27 #logs @\U0001f171 \U0001f171ot#5737: Do you want to track message deletion? [y]es/[n]o
2017-12-15 00:10:28 #logs @FUCK AJIT PAI REEEEE#5067: y
2017-12-15 00:10:28 #logs @\U0001f171 \U0001f171ot#5737 edited message from 2017-12-15 00:10:27 (Do you want to track message deletion? [y]es/[n]o) to read: **Do you want to track message deletion? [y]es/[n]o Yes**
2017-12-15 00:10:26 #logs @FUCK AJIT PAI REEEEE#5067 deleted message from 2017-12-15 00:10:28 (y)
2017-12-15 00:10:28 #logs @\U0001f171 \U0001f171ot#5737: Do you want to track message editing? [y]es/[n]o
2017-12-15 00:10:29 #logs @FUCK AJIT PAI REEEEE#5067: y
2017-12-15 00:10:30 #logs @\U0001f171 \U0001f171ot#5737 edited message from 2017-12-15 00:10:28 (Do you want to track message editing? [y]es/[n]o) to read: **Do you want to track message editing? [y]es/[n]o Yes**
2017-12-15 00:10:28 #logs @FUCK AJIT PAI REEEEE#5067 deleted message from 2017-12-15 00:10:29 (y)
2017-12-15 00:10:30 #logs @\U0001f171 \U0001f171ot#5737: Do you want to track channel creation? [y]es/[n]o
2017-12-15 00:10:31 #logs @FUCK AJIT PAI REEEEE#5067: y
2017-12-15 00:10:31 #logs @\U0001f171 \U0001f171ot#5737 edited message from 2017-12-15 00:10:30 (Do you want to track channel creation? [y]es/[n]o) to read: **Do you want to track channel creation? [y]es/[n]o Yes**
2017-12-15 00:10:29 #logs @FUCK AJIT PAI REEEEE#5067 deleted message from 2017-12-15 00:10:31 (y)
2017-12-15 00:10:31 #logs @\U0001f171 \U0001f171ot#5737: Do you want to track channel deletion? [y]es/[n]o
2017-12-15 00:10:32 #logs @FUCK AJIT PAI REEEEE#5067: y
2017-12-15 00:10:33 #logs @\U0001f171 \U0001f171ot#5737 edited message from 2017-12-15 00:10:31 (Do you want to track channel deletion? [y]es/[n]o) to read: **Do you want to track channel deletion? [y]es/[n]o Yes**
2017-12-15 00:10:31 #logs @FUCK AJIT PAI REEEEE#5067 deleted message from 2017-12-15 00:10:32 (y)
2017-12-15 00:10:33 #logs @\U0001f171 \U0001f171ot#5737: Do you want to track channel updates? [y]es/[n]o
2017-12-15 00:10:34 #logs @FUCK AJIT PAI REEEEE#5067: y
2017-12-15 00:10:34 #logs @\U0001f171 \U0001f171ot#5737 edited message from 2017-12-15 00:10:33 (Do you want to track channel updates? [y]es/[n]o) to read: **Do you want to track channel updates? [y]es/[n]o Yes**
2017-12-15 00:10:32 #logs @FUCK AJIT PAI REEEEE#5067 deleted message from 2017-12-15 00:10:34 (y)
2017-12-15 00:10:34 #logs @\U0001f171 \U0001f171ot#5737: Do you want to track role creation? [y]es/[n]o
2017-12-15 00:10:35 #logs @FUCK AJIT PAI REEEEE#5067: y
2017-12-15 00:10:35 #logs @\U0001f171 \U0001f171ot#5737 edited message from 2017-12-15 00:10:34 (Do you want to track role creation? [y]es/[n]o) to read: **Do you want to track role creation? [y]es/[n]o Yes**
2017-12-15 00:10:33 #logs @FUCK AJIT PAI REEEEE#5067 deleted message from 2017-12-15 00:10:35 (y)
2017-12-15 00:10:35 #logs @\U0001f171 \U0001f171ot#5737: Do you want to track role deletion? [y]es/[n]o
2017-12-15 00:10:36 #logs @FUCK AJIT PAI REEEEE#5067: y
2017-12-15 00:10:36 #logs @\U0001f171 \U0001f171ot#5737 edited message from 2017-12-15 00:10:35 (Do you want to track role deletion? [y]es/[n]o) to read: **Do you want to track role deletion? [y]es/[n]o Yes**
2017-12-15 00:10:34 #logs @FUCK AJIT PAI REEEEE#5067 deleted message from 2017-12-15 00:10:36 (y)
2017-12-15 00:10:36 #logs @\U0001f171 \U0001f171ot#5737: Do you want to track role updates? [y]es/[n]o
2017-12-15 00:10:37 #logs @FUCK AJIT PAI REEEEE#5067: y
2017-12-15 00:10:37 #logs @\U0001f171 \U0001f171ot#5737 edited message from 2017-12-15 00:10:36 (Do you want to track role updates? [y]es/[n]o) to read: **Do you want to track role updates? [y]es/[n]o Yes**
2017-12-15 00:10:36 #logs @FUCK AJIT PAI REEEEE#5067 deleted message from 2017-12-15 00:10:37 (y)
2017-12-15 00:10:38 #logs @\U0001f171 \U0001f171ot#5737: Do you want to track member warnings? [y]es/[n]o
2017-12-15 00:10:38 #logs @FUCK AJIT PAI REEEEE#5067: y
2017-12-15 00:10:38 #logs @\U0001f171 \U0001f171ot#5737 edited message from 2017-12-15 00:10:38 (Do you want to track member warnings? [y]es/[n]o) to read: **Do you want to track member warnings? [y]es/[n]o Yes**
2017-12-15 00:10:37 #logs @FUCK AJIT PAI REEEEE#5067 deleted message from 2017-12-15 00:10:38 (y)
2017-12-15 00:10:39 #logs @\U0001f171 \U0001f171ot#5737: Do you want to track member kick warnings? [y]es/[n]o
2017-12-15 00:10:39 #logs @FUCK AJIT PAI REEEEE#5067: y
2017-12-15 00:10:40 #logs @\U0001f171 \U0001f171ot#5737 edited message from 2017-12-15 00:10:39 (Do you want to track member kick warnings? [y]es/[n]o) to read: **Do you want to track member kick warnings? [y]es/[n]o Yes**
2017-12-15 00:10:38 #logs @FUCK AJIT PAI REEEEE#5067 deleted message from 2017-12-15 00:10:39 (y)
2017-12-15 00:10:40 #logs @\U0001f171 \U0001f171ot#5737: Do you want to track member ban warnings? [y]es/[n]o
2017-12-15 00:10:40 #logs @FUCK AJIT PAI REEEEE#5067: y
2017-12-15 00:10:41 #logs @\U0001f171 \U0001f171ot#5737 edited message from 2017-12-15 00:10:40 (Do you want to track member ban warnings? [y]es/[n]o) to read: **Do you want to track member ban warnings? [y]es/[n]o Yes**
2017-12-15 00:10:39 #logs @FUCK AJIT PAI REEEEE#5067 deleted message from 2017-12-15 00:10:40 (y)
2017-12-15 00:10:41 #logs @\U0001f171 \U0001f171ot#5737: Which channel do you want to use for member events? (please mention the channel)
2017-12-15 00:10:41 #logs @FUCK AJIT PAI REEEEE#5067: y
2017-12-15 00:10:42 #logs @\U0001f171 \U0001f171ot#5737: `Error in command 'border setup'. Check your console or logs for details.`
2017-12-15 00:10:57 #logs @FUCK AJIT PAI REEEEE#5067: #logs
2017-12-15 00:11:03 #logs @FUCK AJIT PAI REEEEE#5067: $$police setup
2017-12-15 00:11:03 #logs @\U0001f171 \U0001f171ot#5737: The \U0001f171 \U0001f171ot Server
2017-12-15 00:11:01 #logs @\U0001f171 \U0001f171ot#5737 edited message from 2017-12-15 00:11:03 (The \U0001f171 \U0001f171ot Server) to read: The \U0001f171 \U0001f171ot Server
2017-12-15 00:11:13 #logs @\U0001f171 \U0001f171ot#5737: Do you want to track members joining? [y]es/[n]o
2017-12-15 00:11:15 #logs @FUCK AJIT PAI REEEEE#5067: y
2017-12-15 00:11:15 #logs @\U0001f171 \U0001f171ot#5737 edited message from 2017-12-15 00:11:13 (Do you want to track members joining? [y]es/[n]o) to read: **Do you want to track members joining? [y]es/[n]o Yes**
2017-12-15 00:11:13 #logs @FUCK AJIT PAI REEEEE#5067 deleted message from 2017-12-15 00:11:15 (y)
2017-12-15 00:11:15 #logs @FUCK AJIT PAI REEEEE#5067: y
2017-12-15 00:11:15 #logs @\U0001f171 \U0001f171ot#5737: Do you want to track members being banned? [y]es/[n]o
2017-12-15 00:11:16 #logs @FUCK AJIT PAI REEEEE#5067: y
2017-12-15 00:11:16 #logs @\U0001f171 \U0001f171ot#5737 edited message from 2017-12-15 00:11:15 (Do you want to track members being banned? [y]es/[n]o) to read: **Do you want to track members being banned? [y]es/[n]o Yes**
2017-12-15 00:11:14 #logs @FUCK AJIT PAI REEEEE#5067 deleted message from 2017-12-15 00:11:16 (y)
2017-12-15 00:11:16 #logs @\U0001f171 \U0001f171ot#5737: Do you want to track members being unbanned? [y]es/[n]o
2017-12-15 00:11:17 #logs @FUCK AJIT PAI REEEEE#5067: y
2017-12-15 00:11:17 #logs @\U0001f171 \U0001f171ot#5737 edited message from 2017-12-15 00:11:16 (Do you want to track members being unbanned? [y]es/[n]o) to read: **Do you want to track members being unbanned? [y]es/[n]o Yes**
2017-12-15 00:11:15 #logs @FUCK AJIT PAI REEEEE#5067 deleted message from 2017-12-15 00:11:17 (y)
2017-12-15 00:11:17 #logs @\U0001f171 \U0001f171ot#5737: Do you want to track members leaving this server? [y]es/[n]o
2017-12-15 00:11:17 #logs @FUCK AJIT PAI REEEEE#5067: y
2017-12-15 00:11:17 #logs @\U0001f171 \U0001f171ot#5737 edited message from 2017-12-15 00:11:17 (Do you want to track members leaving this server? [y]es/[n]o) to read: **Do you want to track members leaving this server? [y]es/[n]o Yes**
2017-12-15 00:11:15 #logs @FUCK AJIT PAI REEEEE#5067 deleted message from 2017-12-15 00:11:17 (y)
2017-12-15 00:11:18 #logs @\U0001f171 \U0001f171ot#5737: Do you want to track member changes? [y]es/[n]o
2017-12-15 00:11:18 #logs @FUCK AJIT PAI REEEEE#5067: y
2017-12-15 00:11:18 #logs @\U0001f171 \U0001f171ot#5737 edited message from 2017-12-15 00:11:18 (Do you want to track member changes? [y]es/[n]o) to read: **Do you want to track member changes? [y]es/[n]o Yes**
2017-12-15 00:11:16 #logs @FUCK AJIT PAI REEEEE#5067 deleted message from 2017-12-15 00:11:18 (y)
2017-12-15 00:11:18 #logs @FUCK AJIT PAI REEEEE#5067: y
2017-12-15 00:11:18 #logs @FUCK AJIT PAI REEEEE#5067: y
2017-12-15 00:11:19 #logs @\U0001f171 \U0001f171ot#5737: Do you want to track voice channel changes? [y]es/[n]o
2017-12-15 00:11:19 #logs @FUCK AJIT PAI REEEEE#5067: y
2017-12-15 00:11:21 #logs @\U0001f171 \U0001f171ot#5737 edited message from 2017-12-15 00:11:19 (Do you want to track voice channel changes? [y]es/[n]o) to read: **Do you want to track voice channel changes? [y]es/[n]o Yes**
2017-12-15 00:11:19 #logs @FUCK AJIT PAI REEEEE#5067 deleted message from 2017-12-15 00:11:19 (y)
2017-12-15 00:11:21 #logs @\U0001f171 \U0001f171ot#5737: Do you want to track message deletion? [y]es/[n]o
2017-12-15 00:11:21 #logs @FUCK AJIT PAI REEEEE#5067: y
2017-12-15 00:11:21 #logs @\U0001f171 \U0001f171ot#5737 edited message from 2017-12-15 00:11:21 (Do you want to track message deletion? [y]es/[n]o) to read: **Do you want to track message deletion? [y]es/[n]o Yes**
2017-12-15 00:11:20 #logs @FUCK AJIT PAI REEEEE#5067 deleted message from 2017-12-15 00:11:21 (y)
2017-12-15 00:11:22 #logs @\U0001f171 \U0001f171ot#5737: Do you want to track message editing? [y]es/[n]o
2017-12-15 00:11:25 #logs @FUCK AJIT PAI REEEEE#5067: y
2017-12-15 00:11:25 #logs @\U0001f171 \U0001f171ot#5737 edited message from 2017-12-15 00:11:22 (Do you want to track message editing? [y]es/[n]o) to read: **Do you want to track message editing? [y]es/[n]o Yes**
2017-12-15 00:11:23 #logs @FUCK AJIT PAI REEEEE#5067 deleted message from 2017-12-15 00:11:25 (y)
2017-12-15 00:11:25 #logs @\U0001f171 \U0001f171ot#5737: Do you want to track channel creation? [y]es/[n]o
2017-12-15 00:11:26 #logs @FUCK AJIT PAI REEEEE#5067: y
2017-12-15 00:11:26 #logs @\U0001f171 \U0001f171ot#5737 edited message from 2017-12-15 00:11:25 (Do you want to track channel creation? [y]es/[n]o) to read: **Do you want to track channel creation? [y]es/[n]o Yes**
2017-12-15 00:11:24 #logs @FUCK AJIT PAI REEEEE#5067 deleted message from 2017-12-15 00:11:26 (y)
2017-12-15 00:11:26 #logs @\U0001f171 \U0001f171ot#5737: Do you want to track channel deletion? [y]es/[n]o
2017-12-15 00:11:26 #logs @FUCK AJIT PAI REEEEE#5067: y
2017-12-15 00:11:27 #logs @\U0001f171 \U0001f171ot#5737 edited message from 2017-12-15 00:11:26 (Do you want to track channel deletion? [y]es/[n]o) to read: **Do you want to track channel deletion? [y]es/[n]o Yes**
2017-12-15 00:11:25 #logs @FUCK AJIT PAI REEEEE#5067 deleted message from 2017-12-15 00:11:26 (y)
2017-12-15 00:11:27 #logs @\U0001f171 \U0001f171ot#5737: Do you want to track channel updates? [y]es/[n]o
2017-12-15 00:11:27 #logs @FUCK AJIT PAI REEEEE#5067: y
2017-12-15 00:11:27 #logs @\U0001f171 \U0001f171ot#5737 edited message from 2017-12-15 00:11:27 (Do you want to track channel updates? [y]es/[n]o) to read: **Do you want to track channel updates? [y]es/[n]o Yes**
2017-12-15 00:11:26 #logs @FUCK AJIT PAI REEEEE#5067 deleted message from 2017-12-15 00:11:27 (y)
2017-12-15 00:11:28 #logs @\U0001f171 \U0001f171ot#5737: Do you want to track role creation? [y]es/[n]o
2017-12-15 00:11:28 #logs @FUCK AJIT PAI REEEEE#5067: y
2017-12-15 00:11:28 #logs @\U0001f171 \U0001f171ot#5737 edited message from 2017-12-15 00:11:28 (Do you want to track role creation? [y]es/[n]o) to read: **Do you want to track role creation? [y]es/[n]o Yes**
2017-12-15 00:11:26 #logs @FUCK AJIT PAI REEEEE#5067 deleted message from 2017-12-15 00:11:28 (y)
2017-12-15 00:11:28 #logs @\U0001f171 \U0001f171ot#5737: Do you want to track role deletion? [y]es/[n]o
2017-12-15 00:11:29 #logs @FUCK AJIT PAI REEEEE#5067: y
2017-12-15 00:11:29 #logs @\U0001f171 \U0001f171ot#5737 edited message from 2017-12-15 00:11:28 (Do you want to track role deletion? [y]es/[n]o) to read: **Do you want to track role deletion? [y]es/[n]o Yes**
2017-12-15 00:11:27 #logs @FUCK AJIT PAI REEEEE#5067 deleted message from 2017-12-15 00:11:29 (y)
2017-12-15 00:11:29 #logs @FUCK AJIT PAI REEEEE#5067: y
2017-12-15 00:11:31 #logs @\U0001f171 \U0001f171ot#5737: Do you want to track role updates? [y]es/[n]o
2017-12-15 00:11:33 #logs @FUCK AJIT PAI REEEEE#5067: y
2017-12-15 00:11:33 #logs @\U0001f171 \U0001f171ot#5737 edited message from 2017-12-15 00:11:31 (Do you want to track role updates? [y]es/[n]o) to read: **Do you want to track role updates? [y]es/[n]o Yes**
2017-12-15 00:11:31 #logs @FUCK AJIT PAI REEEEE#5067 deleted message from 2017-12-15 00:11:33 (y)
2017-12-15 00:11:33 #logs @\U0001f171 \U0001f171ot#5737: Do you want to track member warnings? [y]es/[n]o
2017-12-15 00:11:34 #logs @FUCK AJIT PAI REEEEE#5067: y
2017-12-15 00:11:34 #logs @\U0001f171 \U0001f171ot#5737 edited message from 2017-12-15 00:11:33 (Do you want to track member warnings? [y]es/[n]o) to read: **Do you want to track member warnings? [y]es/[n]o Yes**
2017-12-15 00:11:32 #logs @FUCK AJIT PAI REEEEE#5067 deleted message from 2017-12-15 00:11:34 (y)
2017-12-15 00:11:34 #logs @\U0001f171 \U0001f171ot#5737: Do you want to track member kick warnings? [y]es/[n]o
2017-12-15 00:11:35 #logs @FUCK AJIT PAI REEEEE#5067: y
2017-12-15 00:11:35 #logs @\U0001f171 \U0001f171ot#5737 edited message from 2017-12-15 00:11:34 (Do you want to track member kick warnings? [y]es/[n]o) to read: **Do you want to track member kick warnings? [y]es/[n]o Yes**
2017-12-15 00:11:33 #logs @FUCK AJIT PAI REEEEE#5067 deleted message from 2017-12-15 00:11:35 (y)
2017-12-15 00:11:36 #logs @\U0001f171 \U0001f171ot#5737: Do you want to track member ban warnings? [y]es/[n]o
2017-12-15 00:11:36 #logs @FUCK AJIT PAI REEEEE#5067: y
2017-12-15 00:11:36 #logs @\U0001f171 \U0001f171ot#5737 edited message from 2017-12-15 00:11:36 (Do you want to track member ban warnings? [y]es/[n]o) to read: **Do you want to track member ban warnings? [y]es/[n]o Yes**
2017-12-15 00:11:34 #logs @FUCK AJIT PAI REEEEE#5067 deleted message from 2017-12-15 00:11:36 (y)
2017-12-15 00:11:37 #logs @\U0001f171 \U0001f171ot#5737: Which channel do you want to use for member events? (please mention the channel)
2017-12-15 00:11:39 #logs @FUCK AJIT PAI REEEEE#5067: #logs
2017-12-15 00:11:39 #logs @\U0001f171 \U0001f171ot#5737 edited message from 2017-12-15 00:11:37 (Which channel do you want to use for member events? (please mention the channel)) to read: **Which channel do you want to use for member events? (please mention the channel)**
2017-12-15 00:11:39 #logs @\U0001f171 \U0001f171ot#5737: Which channel do you want to use for message events? (please mention the channel)
2017-12-15 00:11:48 #logs @FUCK AJIT PAI REEEEE#5067: #logs
2017-12-15 00:11:48 #logs @\U0001f171 \U0001f171ot#5737 edited message from 2017-12-15 00:11:39 (Which channel do you want to use for message events? (please mention the channel)) to read: **Which channel do you want to use for message events? (please mention the channel)**
2017-12-15 00:11:48 #logs @\U0001f171 \U0001f171ot#5737: Which channel do you want to use for server events? (please mention the channel)
2017-12-15 00:11:51 #logs @FUCK AJIT PAI REEEEE#5067: #logs
2017-12-15 00:11:52 #logs @\U0001f171 \U0001f171ot#5737 edited message from 2017-12-15 00:11:48 (Which channel do you want to use for server events? (please mention the channel)) to read: **Which channel do you want to use for server events? (please mention the channel)**
2017-12-15 00:11:52 #logs @\U0001f171 \U0001f171ot#5737: Which channel do you want to use for modding events? (please mention the channel)
2017-12-15 00:11:54 #logs @FUCK AJIT PAI REEEEE#5067: #logs
2017-12-15 00:11:55 #logs @\U0001f171 \U0001f171ot#5737 edited message from 2017-12-15 00:11:52 (Which channel do you want to use for modding events? (please mention the channel)) to read: **Which channel do you want to use for modding events? (please mention the channel)**
2017-12-15 00:11:55 #logs @\U0001f171 \U0001f171ot#5737: You're all set up right now!
2017-12-15 00:18:28 #logs @FUCK AJIT PAI REEEEE#5067: test
2017-12-15 01:34:32 #logs @\U0001f171 \U0001f171ot#5737: 
2017-12-15 01:34:32 #logs @Dyno#0000: 
2017-12-15 01:34:30 #logs @\U0001f171 \U0001f171ot#5737 edited message from 2017-12-15 01:34:32 () to read: 
2017-12-15 01:34:31 #logs @Dyno#0000 edited message from 2017-12-15 01:34:32 () to read: 
2017-12-15 01:35:29 #logs @\U0001f171 \U0001f171ot#5737: 
2017-12-15 01:35:27 #logs @\U0001f171 \U0001f171ot#5737 edited message from 2017-12-15 01:35:29 () to read: 
2017-12-15 01:35:35 #logs @Dyno#0000: 
2017-12-15 01:35:35 #logs @\U0001f171 \U0001f171ot#5737: 
2017-12-15 01:35:33 #logs @\U0001f171 \U0001f171ot#5737 edited message from 2017-12-15 01:35:35 () to read: 
2017-12-15 01:35:54 #logs @\U0001f171 \U0001f171ot#5737: 
2017-12-15 01:35:53 #logs @\U0001f171 \U0001f171ot#5737 edited message from 2017-12-15 01:35:54 () to read: 
2017-12-15 01:35:55 #logs @\U0001f171 \U0001f171ot#5737: 
2017-12-15 01:35:53 #logs @\U0001f171 \U0001f171ot#5737 edited message from 2017-12-15 01:35:55 () to read: 
2017-12-15 01:35:55 #logs @\U0001f171 \U0001f171ot#5737: 
2017-12-15 01:35:53 #logs @\U0001f171 \U0001f171ot#5737 edited message from 2017-12-15 01:35:55 () to read: 
2017-12-15 01:35:55 #logs @\U0001f171 \U0001f171ot#5737: 
2017-12-15 01:35:53 #logs @\U0001f171 \U0001f171ot#5737 edited message from 2017-12-15 01:35:55 () to read: 
2017-12-15 01:35:55 #logs @\U0001f171 \U0001f171ot#5737: 
2017-12-15 01:35:53 #logs @\U0001f171 \U0001f171ot#5737 edited message from 2017-12-15 01:35:55 () to read: 
2017-12-15 01:35:59 #logs @Dyno#0000: 
2017-12-15 01:36:01 #logs @Dyno#0000: 
2017-12-15 01:36:01 #logs @\U0001f171 \U0001f171ot#5737: 
2017-12-15 01:35:59 #logs @\U0001f171 \U0001f171ot#5737 edited message from 2017-12-15 01:36:01 () to read: 
2017-12-15 01:36:01 #logs @\U0001f171 \U0001f171ot#5737: 
2017-12-15 01:35:59 #logs @\U0001f171 \U0001f171ot#5737 edited message from 2017-12-15 01:36:01 () to read: 
2017-12-15 01:36:02 #logs @\U0001f171 \U0001f171ot#5737: 
2017-12-15 01:36:00 #logs @\U0001f171 \U0001f171ot#5737 edited message from 2017-12-15 01:36:02 () to read: 
2017-12-15 01:36:02 #logs @\U0001f171 \U0001f171ot#5737: 
2017-12-15 01:36:00 #logs @\U0001f171 \U0001f171ot#5737 edited message from 2017-12-15 01:36:02 () to read: 
2017-12-15 01:36:02 #logs @\U0001f171 \U0001f171ot#5737: 
2017-12-15 01:36:00 #logs @\U0001f171 \U0001f171ot#5737 edited message from 2017-12-15 01:36:02 () to read: 
2017-12-15 01:36:03 #logs @Dyno#0000: 
2017-12-15 01:36:07 #logs @\U0001f171 \U0001f171ot#5737: 
2017-12-15 01:36:05 #logs @\U0001f171 \U0001f171ot#5737 edited message from 2017-12-15 01:36:07 () to read: 
2017-12-15 01:36:07 #logs @\U0001f171 \U0001f171ot#5737: 
2017-12-15 01:36:05 #logs @\U0001f171 \U0001f171ot#5737 edited message from 2017-12-15 01:36:07 () to read: 
2017-12-15 01:36:09 #logs @Dyno#0000: 
2017-12-15 01:36:09 #logs @\U0001f171 \U0001f171ot#5737: 
2017-12-15 01:36:07 #logs @\U0001f171 \U0001f171ot#5737 edited message from 2017-12-15 01:36:09 () to read: 
2017-12-15 01:37:07 #logs @Dyno#0000: 
2017-12-15 01:37:07 #logs @\U0001f171 \U0001f171ot#5737: 
2017-12-15 01:37:05 #logs @\U0001f171 \U0001f171ot#5737 edited message from 2017-12-15 01:37:07 () to read: 
2017-12-15 01:37:45 #logs @\U0001f171 \U0001f171ot#5737: 
2017-12-15 01:37:45 #logs @Dyno#0000: 
2017-12-15 01:37:43 #logs @\U0001f171 \U0001f171ot#5737 edited message from 2017-12-15 01:37:45 () to read: 
2017-12-15 01:37:59 #logs @Dyno#0000: 
2017-12-15 01:37:59 #logs @\U0001f171 \U0001f171ot#5737: 
2017-12-15 01:37:57 #logs @\U0001f171 \U0001f171ot#5737 edited message from 2017-12-15 01:37:59 () to read: 
2017-12-15 01:39:07 #logs @\U0001f171 \U0001f171ot#5737: 
2017-12-15 01:39:05 #logs @\U0001f171 \U0001f171ot#5737 edited message from 2017-12-15 01:39:07 () to read: 
2017-12-15 01:39:10 #logs @Dyno#0000: 
2017-12-15 01:39:29 #logs @Dyno#0000: 
2017-12-15 01:39:30 #logs @\U0001f171 \U0001f171ot#5737: 
2017-12-15 01:39:28 #logs @\U0001f171 \U0001f171ot#5737 edited message from 2017-12-15 01:39:30 () to read: 
2017-12-15 01:39:45 #logs @Dyno#0000: 
2017-12-15 01:39:45 #logs @\U0001f171 \U0001f171ot#5737: 
2017-12-15 01:39:43 #logs @\U0001f171 \U0001f171ot#5737 edited message from 2017-12-15 01:39:45 () to read: 
2017-12-15 01:39:59 #logs @Dyno#0000: 
2017-12-15 01:39:59 #logs @\U0001f171 \U0001f171ot#5737: 
2017-12-15 01:39:57 #logs @\U0001f171 \U0001f171ot#5737 edited message from 2017-12-15 01:39:59 () to read: 
2017-12-15 01:41:07 #logs @Dyno#0000: 
2017-12-15 01:41:07 #logs @\U0001f171 \U0001f171ot#5737: 
2017-12-15 01:41:05 #logs @\U0001f171 \U0001f171ot#5737 edited message from 2017-12-15 01:41:07 () to read: 
2017-12-15 01:41:45 #logs @Dyno#0000: 
2017-12-15 01:41:45 #logs @\U0001f171 \U0001f171ot#5737: 
2017-12-15 01:41:43 #logs @\U0001f171 \U0001f171ot#5737 edited message from 2017-12-15 01:41:45 () to read: 
2017-12-15 01:41:59 #logs @Dyno#0000: 
2017-12-15 01:41:59 #logs @\U0001f171 \U0001f171ot#5737: 
2017-12-15 01:41:57 #logs @\U0001f171 \U0001f171ot#5737 edited message from 2017-12-15 01:41:59 () to read: 
2017-12-15 01:42:49 #logs @\U0001f171 \U0001f171ot#5737: 
2017-12-15 01:42:47 #logs @\U0001f171 \U0001f171ot#5737 edited message from 2017-12-15 01:42:49 () to read: 
2017-12-15 01:42:50 #logs @Dyno#0000: 
2017-12-15 01:43:07 #logs @\U0001f171 \U0001f171ot#5737: 
2017-12-15 01:43:05 #logs @\U0001f171 \U0001f171ot#5737 edited message from 2017-12-15 01:43:07 () to read: 
2017-12-15 01:43:08 #logs @Dyno#0000: 
2017-12-15 01:43:46 #logs @Dyno#0000: 
2017-12-15 01:43:46 #logs @\U0001f171 \U0001f171ot#5737: 
2017-12-15 01:43:44 #logs @\U0001f171 \U0001f171ot#5737 edited message from 2017-12-15 01:43:46 () to read: 
2017-12-15 01:43:59 #logs @Dyno#0000: 
2017-12-15 01:43:59 #logs @\U0001f171 \U0001f171ot#5737: 
2017-12-15 01:43:57 #logs @\U0001f171 \U0001f171ot#5737 edited message from 2017-12-15 01:43:59 () to read: 
2017-12-15 01:44:34 #logs @Dyno#0000: 
2017-12-15 01:44:35 #logs @\U0001f171 \U0001f171ot#5737: 
2017-12-15 01:44:33 #logs @\U0001f171 \U0001f171ot#5737 edited message from 2017-12-15 01:44:35 () to read: 
2017-12-15 01:45:08 #logs @Dyno#0000: 
2017-12-15 01:45:08 #logs @\U0001f171 \U0001f171ot#5737: 
2017-12-15 01:45:06 #logs @\U0001f171 \U0001f171ot#5737 edited message from 2017-12-15 01:45:08 () to read: 
2017-12-15 01:45:46 #logs @\U0001f171 \U0001f171ot#5737: 
2017-12-15 01:45:44 #logs @\U0001f171 \U0001f171ot#5737 edited message from 2017-12-15 01:45:46 () to read: 
2017-12-15 01:45:48 #logs @Dyno#0000: 
2017-12-15 01:45:59 #logs @Dyno#0000: 
2017-12-15 01:46:00 #logs @\U0001f171 \U0001f171ot#5737: 
2017-12-15 01:45:58 #logs @\U0001f171 \U0001f171ot#5737 edited message from 2017-12-15 01:46:00 () to read: 
2017-12-15 01:46:09 #logs @Dyno#0000: 
2017-12-15 01:46:09 #logs @\U0001f171 \U0001f171ot#5737: 
2017-12-15 01:46:07 #logs @\U0001f171 \U0001f171ot#5737 edited message from 2017-12-15 01:46:09 () to read: 
2017-12-15 01:46:35 #logs @Dyno#0000: 
2017-12-15 01:46:35 #logs @\U0001f171 \U0001f171ot#5737: 
2017-12-15 01:46:33 #logs @\U0001f171 \U0001f171ot#5737 edited message from 2017-12-15 01:46:35 () to read: 
2017-12-15 01:47:08 #logs @Dyno#0000: 
2017-12-15 01:47:08 #logs @\U0001f171 \U0001f171ot#5737: 
2017-12-15 01:47:06 #logs @\U0001f171 \U0001f171ot#5737 edited message from 2017-12-15 01:47:08 () to read: 
2017-12-15 01:47:46 #logs @Dyno#0000: 
2017-12-15 01:47:46 #logs @\U0001f171 \U0001f171ot#5737: 
2017-12-15 01:47:44 #logs @\U0001f171 \U0001f171ot#5737 edited message from 2017-12-15 01:47:46 () to read: 
2017-12-15 01:48:00 #logs @\U0001f171 \U0001f171ot#5737: 
2017-12-15 01:47:58 #logs @\U0001f171 \U0001f171ot#5737 edited message from 2017-12-15 01:48:00 () to read: 
2017-12-15 01:48:00 #logs @Dyno#0000: 
2017-12-15 01:48:15 #logs @Dyno#0000: 
2017-12-15 01:48:15 #logs @\U0001f171 \U0001f171ot#5737: 
2017-12-15 01:48:13 #logs @\U0001f171 \U0001f171ot#5737 edited message from 2017-12-15 01:48:15 () to read: 
2017-12-15 01:48:16 #logs @Dyno#0000: 
2017-12-15 01:48:16 #logs @\U0001f171 \U0001f171ot#5737: 
2017-12-15 01:48:14 #logs @\U0001f171 \U0001f171ot#5737 edited message from 2017-12-15 01:48:16 () to read: 
2017-12-15 01:48:17 #logs @Dyno#0000: 
2017-12-15 01:48:17 #logs @\U0001f171 \U0001f171ot#5737: 
2017-12-15 01:48:16 #logs @\U0001f171 \U0001f171ot#5737 edited message from 2017-12-15 01:48:17 () to read: 
2017-12-15 01:48:19 #logs @Dyno#0000: 
2017-12-15 01:48:19 #logs @\U0001f171 \U0001f171ot#5737: 
2017-12-15 01:48:17 #logs @\U0001f171 \U0001f171ot#5737 edited message from 2017-12-15 01:48:19 () to read: 
2017-12-15 01:48:20 #logs @\U0001f171 \U0001f171ot#5737: 
2017-12-15 01:48:18 #logs @\U0001f171 \U0001f171ot#5737 edited message from 2017-12-15 01:48:20 () to read: 
2017-12-15 01:48:20 #logs @Dyno#0000: 
2017-12-15 01:48:21 #logs @Dyno#0000: 
2017-12-15 01:48:21 #logs @\U0001f171 \U0001f171ot#5737: 
2017-12-15 01:48:19 #logs @\U0001f171 \U0001f171ot#5737 edited message from 2017-12-15 01:48:21 () to read: 
2017-12-15 01:48:22 #logs @Dyno#0000: 
2017-12-15 01:48:22 #logs @\U0001f171 \U0001f171ot#5737: 
2017-12-15 01:48:20 #logs @\U0001f171 \U0001f171ot#5737 edited message from 2017-12-15 01:48:22 () to read: 
2017-12-15 01:48:23 #logs @Dyno#0000: 
2017-12-15 01:48:23 #logs @\U0001f171 \U0001f171ot#5737: 
2017-12-15 01:48:21 #logs @\U0001f171 \U0001f171ot#5737 edited message from 2017-12-15 01:48:23 () to read: 
2017-12-15 01:48:24 #logs @Dyno#0000: 
2017-12-15 01:48:24 #logs @\U0001f171 \U0001f171ot#5737: 
2017-12-15 01:48:22 #logs @\U0001f171 \U0001f171ot#5737 edited message from 2017-12-15 01:48:24 () to read: 
2017-12-15 01:48:26 #logs @Dyno#0000: 
2017-12-15 01:48:26 #logs @\U0001f171 \U0001f171ot#5737: 
2017-12-15 01:48:24 #logs @\U0001f171 \U0001f171ot#5737 edited message from 2017-12-15 01:48:26 () to read: 
2017-12-15 01:48:27 #logs @\U0001f171 \U0001f171ot#5737: 
2017-12-15 01:48:25 #logs @\U0001f171 \U0001f171ot#5737 edited message from 2017-12-15 01:48:27 () to read: 
2017-12-15 01:48:28 #logs @\U0001f171 \U0001f171ot#5737: 
2017-12-15 01:48:28 #logs @Dyno#0000: 
2017-12-15 01:48:26 #logs @\U0001f171 \U0001f171ot#5737 edited message from 2017-12-15 01:48:28 () to read: 
2017-12-15 01:48:28 #logs @Dyno#0000: 
2017-12-15 01:48:29 #logs @Dyno#0000: 
2017-12-15 01:48:29 #logs @\U0001f171 \U0001f171ot#5737: 
2017-12-15 01:48:27 #logs @\U0001f171 \U0001f171ot#5737 edited message from 2017-12-15 01:48:29 () to read: 
2017-12-15 01:48:30 #logs @Dyno#0000: 
2017-12-15 01:48:30 #logs @\U0001f171 \U0001f171ot#5737: 
2017-12-15 01:48:28 #logs @\U0001f171 \U0001f171ot#5737 edited message from 2017-12-15 01:48:30 () to read: 
2017-12-15 01:48:31 #logs @\U0001f171 \U0001f171ot#5737: 
2017-12-15 01:48:29 #logs @\U0001f171 \U0001f171ot#5737 edited message from 2017-12-15 01:48:31 () to read: 
2017-12-15 01:48:32 #logs @Dyno#0000: 
2017-12-15 01:48:33 #logs @Dyno#0000: 
2017-12-15 01:48:34 #logs @\U0001f171 \U0001f171ot#5737: 
2017-12-15 01:48:32 #logs @\U0001f171 \U0001f171ot#5737 edited message from 2017-12-15 01:48:34 () to read: 
2017-12-15 01:48:34 #logs @Dyno#0000: 
2017-12-15 01:48:34 #logs @\U0001f171 \U0001f171ot#5737: 
2017-12-15 01:48:32 #logs @\U0001f171 \U0001f171ot#5737 edited message from 2017-12-15 01:48:34 () to read: 
2017-12-15 01:48:35 #logs @Dyno#0000: 
2017-12-15 01:48:35 #logs @\U0001f171 \U0001f171ot#5737: 
2017-12-15 01:48:33 #logs @\U0001f171 \U0001f171ot#5737 edited message from 2017-12-15 01:48:35 () to read: 
2017-12-15 01:48:35 #logs @Dyno#0000: 
2017-12-15 01:48:35 #logs @\U0001f171 \U0001f171ot#5737: 
2017-12-15 01:48:33 #logs @\U0001f171 \U0001f171ot#5737 edited message from 2017-12-15 01:48:35 () to read: 
2017-12-15 01:48:36 #logs @Dyno#0000: 
2017-12-15 01:48:36 #logs @\U0001f171 \U0001f171ot#5737: 
2017-12-15 01:48:34 #logs @\U0001f171 \U0001f171ot#5737 edited message from 2017-12-15 01:48:36 () to read: 
2017-12-15 01:48:37 #logs @Dyno#0000: 
2017-12-15 01:48:38 #logs @Dyno#0000: 
2017-12-15 01:48:39 #logs @Dyno#0000: 
2017-12-15 01:48:40 #logs @\U0001f171 \U0001f171ot#5737: 
2017-12-15 01:48:38 #logs @\U0001f171 \U0001f171ot#5737 edited message from 2017-12-15 01:48:40 () to read: 
2017-12-15 01:48:40 #logs @\U0001f171 \U0001f171ot#5737: 
2017-12-15 01:48:38 #logs @\U0001f171 \U0001f171ot#5737 edited message from 2017-12-15 01:48:40 () to read: 
2017-12-15 01:48:40 #logs @Dyno#0000: 
2017-12-15 01:48:41 #logs @\U0001f171 \U0001f171ot#5737: 
2017-12-15 01:48:39 #logs @\U0001f171 \U0001f171ot#5737 edited message from 2017-12-15 01:48:41 () to read: 
2017-12-15 01:48:41 #logs @\U0001f171 \U0001f171ot#5737: 
2017-12-15 01:48:39 #logs @\U0001f171 \U0001f171ot#5737 edited message from 2017-12-15 01:48:41 () to read: 
2017-12-15 01:48:42 #logs @Dyno#0000: 
2017-12-15 01:48:42 #logs @\U0001f171 \U0001f171ot#5737: 
2017-12-15 01:48:40 #logs @\U0001f171 \U0001f171ot#5737 edited message from 2017-12-15 01:48:42 () to read: 
2017-12-15 01:48:43 #logs @Dyno#0000: 
2017-12-15 01:48:44 #logs @Dyno#0000: 
2017-12-15 01:48:45 #logs @Dyno#0000: 
2017-12-15 01:48:46 #logs @\U0001f171 \U0001f171ot#5737: 
2017-12-15 01:48:44 #logs @\U0001f171 \U0001f171ot#5737 edited message from 2017-12-15 01:48:46 () to read: 
2017-12-15 01:48:46 #logs @\U0001f171 \U0001f171ot#5737: 
2017-12-15 01:48:44 #logs @\U0001f171 \U0001f171ot#5737 edited message from 2017-12-15 01:48:46 () to read: 
2017-12-15 01:48:46 #logs @\U0001f171 \U0001f171ot#5737: 
2017-12-15 01:48:44 #logs @\U0001f171 \U0001f171ot#5737 edited message from 2017-12-15 01:48:46 () to read: 
2017-12-15 01:48:46 #logs @Dyno#0000: 
2017-12-15 01:48:47 #logs @\U0001f171 \U0001f171ot#5737: 
2017-12-15 01:48:45 #logs @\U0001f171 \U0001f171ot#5737 edited message from 2017-12-15 01:48:47 () to read: 
2017-12-15 01:48:47 #logs @Dyno#0000: 
2017-12-15 01:48:48 #logs @\U0001f171 \U0001f171ot#5737: 
2017-12-15 01:48:46 #logs @\U0001f171 \U0001f171ot#5737 edited message from 2017-12-15 01:48:48 () to read: 
2017-12-15 01:48:49 #logs @Dyno#0000: 
2017-12-15 01:48:50 #logs @Dyno#0000: 
2017-12-15 01:48:51 #logs @Dyno#0000: 
2017-12-15 01:48:52 #logs @\U0001f171 \U0001f171ot#5737: 
2017-12-15 01:48:50 #logs @\U0001f171 \U0001f171ot#5737 edited message from 2017-12-15 01:48:52 () to read: 
2017-12-15 01:48:52 #logs @\U0001f171 \U0001f171ot#5737: 
2017-12-15 01:48:50 #logs @\U0001f171 \U0001f171ot#5737 edited message from 2017-12-15 01:48:52 () to read: 
2017-12-15 01:48:52 #logs @\U0001f171 \U0001f171ot#5737: 
2017-12-15 01:48:52 #logs @Dyno#0000: 
2017-12-15 01:48:50 #logs @\U0001f171 \U0001f171ot#5737 edited message from 2017-12-15 01:48:52 () to read: 
2017-12-15 01:48:53 #logs @\U0001f171 \U0001f171ot#5737: 
2017-12-15 01:48:50 #logs @\U0001f171 \U0001f171ot#5737 edited message from 2017-12-15 01:48:53 () to read: 
2017-12-15 01:48:53 #logs @Dyno#0000: 
2017-12-15 01:48:54 #logs @\U0001f171 \U0001f171ot#5737: 
2017-12-15 01:48:52 #logs @\U0001f171 \U0001f171ot#5737 edited message from 2017-12-15 01:48:54 () to read: 
2017-12-15 01:48:55 #logs @Dyno#0000: 
2017-12-15 01:48:56 #logs @Dyno#0000: 
2017-12-15 01:48:57 #logs @Dyno#0000: 
2017-12-15 01:48:58 #logs @\U0001f171 \U0001f171ot#5737: 
2017-12-15 01:48:56 #logs @\U0001f171 \U0001f171ot#5737 edited message from 2017-12-15 01:48:58 () to read: 
2017-12-15 01:48:58 #logs @\U0001f171 \U0001f171ot#5737: 
2017-12-15 01:48:56 #logs @\U0001f171 \U0001f171ot#5737 edited message from 2017-12-15 01:48:58 () to read: 
2017-12-15 01:48:58 #logs @\U0001f171 \U0001f171ot#5737: 
2017-12-15 01:48:56 #logs @\U0001f171 \U0001f171ot#5737 edited message from 2017-12-15 01:48:58 () to read: 
2017-12-15 01:48:58 #logs @Dyno#0000: 
2017-12-15 01:48:58 #logs @\U0001f171 \U0001f171ot#5737: 
2017-12-15 01:48:56 #logs @\U0001f171 \U0001f171ot#5737 edited message from 2017-12-15 01:48:58 () to read: 
2017-12-15 01:48:59 #logs @Dyno#0000: 
2017-12-15 01:48:59 #logs @\U0001f171 \U0001f171ot#5737: 
2017-12-15 01:48:57 #logs @\U0001f171 \U0001f171ot#5737 edited message from 2017-12-15 01:48:59 () to read: 
2017-12-15 01:49:00 #logs @Dyno#0000: 
2017-12-15 01:49:02 #logs @Dyno#0000: 
2017-12-15 01:49:03 #logs @Dyno#0000: 
2017-12-15 01:49:04 #logs @Dyno#0000: 
2017-12-15 01:49:04 #logs @\U0001f171 \U0001f171ot#5737: 
2017-12-15 01:49:03 #logs @\U0001f171 \U0001f171ot#5737 edited message from 2017-12-15 01:49:04 () to read: 
2017-12-15 01:49:05 #logs @\U0001f171 \U0001f171ot#5737: 
2017-12-15 01:49:03 #logs @\U0001f171 \U0001f171ot#5737 edited message from 2017-12-15 01:49:05 () to read: 
2017-12-15 01:49:05 #logs @\U0001f171 \U0001f171ot#5737: 
2017-12-15 01:49:03 #logs @\U0001f171 \U0001f171ot#5737 edited message from 2017-12-15 01:49:05 () to read: 
2017-12-15 01:49:05 #logs @\U0001f171 \U0001f171ot#5737: 
2017-12-15 01:49:03 #logs @\U0001f171 \U0001f171ot#5737 edited message from 2017-12-15 01:49:05 () to read: 
2017-12-15 01:49:05 #logs @Dyno#0000: 
2017-12-15 01:49:05 #logs @\U0001f171 \U0001f171ot#5737: 
2017-12-15 01:49:03 #logs @\U0001f171 \U0001f171ot#5737 edited message from 2017-12-15 01:49:05 () to read: 
2017-12-15 01:49:06 #logs @Dyno#0000: 
2017-12-15 01:49:07 #logs @Dyno#0000: 
2017-12-15 01:49:11 #logs @Dyno#0000: 
2017-12-15 01:49:11 #logs @\U0001f171 \U0001f171ot#5737: 
2017-12-15 01:49:10 #logs @\U0001f171 \U0001f171ot#5737 edited message from 2017-12-15 01:49:11 () to read: 
2017-12-15 01:49:12 #logs @\U0001f171 \U0001f171ot#5737: 
2017-12-15 01:49:12 #logs @Dyno#0000: 
2017-12-15 01:49:10 #logs @\U0001f171 \U0001f171ot#5737 edited message from 2017-12-15 01:49:12 () to read: 
2017-12-15 01:49:12 #logs @Dyno#0000: 
2017-12-15 01:49:12 #logs @Dyno#0000: 
2017-12-15 01:49:12 #logs @\U0001f171 \U0001f171ot#5737: 
2017-12-15 01:49:10 #logs @\U0001f171 \U0001f171ot#5737 edited message from 2017-12-15 01:49:12 () to read: 
2017-12-15 01:49:12 #logs @\U0001f171 \U0001f171ot#5737: 
2017-12-15 01:49:10 #logs @\U0001f171 \U0001f171ot#5737 edited message from 2017-12-15 01:49:12 () to read: 
2017-12-15 01:49:12 #logs @Dyno#0000: 
2017-12-15 01:49:12 #logs @\U0001f171 \U0001f171ot#5737: 
2017-12-15 01:49:10 #logs @\U0001f171 \U0001f171ot#5737 edited message from 2017-12-15 01:49:12 () to read: 
2017-12-15 01:49:13 #logs @Dyno#0000: 
2017-12-15 01:49:14 #logs @Dyno#0000: 
2017-12-15 01:49:16 #logs @Dyno#0000: 
2017-12-15 01:49:17 #logs @Dyno#0000: 
2017-12-15 01:49:17 #logs @\U0001f171 \U0001f171ot#5737: 
2017-12-15 01:49:15 #logs @\U0001f171 \U0001f171ot#5737 edited message from 2017-12-15 01:49:17 () to read: 
2017-12-15 01:49:18 #logs @\U0001f171 \U0001f171ot#5737: 
2017-12-15 01:49:15 #logs @\U0001f171 \U0001f171ot#5737 edited message from 2017-12-15 01:49:18 () to read: 
2017-12-15 01:49:18 #logs @\U0001f171 \U0001f171ot#5737: 
2017-12-15 01:49:16 #logs @\U0001f171 \U0001f171ot#5737 edited message from 2017-12-15 01:49:18 () to read: 
2017-12-15 01:49:18 #logs @Dyno#0000: 
2017-12-15 01:49:18 #logs @\U0001f171 \U0001f171ot#5737: 
2017-12-15 01:49:16 #logs @\U0001f171 \U0001f171ot#5737 edited message from 2017-12-15 01:49:18 () to read: 
2017-12-15 01:49:18 #logs @\U0001f171 \U0001f171ot#5737: 
2017-12-15 01:49:16 #logs @\U0001f171 \U0001f171ot#5737 edited message from 2017-12-15 01:49:18 () to read: 
2017-12-15 01:49:19 #logs @Dyno#0000: 
2017-12-15 01:49:23 #logs @\U0001f171 \U0001f171ot#5737: 
2017-12-15 01:49:21 #logs @\U0001f171 \U0001f171ot#5737 edited message from 2017-12-15 01:49:23 () to read: 
2017-12-15 01:49:23 #logs @\U0001f171 \U0001f171ot#5737: 
2017-12-15 01:49:21 #logs @\U0001f171 \U0001f171ot#5737 edited message from 2017-12-15 01:49:23 () to read: 
2017-12-15 01:49:24 #logs @\U0001f171 \U0001f171ot#5737: 
2017-12-15 01:49:22 #logs @\U0001f171 \U0001f171ot#5737 edited message from 2017-12-15 01:49:24 () to read: 
2017-12-15 01:49:24 #logs @\U0001f171 \U0001f171ot#5737: 
2017-12-15 01:49:22 #logs @\U0001f171 \U0001f171ot#5737 edited message from 2017-12-15 01:49:24 () to read: 
2017-12-15 01:49:24 #logs @\U0001f171 \U0001f171ot#5737: 
2017-12-15 01:49:22 #logs @\U0001f171 \U0001f171ot#5737 edited message from 2017-12-15 01:49:24 () to read: 
2017-12-15 01:49:29 #logs @\U0001f171 \U0001f171ot#5737: 
2017-12-15 01:49:27 #logs @\U0001f171 \U0001f171ot#5737 edited message from 2017-12-15 01:49:29 () to read: 
2017-12-15 01:49:29 #logs @\U0001f171 \U0001f171ot#5737: 
2017-12-15 01:49:28 #logs @\U0001f171 \U0001f171ot#5737 edited message from 2017-12-15 01:49:29 () to read: 
2017-12-15 01:49:30 #logs @\U0001f171 \U0001f171ot#5737: 
2017-12-15 01:49:28 #logs @\U0001f171 \U0001f171ot#5737 edited message from 2017-12-15 01:49:30 () to read: 
2017-12-15 01:49:30 #logs @\U0001f171 \U0001f171ot#5737: 
2017-12-15 01:49:28 #logs @\U0001f171 \U0001f171ot#5737 edited message from 2017-12-15 01:49:30 () to read: 
2017-12-15 01:49:30 #logs @\U0001f171 \U0001f171ot#5737: 
2017-12-15 01:49:28 #logs @\U0001f171 \U0001f171ot#5737 edited message from 2017-12-15 01:49:30 () to read: 
2017-12-15 01:49:35 #logs @\U0001f171 \U0001f171ot#5737: 
2017-12-15 01:49:33 #logs @\U0001f171 \U0001f171ot#5737 edited message from 2017-12-15 01:49:35 () to read: 
2017-12-15 01:49:35 #logs @\U0001f171 \U0001f171ot#5737: 
2017-12-15 01:49:33 #logs @\U0001f171 \U0001f171ot#5737 edited message from 2017-12-15 01:49:35 () to read: 
2017-12-15 01:49:35 #logs @\U0001f171 \U0001f171ot#5737: 
2017-12-15 01:49:34 #logs @\U0001f171 \U0001f171ot#5737 edited message from 2017-12-15 01:49:35 () to read: 
2017-12-15 01:49:36 #logs @\U0001f171 \U0001f171ot#5737: 
2017-12-15 01:49:34 #logs @\U0001f171 \U0001f171ot#5737 edited message from 2017-12-15 01:49:36 () to read: 
2017-12-15 01:49:36 #logs @\U0001f171 \U0001f171ot#5737: 
2017-12-15 01:49:34 #logs @\U0001f171 \U0001f171ot#5737 edited message from 2017-12-15 01:49:36 () to read: 
2017-12-15 01:49:41 #logs @\U0001f171 \U0001f171ot#5737: 
2017-12-15 01:49:39 #logs @\U0001f171 \U0001f171ot#5737 edited message from 2017-12-15 01:49:41 () to read: 
2017-12-15 01:49:41 #logs @\U0001f171 \U0001f171ot#5737: 
2017-12-15 01:49:39 #logs @\U0001f171 \U0001f171ot#5737 edited message from 2017-12-15 01:49:41 () to read: 
2017-12-15 01:49:42 #logs @\U0001f171 \U0001f171ot#5737: 
2017-12-15 01:49:39 #logs @\U0001f171 \U0001f171ot#5737 edited message from 2017-12-15 01:49:42 () to read: 
2017-12-15 01:49:42 #logs @\U0001f171 \U0001f171ot#5737: 
2017-12-15 01:49:40 #logs @\U0001f171 \U0001f171ot#5737 edited message from 2017-12-15 01:49:42 () to read: 
2017-12-15 01:49:42 #logs @\U0001f171 \U0001f171ot#5737: 
2017-12-15 01:49:40 #logs @\U0001f171 \U0001f171ot#5737 edited message from 2017-12-15 01:49:42 () to read: 
2017-12-15 01:49:46 #logs @Dyno#0000: 
2017-12-15 01:49:47 #logs @Dyno#0000: 
2017-12-15 01:49:47 #logs @Dyno#0000: 
2017-12-15 01:49:47 #logs @\U0001f171 \U0001f171ot#5737: 
2017-12-15 01:49:45 #logs @\U0001f171 \U0001f171ot#5737 edited message from 2017-12-15 01:49:47 () to read: 
2017-12-15 01:49:47 #logs @Dyno#0000: 
2017-12-15 01:49:47 #logs @\U0001f171 \U0001f171ot#5737: 
2017-12-15 01:49:45 #logs @\U0001f171 \U0001f171ot#5737 edited message from 2017-12-15 01:49:47 () to read: 
2017-12-15 01:49:47 #logs @\U0001f171 \U0001f171ot#5737: 
2017-12-15 01:49:45 #logs @\U0001f171 \U0001f171ot#5737 edited message from 2017-12-15 01:49:47 () to read: 
2017-12-15 01:49:47 #logs @Dyno#0000: 
2017-12-15 01:49:48 #logs @\U0001f171 \U0001f171ot#5737: 
2017-12-15 01:49:46 #logs @\U0001f171 \U0001f171ot#5737 edited message from 2017-12-15 01:49:48 () to read: 
2017-12-15 01:49:48 #logs @\U0001f171 \U0001f171ot#5737: 
2017-12-15 01:49:46 #logs @\U0001f171 \U0001f171ot#5737 edited message from 2017-12-15 01:49:48 () to read: 
2017-12-15 01:49:49 #logs @Dyno#0000: 
2017-12-15 01:49:50 #logs @Dyno#0000: 
2017-12-15 01:49:50 #logs @Dyno#0000: 
2017-12-15 01:49:50 #logs @Dyno#0000: 
2017-12-15 01:49:50 #logs @Dyno#0000: 
2017-12-15 01:49:52 #logs @Dyno#0000: 
2017-12-15 01:49:53 #logs @Dyno#0000: 
2017-12-15 01:49:53 #logs @Dyno#0000: 
2017-12-15 01:49:53 #logs @Dyno#0000: 
2017-12-15 01:49:53 #logs @Dyno#0000: 
2017-12-15 01:49:53 #logs @\U0001f171 \U0001f171ot#5737: 
2017-12-15 01:49:51 #logs @\U0001f171 \U0001f171ot#5737 edited message from 2017-12-15 01:49:53 () to read: 
2017-12-15 01:49:53 #logs @\U0001f171 \U0001f171ot#5737: 
2017-12-15 01:49:51 #logs @\U0001f171 \U0001f171ot#5737 edited message from 2017-12-15 01:49:53 () to read: 
2017-12-15 01:49:53 #logs @\U0001f171 \U0001f171ot#5737: 
2017-12-15 01:49:51 #logs @\U0001f171 \U0001f171ot#5737 edited message from 2017-12-15 01:49:53 () to read: 
2017-12-15 01:49:54 #logs @\U0001f171 \U0001f171ot#5737: 
2017-12-15 01:49:51 #logs @\U0001f171 \U0001f171ot#5737 edited message from 2017-12-15 01:49:54 () to read: 
2017-12-15 01:49:54 #logs @\U0001f171 \U0001f171ot#5737: 
2017-12-15 01:49:52 #logs @\U0001f171 \U0001f171ot#5737 edited message from 2017-12-15 01:49:54 () to read: 
2017-12-15 01:49:55 #logs @Dyno#0000: 
2017-12-15 01:49:55 #logs @Dyno#0000: 
2017-12-15 01:49:55 #logs @Dyno#0000: 
2017-12-15 01:49:55 #logs @Dyno#0000: 
2017-12-15 01:49:55 #logs @Dyno#0000: 
2017-12-15 01:49:57 #logs @Dyno#0000: 
2017-12-15 01:49:58 #logs @Dyno#0000: 
2017-12-15 01:49:58 #logs @Dyno#0000: 
2017-12-15 01:49:58 #logs @Dyno#0000: 
2017-12-15 01:49:58 #logs @Dyno#0000: 
2017-12-15 01:49:59 #logs @\U0001f171 \U0001f171ot#5737: 
2017-12-15 01:49:57 #logs @\U0001f171 \U0001f171ot#5737 edited message from 2017-12-15 01:49:59 () to read: 
2017-12-15 01:49:59 #logs @\U0001f171 \U0001f171ot#5737: 
2017-12-15 01:49:57 #logs @\U0001f171 \U0001f171ot#5737 edited message from 2017-12-15 01:49:59 () to read: 
2017-12-15 01:49:59 #logs @\U0001f171 \U0001f171ot#5737: 
2017-12-15 01:49:57 #logs @\U0001f171 \U0001f171ot#5737 edited message from 2017-12-15 01:49:59 () to read: 
2017-12-15 01:49:59 #logs @\U0001f171 \U0001f171ot#5737: 
2017-12-15 01:49:57 #logs @\U0001f171 \U0001f171ot#5737 edited message from 2017-12-15 01:49:59 () to read: 
2017-12-15 01:50:00 #logs @Dyno#0000: 
2017-12-15 01:50:00 #logs @\U0001f171 \U0001f171ot#5737: 
2017-12-15 01:49:58 #logs @\U0001f171 \U0001f171ot#5737 edited message from 2017-12-15 01:50:00 () to read: 
2017-12-15 01:50:00 #logs @Dyno#0000: 
2017-12-15 01:50:00 #logs @Dyno#0000: 
2017-12-15 01:50:01 #logs @Dyno#0000: 
2017-12-15 01:50:01 #logs @Dyno#0000: 
2017-12-15 01:50:05 #logs @\U0001f171 \U0001f171ot#5737: 
2017-12-15 01:50:03 #logs @\U0001f171 \U0001f171ot#5737 edited message from 2017-12-15 01:50:05 () to read: 
2017-12-15 01:50:05 #logs @\U0001f171 \U0001f171ot#5737: 
2017-12-15 01:50:03 #logs @\U0001f171 \U0001f171ot#5737 edited message from 2017-12-15 01:50:05 () to read: 
2017-12-15 01:50:05 #logs @\U0001f171 \U0001f171ot#5737: 
2017-12-15 01:50:03 #logs @\U0001f171 \U0001f171ot#5737 edited message from 2017-12-15 01:50:05 () to read: 
2017-12-15 01:50:05 #logs @\U0001f171 \U0001f171ot#5737: 
2017-12-15 01:50:03 #logs @\U0001f171 \U0001f171ot#5737 edited message from 2017-12-15 01:50:05 () to read: 
2017-12-15 01:50:05 #logs @\U0001f171 \U0001f171ot#5737: 
2017-12-15 01:50:03 #logs @\U0001f171 \U0001f171ot#5737 edited message from 2017-12-15 01:50:05 () to read: 
2017-12-15 01:50:12 #logs @\U0001f171 \U0001f171ot#5737: 
2017-12-15 01:50:10 #logs @\U0001f171 \U0001f171ot#5737 edited message from 2017-12-15 01:50:12 () to read: 
2017-12-15 01:50:12 #logs @\U0001f171 \U0001f171ot#5737: 
2017-12-15 01:50:10 #logs @\U0001f171 \U0001f171ot#5737 edited message from 2017-12-15 01:50:12 () to read: 
2017-12-15 01:50:12 #logs @\U0001f171 \U0001f171ot#5737: 
2017-12-15 01:50:10 #logs @\U0001f171 \U0001f171ot#5737 edited message from 2017-12-15 01:50:12 () to read: 
2017-12-15 01:50:12 #logs @\U0001f171 \U0001f171ot#5737: 
2017-12-15 01:50:10 #logs @\U0001f171 \U0001f171ot#5737 edited message from 2017-12-15 01:50:12 () to read: 
2017-12-15 01:50:12 #logs @\U0001f171 \U0001f171ot#5737: 
2017-12-15 01:50:10 #logs @\U0001f171 \U0001f171ot#5737 edited message from 2017-12-15 01:50:12 () to read: 
2017-12-15 01:50:18 #logs @\U0001f171 \U0001f171ot#5737: 
2017-12-15 01:50:16 #logs @\U0001f171 \U0001f171ot#5737 edited message from 2017-12-15 01:50:18 () to read: 
2017-12-15 01:50:19 #logs @\U0001f171 \U0001f171ot#5737: 
2017-12-15 01:50:17 #logs @\U0001f171 \U0001f171ot#5737 edited message from 2017-12-15 01:50:19 () to read: 
2017-12-15 01:50:19 #logs @\U0001f171 \U0001f171ot#5737: 
2017-12-15 01:50:17 #logs @\U0001f171 \U0001f171ot#5737 edited message from 2017-12-15 01:50:19 () to read: 
2017-12-15 01:50:19 #logs @\U0001f171 \U0001f171ot#5737: 
2017-12-15 01:50:17 #logs @\U0001f171 \U0001f171ot#5737 edited message from 2017-12-15 01:50:19 () to read: 
2017-12-15 01:50:19 #logs @\U0001f171 \U0001f171ot#5737: 
2017-12-15 01:50:17 #logs @\U0001f171 \U0001f171ot#5737 edited message from 2017-12-15 01:50:19 () to read: 
2017-12-15 01:50:24 #logs @\U0001f171 \U0001f171ot#5737: 
2017-12-15 01:50:22 #logs @\U0001f171 \U0001f171ot#5737 edited message from 2017-12-15 01:50:24 () to read: 
2017-12-15 01:50:24 #logs @\U0001f171 \U0001f171ot#5737: 
2017-12-15 01:50:22 #logs @\U0001f171 \U0001f171ot#5737 edited message from 2017-12-15 01:50:24 () to read: 
2017-12-15 01:50:24 #logs @\U0001f171 \U0001f171ot#5737: 
2017-12-15 01:50:22 #logs @\U0001f171 \U0001f171ot#5737 edited message from 2017-12-15 01:50:24 () to read: 
2017-12-15 01:50:24 #logs @\U0001f171 \U0001f171ot#5737: 
2017-12-15 01:50:22 #logs @\U0001f171 \U0001f171ot#5737 edited message from 2017-12-15 01:50:24 () to read: 
2017-12-15 01:50:24 #logs @\U0001f171 \U0001f171ot#5737: 
2017-12-15 01:50:22 #logs @\U0001f171 \U0001f171ot#5737 edited message from 2017-12-15 01:50:24 () to read: 
2017-12-15 01:50:31 #logs @\U0001f171 \U0001f171ot#5737: 
2017-12-15 01:50:29 #logs @\U0001f171 \U0001f171ot#5737 edited message from 2017-12-15 01:50:31 () to read: 
2017-12-15 01:50:31 #logs @\U0001f171 \U0001f171ot#5737: 
2017-12-15 01:50:29 #logs @\U0001f171 \U0001f171ot#5737 edited message from 2017-12-15 01:50:31 () to read: 
2017-12-15 01:50:31 #logs @\U0001f171 \U0001f171ot#5737: 
2017-12-15 01:50:29 #logs @\U0001f171 \U0001f171ot#5737 edited message from 2017-12-15 01:50:31 () to read: 
2017-12-15 01:50:31 #logs @\U0001f171 \U0001f171ot#5737: 
2017-12-15 01:50:29 #logs @\U0001f171 \U0001f171ot#5737 edited message from 2017-12-15 01:50:31 () to read: 
2017-12-15 01:50:31 #logs @\U0001f171 \U0001f171ot#5737: 
2017-12-15 01:50:29 #logs @\U0001f171 \U0001f171ot#5737 edited message from 2017-12-15 01:50:31 () to read: 
2017-12-15 01:50:37 #logs @\U0001f171 \U0001f171ot#5737: 
2017-12-15 01:50:35 #logs @\U0001f171 \U0001f171ot#5737 edited message from 2017-12-15 01:50:37 () to read: 
2017-12-15 01:50:37 #logs @\U0001f171 \U0001f171ot#5737: 
2017-12-15 01:50:35 #logs @\U0001f171 \U0001f171ot#5737 edited message from 2017-12-15 01:50:37 () to read: 
2017-12-15 01:50:37 #logs @\U0001f171 \U0001f171ot#5737: 
2017-12-15 01:50:35 #logs @\U0001f171 \U0001f171ot#5737 edited message from 2017-12-15 01:50:37 () to read: 
2017-12-15 01:50:37 #logs @\U0001f171 \U0001f171ot#5737: 
2017-12-15 01:50:35 #logs @\U0001f171 \U0001f171ot#5737 edited message from 2017-12-15 01:50:37 () to read: 
2017-12-15 01:50:38 #logs @\U0001f171 \U0001f171ot#5737: 
2017-12-15 01:50:35 #logs @\U0001f171 \U0001f171ot#5737 edited message from 2017-12-15 01:50:38 () to read: 
2017-12-15 01:50:43 #logs @\U0001f171 \U0001f171ot#5737: 
2017-12-15 01:50:41 #logs @\U0001f171 \U0001f171ot#5737 edited message from 2017-12-15 01:50:43 () to read: 
2017-12-15 01:50:43 #logs @\U0001f171 \U0001f171ot#5737: 
2017-12-15 01:50:41 #logs @\U0001f171 \U0001f171ot#5737 edited message from 2017-12-15 01:50:43 () to read: 
2017-12-15 01:50:43 #logs @\U0001f171 \U0001f171ot#5737: 
2017-12-15 01:50:41 #logs @\U0001f171 \U0001f171ot#5737 edited message from 2017-12-15 01:50:43 () to read: 
2017-12-15 01:50:43 #logs @\U0001f171 \U0001f171ot#5737: 
2017-12-15 01:50:41 #logs @\U0001f171 \U0001f171ot#5737 edited message from 2017-12-15 01:50:43 () to read: 
2017-12-15 01:50:43 #logs @\U0001f171 \U0001f171ot#5737: 
2017-12-15 01:50:41 #logs @\U0001f171 \U0001f171ot#5737 edited message from 2017-12-15 01:50:43 () to read: 
2017-12-15 01:50:47 #logs @Dyno#0000: 
2017-12-15 01:50:47 #logs @Dyno#0000: 
2017-12-15 01:50:47 #logs @Dyno#0000: 
2017-12-15 01:50:47 #logs @Dyno#0000: 
2017-12-15 01:50:47 #logs @Dyno#0000: 
2017-12-15 01:50:49 #logs @Dyno#0000: 
2017-12-15 01:50:49 #logs @Dyno#0000: 
2017-12-15 01:50:50 #logs @Dyno#0000: 
2017-12-15 01:50:50 #logs @Dyno#0000: 
2017-12-15 01:50:50 #logs @\U0001f171 \U0001f171ot#5737: 
2017-12-15 01:50:48 #logs @\U0001f171 \U0001f171ot#5737 edited message from 2017-12-15 01:50:50 () to read: 
2017-12-15 01:50:50 #logs @Dyno#0000: 
2017-12-15 01:50:50 #logs @\U0001f171 \U0001f171ot#5737: 
2017-12-15 01:50:48 #logs @\U0001f171 \U0001f171ot#5737 edited message from 2017-12-15 01:50:50 () to read: 
2017-12-15 01:50:50 #logs @\U0001f171 \U0001f171ot#5737: 
2017-12-15 01:50:48 #logs @\U0001f171 \U0001f171ot#5737 edited message from 2017-12-15 01:50:50 () to read: 
2017-12-15 01:50:51 #logs @\U0001f171 \U0001f171ot#5737: 
2017-12-15 01:50:49 #logs @\U0001f171 \U0001f171ot#5737 edited message from 2017-12-15 01:50:51 () to read: 
2017-12-15 01:50:51 #logs @\U0001f171 \U0001f171ot#5737: 
2017-12-15 01:50:51 #logs @Dyno#0000: 
2017-12-15 01:50:49 #logs @\U0001f171 \U0001f171ot#5737 edited message from 2017-12-15 01:50:51 () to read: 
2017-12-15 01:50:51 #logs @Dyno#0000: 
2017-12-15 01:50:52 #logs @Dyno#0000: 
2017-12-15 01:50:52 #logs @Dyno#0000: 
2017-12-15 01:50:52 #logs @Dyno#0000: 
2017-12-15 01:50:53 #logs @Dyno#0000: 
2017-12-15 01:50:54 #logs @Dyno#0000: 
2017-12-15 01:50:54 #logs @Dyno#0000: 
2017-12-15 01:50:54 #logs @Dyno#0000: 
2017-12-15 01:50:54 #logs @Dyno#0000: 
2017-12-15 01:50:56 #logs @Dyno#0000: 
2017-12-15 01:50:56 #logs @Dyno#0000: 
2017-12-15 01:50:56 #logs @Dyno#0000: 
2017-12-15 01:50:56 #logs @Dyno#0000: 
2017-12-15 01:50:56 #logs @Dyno#0000: 
2017-12-15 01:50:57 #logs @\U0001f171 \U0001f171ot#5737: 
2017-12-15 01:50:55 #logs @\U0001f171 \U0001f171ot#5737 edited message from 2017-12-15 01:50:57 () to read: 
2017-12-15 01:50:57 #logs @\U0001f171 \U0001f171ot#5737: 
2017-12-15 01:50:55 #logs @\U0001f171 \U0001f171ot#5737 edited message from 2017-12-15 01:50:57 () to read: 
2017-12-15 01:50:57 #logs @\U0001f171 \U0001f171ot#5737: 
2017-12-15 01:50:55 #logs @\U0001f171 \U0001f171ot#5737 edited message from 2017-12-15 01:50:57 () to read: 
2017-12-15 01:50:57 #logs @\U0001f171 \U0001f171ot#5737: 
2017-12-15 01:50:55 #logs @\U0001f171 \U0001f171ot#5737 edited message from 2017-12-15 01:50:57 () to read: 
2017-12-15 01:50:57 #logs @\U0001f171 \U0001f171ot#5737: 
2017-12-15 01:50:55 #logs @\U0001f171 \U0001f171ot#5737 edited message from 2017-12-15 01:50:57 () to read: 
2017-12-15 01:50:58 #logs @Dyno#0000: 
2017-12-15 01:50:59 #logs @Dyno#0000: 
2017-12-15 01:50:59 #logs @Dyno#0000: 
2017-12-15 01:50:59 #logs @Dyno#0000: 
2017-12-15 01:50:59 #logs @Dyno#0000: 
2017-12-15 01:51:04 #logs @\U0001f171 \U0001f171ot#5737: 
2017-12-15 01:51:02 #logs @\U0001f171 \U0001f171ot#5737 edited message from 2017-12-15 01:51:04 () to read: 
2017-12-15 01:51:04 #logs @\U0001f171 \U0001f171ot#5737: 
2017-12-15 01:51:02 #logs @\U0001f171 \U0001f171ot#5737 edited message from 2017-12-15 01:51:04 () to read: 
2017-12-15 01:51:04 #logs @\U0001f171 \U0001f171ot#5737: 
2017-12-15 01:51:02 #logs @\U0001f171 \U0001f171ot#5737 edited message from 2017-12-15 01:51:04 () to read: 
2017-12-15 01:51:04 #logs @\U0001f171 \U0001f171ot#5737: 
2017-12-15 01:51:02 #logs @\U0001f171 \U0001f171ot#5737 edited message from 2017-12-15 01:51:04 () to read: 
2017-12-15 01:51:04 #logs @\U0001f171 \U0001f171ot#5737: 
2017-12-15 01:51:02 #logs @\U0001f171 \U0001f171ot#5737 edited message from 2017-12-15 01:51:04 () to read: 
2017-12-15 01:51:10 #logs @\U0001f171 \U0001f171ot#5737: 
2017-12-15 01:51:08 #logs @\U0001f171 \U0001f171ot#5737 edited message from 2017-12-15 01:51:10 () to read: 
2017-12-15 01:51:11 #logs @\U0001f171 \U0001f171ot#5737: 
2017-12-15 01:51:09 #logs @\U0001f171 \U0001f171ot#5737 edited message from 2017-12-15 01:51:11 () to read: 
2017-12-15 01:51:11 #logs @\U0001f171 \U0001f171ot#5737: 
2017-12-15 01:51:09 #logs @\U0001f171 \U0001f171ot#5737 edited message from 2017-12-15 01:51:11 () to read: 
2017-12-15 01:51:11 #logs @\U0001f171 \U0001f171ot#5737: 
2017-12-15 01:51:09 #logs @\U0001f171 \U0001f171ot#5737 edited message from 2017-12-15 01:51:11 () to read: 
2017-12-15 01:51:11 #logs @\U0001f171 \U0001f171ot#5737: 
2017-12-15 01:51:09 #logs @\U0001f171 \U0001f171ot#5737 edited message from 2017-12-15 01:51:11 () to read: 
2017-12-15 01:51:17 #logs @\U0001f171 \U0001f171ot#5737: 
2017-12-15 01:51:15 #logs @\U0001f171 \U0001f171ot#5737 edited message from 2017-12-15 01:51:17 () to read: 
2017-12-15 01:51:18 #logs @\U0001f171 \U0001f171ot#5737: 
2017-12-15 01:51:16 #logs @\U0001f171 \U0001f171ot#5737 edited message from 2017-12-15 01:51:18 () to read: 
2017-12-15 01:51:18 #logs @\U0001f171 \U0001f171ot#5737: 
2017-12-15 01:51:16 #logs @\U0001f171 \U0001f171ot#5737 edited message from 2017-12-15 01:51:18 () to read: 
2017-12-15 01:51:18 #logs @\U0001f171 \U0001f171ot#5737: 
2017-12-15 01:51:16 #logs @\U0001f171 \U0001f171ot#5737 edited message from 2017-12-15 01:51:18 () to read: 
2017-12-15 01:51:18 #logs @\U0001f171 \U0001f171ot#5737: 
2017-12-15 01:51:16 #logs @\U0001f171 \U0001f171ot#5737 edited message from 2017-12-15 01:51:18 () to read: 
2017-12-15 01:51:23 #logs @\U0001f171 \U0001f171ot#5737: 
2017-12-15 01:51:21 #logs @\U0001f171 \U0001f171ot#5737 edited message from 2017-12-15 01:51:23 () to read: 
2017-12-15 01:51:24 #logs @\U0001f171 \U0001f171ot#5737: 
2017-12-15 01:51:22 #logs @\U0001f171 \U0001f171ot#5737 edited message from 2017-12-15 01:51:24 () to read: 
2017-12-15 01:51:24 #logs @\U0001f171 \U0001f171ot#5737: 
2017-12-15 01:51:22 #logs @\U0001f171 \U0001f171ot#5737 edited message from 2017-12-15 01:51:24 () to read: 
2017-12-15 01:51:24 #logs @\U0001f171 \U0001f171ot#5737: 
2017-12-15 01:51:22 #logs @\U0001f171 \U0001f171ot#5737 edited message from 2017-12-15 01:51:24 () to read: 
2017-12-15 01:51:24 #logs @\U0001f171 \U0001f171ot#5737: 
2017-12-15 01:51:22 #logs @\U0001f171 \U0001f171ot#5737 edited message from 2017-12-15 01:51:24 () to read: 
2017-12-15 01:51:29 #logs @\U0001f171 \U0001f171ot#5737: 
2017-12-15 01:51:27 #logs @\U0001f171 \U0001f171ot#5737 edited message from 2017-12-15 01:51:29 () to read: 
2017-12-15 01:51:29 #logs @\U0001f171 \U0001f171ot#5737: 
2017-12-15 01:51:27 #logs @\U0001f171 \U0001f171ot#5737 edited message from 2017-12-15 01:51:29 () to read: 
2017-12-15 01:51:29 #logs @\U0001f171 \U0001f171ot#5737: 
2017-12-15 01:51:27 #logs @\U0001f171 \U0001f171ot#5737 edited message from 2017-12-15 01:51:29 () to read: 
2017-12-15 01:51:29 #logs @\U0001f171 \U0001f171ot#5737: 
2017-12-15 01:51:27 #logs @\U0001f171 \U0001f171ot#5737 edited message from 2017-12-15 01:51:29 () to read: 
2017-12-15 01:51:29 #logs @\U0001f171 \U0001f171ot#5737: 
2017-12-15 01:51:27 #logs @\U0001f171 \U0001f171ot#5737 edited message from 2017-12-15 01:51:29 () to read: 
2017-12-15 01:51:35 #logs @\U0001f171 \U0001f171ot#5737: 
2017-12-15 01:51:33 #logs @\U0001f171 \U0001f171ot#5737 edited message from 2017-12-15 01:51:35 () to read: 
2017-12-15 01:51:35 #logs @\U0001f171 \U0001f171ot#5737: 
2017-12-15 01:51:33 #logs @\U0001f171 \U0001f171ot#5737 edited message from 2017-12-15 01:51:35 () to read: 
2017-12-15 01:51:35 #logs @\U0001f171 \U0001f171ot#5737: 
2017-12-15 01:51:33 #logs @\U0001f171 \U0001f171ot#5737 edited message from 2017-12-15 01:51:35 () to read: 
2017-12-15 01:51:35 #logs @\U0001f171 \U0001f171ot#5737: 
2017-12-15 01:51:33 #logs @\U0001f171 \U0001f171ot#5737 edited message from 2017-12-15 01:51:35 () to read: 
2017-12-15 01:51:36 #logs @\U0001f171 \U0001f171ot#5737: 
2017-12-15 01:51:34 #logs @\U0001f171 \U0001f171ot#5737 edited message from 2017-12-15 01:51:36 () to read: 
2017-12-15 01:51:41 #logs @\U0001f171 \U0001f171ot#5737: 
2017-12-15 01:51:39 #logs @\U0001f171 \U0001f171ot#5737 edited message from 2017-12-15 01:51:41 () to read: 
2017-12-15 01:51:41 #logs @\U0001f171 \U0001f171ot#5737: 
2017-12-15 01:51:39 #logs @\U0001f171 \U0001f171ot#5737 edited message from 2017-12-15 01:51:41 () to read: 
2017-12-15 01:51:41 #logs @\U0001f171 \U0001f171ot#5737: 
2017-12-15 01:51:39 #logs @\U0001f171 \U0001f171ot#5737 edited message from 2017-12-15 01:51:41 () to read: 
2017-12-15 01:51:41 #logs @\U0001f171 \U0001f171ot#5737: 
2017-12-15 01:51:39 #logs @\U0001f171 \U0001f171ot#5737 edited message from 2017-12-15 01:51:41 () to read: 
2017-12-15 01:51:42 #logs @\U0001f171 \U0001f171ot#5737: 
2017-12-15 01:51:40 #logs @\U0001f171 \U0001f171ot#5737 edited message from 2017-12-15 01:51:42 () to read: 
2017-12-15 01:51:47 #logs @Dyno#0000: 
2017-12-15 01:51:47 #logs @Dyno#0000: 
2017-12-15 01:51:47 #logs @Dyno#0000: 
2017-12-15 01:51:47 #logs @\U0001f171 \U0001f171ot#5737: 
2017-12-15 01:51:45 #logs @\U0001f171 \U0001f171ot#5737 edited message from 2017-12-15 01:51:47 () to read: 
2017-12-15 01:51:47 #logs @Dyno#0000: 
2017-12-15 01:51:47 #logs @Dyno#0000: 
2017-12-15 01:51:47 #logs @\U0001f171 \U0001f171ot#5737: 
2017-12-15 01:51:45 #logs @\U0001f171 \U0001f171ot#5737 edited message from 2017-12-15 01:51:47 () to read: 
2017-12-15 01:51:47 #logs @\U0001f171 \U0001f171ot#5737: 
2017-12-15 01:51:45 #logs @\U0001f171 \U0001f171ot#5737 edited message from 2017-12-15 01:51:47 () to read: 
2017-12-15 01:51:47 #logs @\U0001f171 \U0001f171ot#5737: 
2017-12-15 01:51:45 #logs @\U0001f171 \U0001f171ot#5737 edited message from 2017-12-15 01:51:47 () to read: 
2017-12-15 01:51:48 #logs @\U0001f171 \U0001f171ot#5737: 
2017-12-15 01:51:46 #logs @\U0001f171 \U0001f171ot#5737 edited message from 2017-12-15 01:51:48 () to read: 
2017-12-15 01:51:50 #logs @Dyno#0000: 
2017-12-15 01:51:50 #logs @Dyno#0000: 
2017-12-15 01:51:50 #logs @Dyno#0000: 
2017-12-15 01:51:50 #logs @Dyno#0000: 
2017-12-15 01:51:50 #logs @Dyno#0000: 
2017-12-15 01:51:52 #logs @Dyno#0000: 
2017-12-15 01:51:53 #logs @Dyno#0000: 
2017-12-15 01:51:53 #logs @Dyno#0000: 
2017-12-15 01:51:53 #logs @\U0001f171 \U0001f171ot#5737: 
2017-12-15 01:51:53 #logs @Dyno#0000: 
2017-12-15 01:51:51 #logs @\U0001f171 \U0001f171ot#5737 edited message from 2017-12-15 01:51:53 () to read: 
2017-12-15 01:51:53 #logs @Dyno#0000: 
2017-12-15 01:51:53 #logs @\U0001f171 \U0001f171ot#5737: 
2017-12-15 01:51:51 #logs @\U0001f171 \U0001f171ot#5737 edited message from 2017-12-15 01:51:53 () to read: 
2017-12-15 01:51:53 #logs @\U0001f171 \U0001f171ot#5737: 
2017-12-15 01:51:51 #logs @\U0001f171 \U0001f171ot#5737 edited message from 2017-12-15 01:51:53 () to read: 
2017-12-15 01:51:53 #logs @\U0001f171 \U0001f171ot#5737: 
2017-12-15 01:51:51 #logs @\U0001f171 \U0001f171ot#5737 edited message from 2017-12-15 01:51:53 () to read: 
2017-12-15 01:51:54 #logs @\U0001f171 \U0001f171ot#5737: 
2017-12-15 01:51:52 #logs @\U0001f171 \U0001f171ot#5737 edited message from 2017-12-15 01:51:54 () to read: 
2017-12-15 01:51:55 #logs @Dyno#0000: 
2017-12-15 01:51:55 #logs @Dyno#0000: 
2017-12-15 01:51:55 #logs @Dyno#0000: 
2017-12-15 01:51:55 #logs @Dyno#0000: 
2017-12-15 01:51:55 #logs @Dyno#0000: 
2017-12-15 01:51:57 #logs @Dyno#0000: 
2017-12-15 01:51:58 #logs @Dyno#0000: 
2017-12-15 01:51:58 #logs @Dyno#0000: 
2017-12-15 01:51:58 #logs @Dyno#0000: 
2017-12-15 01:51:58 #logs @Dyno#0000: 
2017-12-15 01:51:59 #logs @\U0001f171 \U0001f171ot#5737: 
2017-12-15 01:51:57 #logs @\U0001f171 \U0001f171ot#5737 edited message from 2017-12-15 01:51:59 () to read: 
2017-12-15 01:51:59 #logs @\U0001f171 \U0001f171ot#5737: 
2017-12-15 01:51:57 #logs @\U0001f171 \U0001f171ot#5737 edited message from 2017-12-15 01:51:59 () to read: 
2017-12-15 01:51:59 #logs @\U0001f171 \U0001f171ot#5737: 
2017-12-15 01:51:57 #logs @\U0001f171 \U0001f171ot#5737 edited message from 2017-12-15 01:51:59 () to read: 
2017-12-15 01:51:59 #logs @\U0001f171 \U0001f171ot#5737: 
2017-12-15 01:51:57 #logs @\U0001f171 \U0001f171ot#5737 edited message from 2017-12-15 01:51:59 () to read: 
2017-12-15 01:51:59 #logs @\U0001f171 \U0001f171ot#5737: 
2017-12-15 01:51:58 #logs @\U0001f171 \U0001f171ot#5737 edited message from 2017-12-15 01:51:59 () to read: 
2017-12-15 01:52:01 #logs @Dyno#0000: 
2017-12-15 01:52:01 #logs @Dyno#0000: 
2017-12-15 01:52:01 #logs @Dyno#0000: 
2017-12-15 01:52:01 #logs @Dyno#0000: 
2017-12-15 01:52:01 #logs @Dyno#0000: 
2017-12-15 01:52:06 #logs @\U0001f171 \U0001f171ot#5737: 
2017-12-15 01:52:04 #logs @\U0001f171 \U0001f171ot#5737 edited message from 2017-12-15 01:52:06 () to read: 
2017-12-15 01:52:06 #logs @\U0001f171 \U0001f171ot#5737: 
2017-12-15 01:52:04 #logs @\U0001f171 \U0001f171ot#5737 edited message from 2017-12-15 01:52:06 () to read: 
2017-12-15 01:52:06 #logs @\U0001f171 \U0001f171ot#5737: 
2017-12-15 01:52:04 #logs @\U0001f171 \U0001f171ot#5737 edited message from 2017-12-15 01:52:06 () to read: 
2017-12-15 01:52:06 #logs @\U0001f171 \U0001f171ot#5737: 
2017-12-15 01:52:04 #logs @\U0001f171 \U0001f171ot#5737 edited message from 2017-12-15 01:52:06 () to read: 
2017-12-15 01:52:06 #logs @\U0001f171 \U0001f171ot#5737: 
2017-12-15 01:52:04 #logs @\U0001f171 \U0001f171ot#5737 edited message from 2017-12-15 01:52:06 () to read: 
2017-12-15 01:52:12 #logs @\U0001f171 \U0001f171ot#5737: 
2017-12-15 01:52:11 #logs @\U0001f171 \U0001f171ot#5737 edited message from 2017-12-15 01:52:12 () to read: 
2017-12-15 01:52:13 #logs @\U0001f171 \U0001f171ot#5737: 
2017-12-15 01:52:11 #logs @\U0001f171 \U0001f171ot#5737 edited message from 2017-12-15 01:52:13 () to read: 
2017-12-15 01:52:13 #logs @\U0001f171 \U0001f171ot#5737: 
2017-12-15 01:52:11 #logs @\U0001f171 \U0001f171ot#5737 edited message from 2017-12-15 01:52:13 () to read: 
2017-12-15 01:52:13 #logs @\U0001f171 \U0001f171ot#5737: 
2017-12-15 01:52:11 #logs @\U0001f171 \U0001f171ot#5737 edited message from 2017-12-15 01:52:13 () to read: 
2017-12-15 01:52:13 #logs @\U0001f171 \U0001f171ot#5737: 
2017-12-15 01:52:11 #logs @\U0001f171 \U0001f171ot#5737 edited message from 2017-12-15 01:52:13 () to read: 
2017-12-15 01:52:19 #logs @\U0001f171 \U0001f171ot#5737: 
2017-12-15 01:52:17 #logs @\U0001f171 \U0001f171ot#5737 edited message from 2017-12-15 01:52:19 () to read: 
2017-12-15 01:52:20 #logs @\U0001f171 \U0001f171ot#5737: 
2017-12-15 01:52:18 #logs @\U0001f171 \U0001f171ot#5737 edited message from 2017-12-15 01:52:20 () to read: 
2017-12-15 01:52:20 #logs @\U0001f171 \U0001f171ot#5737: 
2017-12-15 01:52:18 #logs @\U0001f171 \U0001f171ot#5737 edited message from 2017-12-15 01:52:20 () to read: 
2017-12-15 01:52:20 #logs @\U0001f171 \U0001f171ot#5737: 
2017-12-15 01:52:18 #logs @\U0001f171 \U0001f171ot#5737 edited message from 2017-12-15 01:52:20 () to read: 
2017-12-15 01:52:20 #logs @\U0001f171 \U0001f171ot#5737: 
2017-12-15 01:52:18 #logs @\U0001f171 \U0001f171ot#5737 edited message from 2017-12-15 01:52:20 () to read: 
2017-12-15 01:52:25 #logs @\U0001f171 \U0001f171ot#5737: 
2017-12-15 01:52:23 #logs @\U0001f171 \U0001f171ot#5737 edited message from 2017-12-15 01:52:25 () to read: 
2017-12-15 01:52:26 #logs @\U0001f171 \U0001f171ot#5737: 
2017-12-15 01:52:24 #logs @\U0001f171 \U0001f171ot#5737 edited message from 2017-12-15 01:52:26 () to read: 
2017-12-15 01:52:26 #logs @\U0001f171 \U0001f171ot#5737: 
2017-12-15 01:52:24 #logs @\U0001f171 \U0001f171ot#5737 edited message from 2017-12-15 01:52:26 () to read: 
2017-12-15 01:52:26 #logs @\U0001f171 \U0001f171ot#5737: 
2017-12-15 01:52:24 #logs @\U0001f171 \U0001f171ot#5737 edited message from 2017-12-15 01:52:26 () to read: 
2017-12-15 01:52:26 #logs @\U0001f171 \U0001f171ot#5737: 
2017-12-15 01:52:24 #logs @\U0001f171 \U0001f171ot#5737 edited message from 2017-12-15 01:52:26 () to read: 
2017-12-15 01:52:31 #logs @\U0001f171 \U0001f171ot#5737: 
2017-12-15 01:52:29 #logs @\U0001f171 \U0001f171ot#5737 edited message from 2017-12-15 01:52:31 () to read: 
2017-12-15 01:52:32 #logs @\U0001f171 \U0001f171ot#5737: 
2017-12-15 01:52:30 #logs @\U0001f171 \U0001f171ot#5737 edited message from 2017-12-15 01:52:32 () to read: 
2017-12-15 01:52:32 #logs @\U0001f171 \U0001f171ot#5737: 
2017-12-15 01:52:30 #logs @\U0001f171 \U0001f171ot#5737 edited message from 2017-12-15 01:52:32 () to read: 
2017-12-15 01:52:32 #logs @\U0001f171 \U0001f171ot#5737: 
2017-12-15 01:52:30 #logs @\U0001f171 \U0001f171ot#5737 edited message from 2017-12-15 01:52:32 () to read: 
2017-12-15 01:52:32 #logs @\U0001f171 \U0001f171ot#5737: 
2017-12-15 01:52:30 #logs @\U0001f171 \U0001f171ot#5737 edited message from 2017-12-15 01:52:32 () to read: 
