2017-12-15 01:46:47 #general-bot @FUCK AJIT PAI REEEEE#5067: lol rainbow role
2017-12-15 01:48:23 #general-bot @FUCK AJIT PAI REEEEE#5067: YES
2017-12-15 01:48:26 #general-bot @FUCK AJIT PAI REEEEE#5067: RAINBOW ROLE
2017-12-15 01:48:28 #general-bot @FUCK AJIT PAI REEEEE#5067: AMAZING
2017-12-15 01:48:34 #general-bot @CAT-astrophe#3662: woah
2017-12-15 01:48:43 #general-bot @FUCK AJIT PAI REEEEE#5067: lul
2017-12-15 01:49:23 #general-bot @FUCK AJIT PAI REEEEE#5067: wait
2017-12-15 01:49:26 #general-bot @FUCK AJIT PAI REEEEE#5067: lemme max it
2017-12-15 01:49:36 #general-bot @CAT-astrophe#3662: hm
2017-12-15 01:49:40 #general-bot @FUCK AJIT PAI REEEEE#5067: YES XDDD
2017-12-15 01:49:41 #general-bot @CAT-astrophe#3662: howd u do that
2017-12-15 01:49:48 #general-bot @FUCK AJIT PAI REEEEE#5067: its a cog i made for my bot
2017-12-15 01:49:51 #general-bot @CAT-astrophe#3662: ah
2017-12-15 01:49:52 #general-bot @CAT-astrophe#3662: nic
2017-12-15 01:49:53 #general-bot @CAT-astrophe#3662: nice
2017-12-15 01:49:56 #general-bot @FUCK AJIT PAI REEEEE#5067: wait
2017-12-15 01:50:00 #general-bot @FUCK AJIT PAI REEEEE#5067: lemme ***MAX*** it
2017-12-15 01:50:25 #general-bot @FUCK AJIT PAI REEEEE#5067: YISSSSSSSS
2017-12-15 01:50:32 #general-bot @FUCK AJIT PAI REEEEE#5067: RAINBOW ROLE
2017-12-15 01:50:33 #general-bot @CAT-astrophe#3662: nice
2017-12-15 01:50:41 #general-bot @FUCK AJIT PAI REEEEE#5067: XDDD
