2017-12-14 19:45:32 Member username: '@***REMOVED***\U0001f171Awesome#5067' (id 314124904737931275) changed username from '***REMOVED***\U0001f171Awesome' to 'I SUPPORT NET NEUTRALITY'
2017-12-14 19:58:49 Member username: '@I SUPPORT NET NEUTRALITY#5067' (id 314124904737931275) changed username from 'I SUPPORT NET NEUTRALITY' to 'I SUPPORT NET NEUTRALITY REEEE'
2017-12-14 21:38:47 Member username: '@I SUPPORT NET NEUTRALITY REEEE#5067' (id 314124904737931275) changed username from 'I SUPPORT NET NEUTRALITY REEEE' to 'FUCK AJIT PAI REEEEE'
2017-12-14 21:53:05 Member nickname: '@CAT-astrophe#3662' (id 295438605587972096) changed nickname from 'None' to 'AJIT PAI GET OFF MY BOOOAAARRD'
2017-12-15 01:34:30 Channel created: private-bot-stuff
2017-12-15 01:35:26 Role created: 'new role' (id 391040535303028737)
2017-12-15 01:35:33 Role renamed: 'new role' to 'Bots'
2017-12-15 01:35:52 Role position: 'sHoOK pePLE' changed from 2 to 1
2017-12-15 01:35:52 Role position: 'Tatsumaki' changed from 3 to 2
2017-12-15 01:35:52 Role position: 'Dyno' changed from 4 to 3
2017-12-15 01:35:52 Role position: 'ALC Buh Bye' changed from 5 to 4
2017-12-15 01:35:52 Role position: '\U0001f171ots' changed from 6 to 5
2017-12-15 01:35:52 Role position: 'Friends :D' changed from 7 to 6
2017-12-15 01:35:52 Role position: '\U0001f171oderators' changed from 8 to 7
2017-12-15 01:35:52 Role position: '\U0001f171hampions' changed from 9 to 8
2017-12-15 01:35:52 Role position: 'Bots' changed from 1 to 9
2017-12-15 01:35:52 Role permissions: 'Bots' changed from 104193088 to 2146958591
2017-12-15 01:35:57 Member role add: 'Bots' role was added to @\U0001f171 \U0001f171ot#5737
2017-12-15 01:35:59 Member role add: 'Bots' role was added to @Tatsumaki#8792
2017-12-15 01:36:01 Member role add: 'Bots' role was added to @Dyno#3861
2017-12-15 01:36:07 Role color: '\U0001f171hampions' changed from #e74c3c to #e6ca31
2017-12-15 01:37:04 Role color: '\U0001f171hampions' changed from #e6ca31 to #8c6a59
2017-12-15 01:37:43 Role color: '\U0001f171hampions' changed from #8c6a59 to #d719af
2017-12-15 01:37:57 Role color: '\U0001f171hampions' changed from #d719af to #9dae24
2017-12-15 01:39:05 Role color: '\U0001f171hampions' changed from #9dae24 to #0fa3f6
2017-12-15 01:39:27 Role color: '\U0001f171hampions' changed from #0fa3f6 to #34bab3
2017-12-15 01:39:43 Role color: '\U0001f171hampions' changed from #34bab3 to #45d1e4
2017-12-15 01:39:57 Role color: '\U0001f171hampions' changed from #45d1e4 to #932161
2017-12-15 01:41:05 Role color: '\U0001f171hampions' changed from #932161 to #da2340
2017-12-15 01:41:43 Role color: '\U0001f171hampions' changed from #da2340 to #382e61
2017-12-15 01:41:57 Role color: '\U0001f171hampions' changed from #382e61 to #2dcbaf
2017-12-15 01:42:47 Role color: '\U0001f171hampions' changed from #2dcbaf to #adf7ba
2017-12-15 01:43:05 Role color: '\U0001f171hampions' changed from #adf7ba to #10cf1e
2017-12-15 01:43:44 Role color: '\U0001f171hampions' changed from #10cf1e to #81b36b
2017-12-15 01:43:57 Role color: '\U0001f171hampions' changed from #81b36b to #0e881a
2017-12-15 01:44:32 Role color: '\U0001f171hampions' changed from #0e881a to #be9f7b
2017-12-15 01:45:05 Role color: '\U0001f171hampions' changed from #be9f7b to #0c81a7
2017-12-15 01:45:44 Role color: '\U0001f171hampions' changed from #0c81a7 to #f3ff24
2017-12-15 01:45:57 Role color: '\U0001f171hampions' changed from #f3ff24 to #89e9d4
2017-12-15 01:46:07 Role color: '\U0001f171hampions' changed from #89e9d4 to #d0b7a1
2017-12-15 01:46:32 Role color: '\U0001f171hampions' changed from #d0b7a1 to #b2fa51
2017-12-15 01:47:06 Role color: '\U0001f171hampions' changed from #b2fa51 to #5d5bfe
2017-12-15 01:47:44 Role color: '\U0001f171hampions' changed from #5d5bfe to #1800a5
2017-12-15 01:47:58 Role color: '\U0001f171hampions' changed from #1800a5 to #3a77a2
2017-12-15 01:48:13 Role color: '\U0001f171hampions' changed from #3a77a2 to #402f6d
2017-12-15 01:48:14 Role color: '\U0001f171hampions' changed from #402f6d to #b59e3a
2017-12-15 01:48:15 Role color: '\U0001f171hampions' changed from #b59e3a to #15b4ba
2017-12-15 01:48:16 Role color: '\U0001f171hampions' changed from #15b4ba to #d77906
2017-12-15 01:48:18 Role color: '\U0001f171hampions' changed from #d77906 to #6a3ef2
2017-12-15 01:48:19 Role color: '\U0001f171hampions' changed from #6a3ef2 to #d90465
2017-12-15 01:48:20 Role color: '\U0001f171hampions' changed from #d90465 to #49283b
2017-12-15 01:48:21 Role color: '\U0001f171hampions' changed from #49283b to #308d9c
2017-12-15 01:48:22 Role color: '\U0001f171hampions' changed from #308d9c to #982b45
2017-12-15 01:48:23 Role color: '\U0001f171hampions' changed from #982b45 to #5171c2
2017-12-15 01:48:25 Role color: '\U0001f171hampions' changed from #5171c2 to #8aa2f1
2017-12-15 01:48:26 Role color: '\U0001f171hampions' changed from #8aa2f1 to #7339b2
2017-12-15 01:48:27 Role color: '\U0001f171hampions' changed from #7339b2 to #6fea90
2017-12-15 01:48:28 Role color: '\U0001f171hampions' changed from #6fea90 to #053af6
2017-12-15 01:48:29 Role color: '\U0001f171hampions' changed from #053af6 to #417d51
2017-12-15 01:48:30 Role color: '\U0001f171hampions' changed from #417d51 to #e284bc
2017-12-15 01:48:32 Role color: '\U0001f171hampions' changed from #e284bc to #de8727
2017-12-15 01:48:33 Role color: '\U0001f171hampions' changed from #de8727 to #c86e0c
2017-12-15 01:48:33 Role color: '\U0001f171hampions' changed from #c86e0c to #6f7d7e
2017-12-15 01:48:34 Role color: '\U0001f171hampions' changed from #6f7d7e to #f73ed5
2017-12-15 01:48:35 Role color: '\U0001f171hampions' changed from #f73ed5 to #bd6e41
2017-12-15 01:48:36 Role color: '\U0001f171hampions' changed from #bd6e41 to #8b6a80
2017-12-15 01:48:37 Role color: '\U0001f171hampions' changed from #8b6a80 to #80d299
2017-12-15 01:48:38 Role color: '\U0001f171hampions' changed from #80d299 to #a91786
2017-12-15 01:48:40 Role color: '\U0001f171hampions' changed from #a91786 to #18f917
2017-12-15 01:48:41 Role color: '\U0001f171hampions' changed from #18f917 to #de8e14
2017-12-15 01:48:42 Role color: '\U0001f171hampions' changed from #de8e14 to #f31837
2017-12-15 01:48:43 Role color: '\U0001f171hampions' changed from #f31837 to #52e44d
2017-12-15 01:48:44 Role color: '\U0001f171hampions' changed from #52e44d to #5805da
2017-12-15 01:48:45 Role color: '\U0001f171hampions' changed from #5805da to #0bca7e
2017-12-15 01:48:47 Role color: '\U0001f171hampions' changed from #0bca7e to #c3d279
2017-12-15 01:48:48 Role color: '\U0001f171hampions' changed from #c3d279 to #36e2c5
2017-12-15 01:48:49 Role color: '\U0001f171hampions' changed from #36e2c5 to #902576
2017-12-15 01:48:50 Role color: '\U0001f171hampions' changed from #902576 to #c559b0
2017-12-15 01:48:51 Role color: '\U0001f171hampions' changed from #c559b0 to #bf0a68
2017-12-15 01:48:52 Role color: '\U0001f171hampions' changed from #bf0a68 to #dead22
2017-12-15 01:48:54 Role color: '\U0001f171hampions' changed from #dead22 to #ec0dae
2017-12-15 01:48:55 Role color: '\U0001f171hampions' changed from #ec0dae to #6c71ea
2017-12-15 01:48:56 Role color: '\U0001f171hampions' changed from #6c71ea to #74876c
2017-12-15 01:48:57 Role color: '\U0001f171hampions' changed from #74876c to #4828ef
2017-12-15 01:48:58 Role color: '\U0001f171hampions' changed from #4828ef to #8ccb32
2017-12-15 01:48:59 Role color: '\U0001f171hampions' changed from #8ccb32 to #5efaf3
2017-12-15 01:49:01 Role color: '\U0001f171hampions' changed from #5efaf3 to #217aa1
2017-12-15 01:49:02 Role color: '\U0001f171hampions' changed from #217aa1 to #54d65e
2017-12-15 01:49:03 Role color: '\U0001f171hampions' changed from #54d65e to #396d69
2017-12-15 01:49:04 Role color: '\U0001f171hampions' changed from #396d69 to #253286
2017-12-15 01:49:05 Role color: '\U0001f171hampions' changed from #253286 to #37dc2a
2017-12-15 01:49:06 Role color: '\U0001f171hampions' changed from #37dc2a to #939da6
2017-12-15 01:49:06 Role color: '\U0001f171hampions' changed from #939da6 to #40c1b7
2017-12-15 01:49:08 Role color: '\U0001f171hampions' changed from #40c1b7 to #4b6f29
2017-12-15 01:49:10 Role color: '\U0001f171hampions' changed from #4b6f29 to #7d9ee7
2017-12-15 01:49:10 Role color: '\U0001f171hampions' changed from #7d9ee7 to #a2ebe5
2017-12-15 01:49:11 Role color: '\U0001f171hampions' changed from #a2ebe5 to #1cde70
2017-12-15 01:49:12 Role color: '\U0001f171hampions' changed from #1cde70 to #9239e9
2017-12-15 01:49:13 Role color: '\U0001f171hampions' changed from #9239e9 to #f25938
2017-12-15 01:49:15 Role color: '\U0001f171hampions' changed from #f25938 to #bd2d66
2017-12-15 01:49:16 Role color: '\U0001f171hampions' changed from #bd2d66 to #469bd1
2017-12-15 01:49:17 Role color: '\U0001f171hampions' changed from #469bd1 to #706f36
2017-12-15 01:49:18 Role color: '\U0001f171hampions' changed from #706f36 to #3dcf1c
2017-12-15 01:49:19 Role color: '\U0001f171hampions' changed from #3dcf1c to #ad7a51
2017-12-15 01:49:20 Role color: '\U0001f171hampions' changed from #ad7a51 to #fad90f
2017-12-15 01:49:22 Role color: '\U0001f171hampions' changed from #fad90f to #22f0ca
2017-12-15 01:49:23 Role color: '\U0001f171hampions' changed from #22f0ca to #4e86e6
2017-12-15 01:49:24 Role color: '\U0001f171hampions' changed from #4e86e6 to #be43b1
2017-12-15 01:49:25 Role color: '\U0001f171hampions' changed from #be43b1 to #ca52d2
2017-12-15 01:49:26 Role color: '\U0001f171hampions' changed from #ca52d2 to #9da3f0
2017-12-15 01:49:28 Role color: '\U0001f171hampions' changed from #9da3f0 to #bdc2bf
2017-12-15 01:49:28 Role color: '\U0001f171hampions' changed from #bdc2bf to #83a773
2017-12-15 01:49:29 Role color: '\U0001f171hampions' changed from #83a773 to #86946c
2017-12-15 01:49:30 Role color: '\U0001f171hampions' changed from #86946c to #3e6b69
2017-12-15 01:49:31 Role color: '\U0001f171hampions' changed from #3e6b69 to #e0b4c9
2017-12-15 01:49:32 Role color: '\U0001f171hampions' changed from #e0b4c9 to #233782
2017-12-15 01:49:33 Role color: '\U0001f171hampions' changed from #233782 to #a5489c
2017-12-15 01:49:33 Role color: '\U0001f171hampions' changed from #a5489c to #cbcc88
2017-12-15 01:49:33 Role color: '\U0001f171hampions' changed from #cbcc88 to #30030e
2017-12-15 01:49:33 Role color: '\U0001f171hampions' changed from #30030e to #23310f
2017-12-15 01:49:33 Role color: '\U0001f171hampions' changed from #23310f to #7a32be
2017-12-15 01:49:34 Role color: '\U0001f171hampions' changed from #7a32be to #31398d
2017-12-15 01:49:34 Role color: '\U0001f171hampions' changed from #31398d to #f8e570
2017-12-15 01:49:34 Role color: '\U0001f171hampions' changed from #f8e570 to #17783a
2017-12-15 01:49:34 Role color: '\U0001f171hampions' changed from #17783a to #73551b
2017-12-15 01:49:35 Role color: '\U0001f171hampions' changed from #73551b to #b4e1cf
2017-12-15 01:49:35 Role color: '\U0001f171hampions' changed from #b4e1cf to #9855a7
2017-12-15 01:49:35 Role color: '\U0001f171hampions' changed from #9855a7 to #eef634
2017-12-15 01:49:35 Role color: '\U0001f171hampions' changed from #eef634 to #34c7f9
2017-12-15 01:49:35 Role color: '\U0001f171hampions' changed from #34c7f9 to #fa1aba
2017-12-15 01:49:36 Role color: '\U0001f171hampions' changed from #fa1aba to #58ae5c
2017-12-15 01:49:36 Role color: '\U0001f171hampions' changed from #58ae5c to #addd4c
2017-12-15 01:49:36 Role color: '\U0001f171hampions' changed from #addd4c to #21b207
2017-12-15 01:49:36 Role color: '\U0001f171hampions' changed from #21b207 to #9cd122
2017-12-15 01:49:36 Role color: '\U0001f171hampions' changed from #9cd122 to #f11e5f
2017-12-15 01:49:37 Role color: '\U0001f171hampions' changed from #f11e5f to #db2636
2017-12-15 01:49:37 Role color: '\U0001f171hampions' changed from #db2636 to #a96d4b
2017-12-15 01:49:37 Role color: '\U0001f171hampions' changed from #a96d4b to #95b977
2017-12-15 01:49:37 Role color: '\U0001f171hampions' changed from #95b977 to #62aec4
2017-12-15 01:49:38 Role color: '\U0001f171hampions' changed from #62aec4 to #cce4c8
2017-12-15 01:49:38 Role color: '\U0001f171hampions' changed from #cce4c8 to #246f08
2017-12-15 01:49:38 Role color: '\U0001f171hampions' changed from #246f08 to #b08c08
2017-12-15 01:49:38 Role color: '\U0001f171hampions' changed from #b08c08 to #20f6b9
2017-12-15 01:49:39 Role color: '\U0001f171hampions' changed from #20f6b9 to #716143
2017-12-15 01:49:39 Role color: '\U0001f171hampions' changed from #716143 to #153f4c
2017-12-15 01:49:39 Role color: '\U0001f171hampions' changed from #153f4c to #e0cee1
2017-12-15 01:49:39 Role color: '\U0001f171hampions' changed from #e0cee1 to #e6291b
2017-12-15 01:49:39 Role color: '\U0001f171hampions' changed from #e6291b to #328e00
2017-12-15 01:49:40 Role color: '\U0001f171hampions' changed from #328e00 to #821f67
2017-12-15 01:49:40 Role color: '\U0001f171hampions' changed from #821f67 to #375d6e
2017-12-15 01:49:40 Role color: '\U0001f171hampions' changed from #375d6e to #d9cbc6
2017-12-15 01:49:40 Role color: '\U0001f171hampions' changed from #d9cbc6 to #ca2f12
2017-12-15 01:49:41 Role color: '\U0001f171hampions' changed from #ca2f12 to #f651da
2017-12-15 01:49:41 Role color: '\U0001f171hampions' changed from #f651da to #ef3732
2017-12-15 01:49:41 Role color: '\U0001f171hampions' changed from #ef3732 to #35a770
2017-12-15 01:49:41 Role color: '\U0001f171hampions' changed from #35a770 to #b15705
2017-12-15 01:49:41 Role color: '\U0001f171hampions' changed from #b15705 to #b96efb
2017-12-15 01:49:42 Role color: '\U0001f171hampions' changed from #b96efb to #85dd03
2017-12-15 01:49:42 Role color: '\U0001f171hampions' changed from #85dd03 to #d4e261
2017-12-15 01:49:42 Role color: '\U0001f171hampions' changed from #d4e261 to #06decc
2017-12-15 01:49:42 Role color: '\U0001f171hampions' changed from #06decc to #4e0c83
2017-12-15 01:49:43 Role color: '\U0001f171hampions' changed from #4e0c83 to #d6c6fb
2017-12-15 01:49:43 Role color: '\U0001f171hampions' changed from #d6c6fb to #7fa873
2017-12-15 01:49:43 Role color: '\U0001f171hampions' changed from #7fa873 to #f22e8a
2017-12-15 01:49:43 Role color: '\U0001f171hampions' changed from #f22e8a to #f02546
2017-12-15 01:49:44 Role color: '\U0001f171hampions' changed from #f02546 to #bace50
2017-12-15 01:49:44 Role color: '\U0001f171hampions' changed from #bace50 to #d715ca
2017-12-15 01:49:44 Role color: '\U0001f171hampions' changed from #d715ca to #0b8098
2017-12-15 01:49:44 Role color: '\U0001f171hampions' changed from #0b8098 to #572d5a
2017-12-15 01:49:44 Role color: '\U0001f171hampions' changed from #572d5a to #48d7a5
2017-12-15 01:49:45 Role color: '\U0001f171hampions' changed from #48d7a5 to #75e7c9
2017-12-15 01:49:45 Role color: '\U0001f171hampions' changed from #75e7c9 to #f1abc3
2017-12-15 01:49:45 Role color: '\U0001f171hampions' changed from #f1abc3 to #3fa2ce
2017-12-15 01:49:45 Role color: '\U0001f171hampions' changed from #3fa2ce to #dbcf0c
2017-12-15 01:49:45 Role color: '\U0001f171hampions' changed from #dbcf0c to #c4ec3c
2017-12-15 01:49:46 Role color: '\U0001f171hampions' changed from #c4ec3c to #56c558
2017-12-15 01:49:46 Role color: '\U0001f171hampions' changed from #56c558 to #1f7fc4
2017-12-15 01:49:46 Role color: '\U0001f171hampions' changed from #1f7fc4 to #508e2e
2017-12-15 01:49:47 Role color: '\U0001f171hampions' changed from #508e2e to #7e32aa
2017-12-15 01:49:47 Role color: '\U0001f171hampions' changed from #7e32aa to #de7641
2017-12-15 01:49:47 Role color: '\U0001f171hampions' changed from #de7641 to #4c0181
2017-12-15 01:49:47 Role color: '\U0001f171hampions' changed from #4c0181 to #e4d440
2017-12-15 01:49:47 Role color: '\U0001f171hampions' changed from #e4d440 to #f519bd
2017-12-15 01:49:48 Role color: '\U0001f171hampions' changed from #f519bd to #164e9a
2017-12-15 01:49:48 Role color: '\U0001f171hampions' changed from #164e9a to #cf9f3f
2017-12-15 01:49:48 Role color: '\U0001f171hampions' changed from #cf9f3f to #919e92
2017-12-15 01:49:48 Role color: '\U0001f171hampions' changed from #919e92 to #18f1e1
2017-12-15 01:49:49 Role color: '\U0001f171hampions' changed from #18f1e1 to #4a80d6
2017-12-15 01:49:49 Role color: '\U0001f171hampions' changed from #4a80d6 to #5fc2bf
2017-12-15 01:49:49 Role color: '\U0001f171hampions' changed from #5fc2bf to #554190
2017-12-15 01:49:49 Role color: '\U0001f171hampions' changed from #554190 to #743c9d
2017-12-15 01:49:49 Role color: '\U0001f171hampions' changed from #743c9d to #abc475
2017-12-15 01:49:50 Role color: '\U0001f171hampions' changed from #abc475 to #6ae1af
2017-12-15 01:49:50 Role color: '\U0001f171hampions' changed from #6ae1af to #6e2aad
2017-12-15 01:49:50 Role color: '\U0001f171hampions' changed from #6e2aad to #ab2331
2017-12-15 01:49:50 Role color: '\U0001f171hampions' changed from #ab2331 to #e850e2
2017-12-15 01:49:51 Role color: '\U0001f171hampions' changed from #e850e2 to #4efa36
2017-12-15 01:49:51 Role color: '\U0001f171hampions' changed from #4efa36 to #c65a33
2017-12-15 01:49:51 Role color: '\U0001f171hampions' changed from #c65a33 to #04cd01
2017-12-15 01:49:51 Role color: '\U0001f171hampions' changed from #04cd01 to #db779d
2017-12-15 01:49:51 Role color: '\U0001f171hampions' changed from #db779d to #0661b4
2017-12-15 01:49:52 Role color: '\U0001f171hampions' changed from #0661b4 to #98fba2
2017-12-15 01:49:52 Role color: '\U0001f171hampions' changed from #98fba2 to #62fd7d
2017-12-15 01:49:52 Role color: '\U0001f171hampions' changed from #62fd7d to #5f0b60
2017-12-15 01:49:52 Role color: '\U0001f171hampions' changed from #5f0b60 to #618175
2017-12-15 01:49:52 Role color: '\U0001f171hampions' changed from #618175 to #15e93c
2017-12-15 01:49:53 Role color: '\U0001f171hampions' changed from #15e93c to #025d40
2017-12-15 01:49:53 Role color: '\U0001f171hampions' changed from #025d40 to #2ff6a9
2017-12-15 01:49:53 Role color: '\U0001f171hampions' changed from #2ff6a9 to #aaf2b8
2017-12-15 01:49:53 Role color: '\U0001f171hampions' changed from #aaf2b8 to #2d88a7
2017-12-15 01:49:54 Role color: '\U0001f171hampions' changed from #2d88a7 to #421ca5
2017-12-15 01:49:54 Role color: '\U0001f171hampions' changed from #421ca5 to #7ff2ac
2017-12-15 01:49:54 Role color: '\U0001f171hampions' changed from #7ff2ac to #8a5577
2017-12-15 01:49:54 Role color: '\U0001f171hampions' changed from #8a5577 to #f3d62c
2017-12-15 01:49:54 Role color: '\U0001f171hampions' changed from #f3d62c to #4bb31f
2017-12-15 01:49:55 Role color: '\U0001f171hampions' changed from #4bb31f to #6152e0
2017-12-15 01:49:55 Role color: '\U0001f171hampions' changed from #6152e0 to #42c1e7
2017-12-15 01:49:55 Role color: '\U0001f171hampions' changed from #42c1e7 to #1d2b38
2017-12-15 01:49:55 Role color: '\U0001f171hampions' changed from #1d2b38 to #30ff5c
2017-12-15 01:49:56 Role color: '\U0001f171hampions' changed from #30ff5c to #bea7c5
2017-12-15 01:49:56 Role color: '\U0001f171hampions' changed from #bea7c5 to #fb11ee
2017-12-15 01:49:56 Role color: '\U0001f171hampions' changed from #fb11ee to #eba88a
2017-12-15 01:49:56 Role color: '\U0001f171hampions' changed from #eba88a to #7b070f
2017-12-15 01:49:56 Role color: '\U0001f171hampions' changed from #7b070f to #98cd37
2017-12-15 01:49:57 Role color: '\U0001f171hampions' changed from #98cd37 to #fc7a7e
2017-12-15 01:49:57 Role color: '\U0001f171hampions' changed from #fc7a7e to #65b9c9
2017-12-15 01:49:57 Role color: '\U0001f171hampions' changed from #65b9c9 to #ed6e78
2017-12-15 01:49:57 Role color: '\U0001f171hampions' changed from #ed6e78 to #64e1a9
2017-12-15 01:49:57 Role color: '\U0001f171hampions' changed from #64e1a9 to #6aaa92
2017-12-15 01:49:58 Role color: '\U0001f171hampions' changed from #6aaa92 to #b197e4
2017-12-15 01:49:58 Role color: '\U0001f171hampions' changed from #b197e4 to #4c5ba8
2017-12-15 01:49:58 Role color: '\U0001f171hampions' changed from #4c5ba8 to #82417a
2017-12-15 01:49:58 Role color: '\U0001f171hampions' changed from #82417a to #724f89
2017-12-15 01:49:58 Role color: '\U0001f171hampions' changed from #724f89 to #0c9017
2017-12-15 01:49:58 Role color: '\U0001f171hampions' changed from #0c9017 to #60d4f0
2017-12-15 01:49:59 Role color: '\U0001f171hampions' changed from #60d4f0 to #748239
2017-12-15 01:49:59 Role color: '\U0001f171hampions' changed from #748239 to #b0db01
2017-12-15 01:49:59 Role color: '\U0001f171hampions' changed from #b0db01 to #2b8198
2017-12-15 01:49:59 Role color: '\U0001f171hampions' changed from #2b8198 to #362fd6
2017-12-15 01:50:00 Role color: '\U0001f171hampions' changed from #362fd6 to #f31828
2017-12-15 01:50:00 Role color: '\U0001f171hampions' changed from #f31828 to #ac3a90
2017-12-15 01:50:00 Role color: '\U0001f171hampions' changed from #ac3a90 to #42dc96
2017-12-15 01:50:00 Role color: '\U0001f171hampions' changed from #42dc96 to #a73c65
2017-12-15 01:50:01 Role color: '\U0001f171hampions' changed from #a73c65 to #c9b085
2017-12-15 01:50:01 Role color: '\U0001f171hampions' changed from #c9b085 to #6d7447
2017-12-15 01:50:01 Role color: '\U0001f171hampions' changed from #6d7447 to #ec0b73
2017-12-15 01:50:01 Role color: '\U0001f171hampions' changed from #ec0b73 to #59e556
2017-12-15 01:50:01 Role color: '\U0001f171hampions' changed from #59e556 to #3c700b
2017-12-15 01:50:02 Role color: '\U0001f171hampions' changed from #3c700b to #3544c7
2017-12-15 01:50:02 Role color: '\U0001f171hampions' changed from #3544c7 to #aeafbd
2017-12-15 01:50:02 Role color: '\U0001f171hampions' changed from #aeafbd to #8cedb1
2017-12-15 01:50:02 Role color: '\U0001f171hampions' changed from #8cedb1 to #488ff2
2017-12-15 01:50:03 Role color: '\U0001f171hampions' changed from #488ff2 to #378761
2017-12-15 01:50:03 Role color: '\U0001f171hampions' changed from #378761 to #d3fbdb
2017-12-15 01:50:03 Role color: '\U0001f171hampions' changed from #d3fbdb to #d7576b
2017-12-15 01:50:03 Role color: '\U0001f171hampions' changed from #d7576b to #6c38fc
2017-12-15 01:50:03 Role color: '\U0001f171hampions' changed from #6c38fc to #a94278
2017-12-15 01:50:04 Role color: '\U0001f171hampions' changed from #a94278 to #487315
2017-12-15 01:50:04 Role color: '\U0001f171hampions' changed from #487315 to #69ad0c
2017-12-15 01:50:04 Role color: '\U0001f171hampions' changed from #69ad0c to #e40e07
2017-12-15 01:50:04 Role color: '\U0001f171hampions' changed from #e40e07 to #4ea9ad
2017-12-15 01:50:04 Role color: '\U0001f171hampions' changed from #4ea9ad to #48327d
2017-12-15 01:50:05 Role color: '\U0001f171hampions' changed from #48327d to #cc60f1
2017-12-15 01:50:05 Role color: '\U0001f171hampions' changed from #cc60f1 to #4544a4
2017-12-15 01:50:05 Role color: '\U0001f171hampions' changed from #4544a4 to #df9bad
2017-12-15 01:50:05 Role color: '\U0001f171hampions' changed from #df9bad to #1c2779
2017-12-15 01:50:06 Role color: '\U0001f171hampions' changed from #1c2779 to #d46bf1
2017-12-15 01:50:06 Role color: '\U0001f171hampions' changed from #a7e637 to #d46bf1
2017-12-15 01:50:06 Role color: '\U0001f171hampions' changed from #40c469 to #d46bf1
2017-12-15 01:50:06 Role color: '\U0001f171hampions' changed from #bb58d1 to #d46bf1
2017-12-15 01:50:06 Role color: '\U0001f171hampions' changed from #e5ca95 to #d46bf1
2017-12-15 01:50:06 Role color: '\U0001f171hampions' changed from #c13289 to #d46bf1
2017-12-15 01:50:07 Role color: '\U0001f171hampions' changed from #d46bf1 to #0bcf44
2017-12-15 01:50:07 Role color: '\U0001f171hampions' changed from #172421 to #0bcf44
2017-12-15 01:50:07 Role color: '\U0001f171hampions' changed from #0bcf44 to #decae8
2017-12-15 01:50:07 Role color: '\U0001f171hampions' changed from #decae8 to #4ec1ed
2017-12-15 01:50:07 Role color: '\U0001f171hampions' changed from #4ec1ed to #afb079
2017-12-15 01:50:07 Role color: '\U0001f171hampions' changed from #afb079 to #c1e894
2017-12-15 01:50:07 Role color: '\U0001f171hampions' changed from #c1e894 to #163dee
2017-12-15 01:50:07 Role color: '\U0001f171hampions' changed from #163dee to #3fdb0d
2017-12-15 01:50:08 Role color: '\U0001f171hampions' changed from #3fdb0d to #7d69b9
2017-12-15 01:50:08 Role color: '\U0001f171hampions' changed from #7d69b9 to #dc917c
2017-12-15 01:50:08 Role color: '\U0001f171hampions' changed from #dc917c to #b54814
2017-12-15 01:50:08 Role color: '\U0001f171hampions' changed from #b54814 to #b7e29d
2017-12-15 01:50:08 Role color: '\U0001f171hampions' changed from #b7e29d to #512ab2
2017-12-15 01:50:08 Role color: '\U0001f171hampions' changed from #512ab2 to #f075cf
2017-12-15 01:50:09 Role color: '\U0001f171hampions' changed from #f075cf to #d234df
2017-12-15 01:50:09 Role color: '\U0001f171hampions' changed from #d234df to #cd6aff
2017-12-15 01:50:09 Role color: '\U0001f171hampions' changed from #cd6aff to #56d08d
2017-12-15 01:50:09 Role color: '\U0001f171hampions' changed from #56d08d to #647b11
2017-12-15 01:50:09 Role color: '\U0001f171hampions' changed from #647b11 to #c032af
2017-12-15 01:50:09 Role color: '\U0001f171hampions' changed from #c032af to #be5203
2017-12-15 01:50:09 Role color: '\U0001f171hampions' changed from #be5203 to #38d168
2017-12-15 01:50:10 Role color: '\U0001f171hampions' changed from #38d168 to #4efcbe
2017-12-15 01:50:10 Role color: '\U0001f171hampions' changed from #4efcbe to #b2c76a
2017-12-15 01:50:10 Role color: '\U0001f171hampions' changed from #b2c76a to #d4fc3d
2017-12-15 01:50:10 Role color: '\U0001f171hampions' changed from #d4fc3d to #41f7e5
2017-12-15 01:50:10 Role color: '\U0001f171hampions' changed from #41f7e5 to #e67b94
2017-12-15 01:50:11 Role color: '\U0001f171hampions' changed from #e67b94 to #549661
2017-12-15 01:50:11 Role color: '\U0001f171hampions' changed from #549661 to #9d3699
2017-12-15 01:50:11 Role color: '\U0001f171hampions' changed from #9d3699 to #33da42
2017-12-15 01:50:11 Role color: '\U0001f171hampions' changed from #33da42 to #455610
2017-12-15 01:50:11 Role color: '\U0001f171hampions' changed from #455610 to #ef7c1e
2017-12-15 01:50:11 Role color: '\U0001f171hampions' changed from #ef7c1e to #b41084
2017-12-15 01:50:11 Role color: '\U0001f171hampions' changed from #b41084 to #2c770d
2017-12-15 01:50:12 Role color: '\U0001f171hampions' changed from #2c770d to #6aae6e
2017-12-15 01:50:12 Role color: '\U0001f171hampions' changed from #6aae6e to #2a2729
2017-12-15 01:50:12 Role color: '\U0001f171hampions' changed from #2a2729 to #e7897d
2017-12-15 01:50:12 Role color: '\U0001f171hampions' changed from #e7897d to #d5b848
2017-12-15 01:50:12 Role color: '\U0001f171hampions' changed from #d5b848 to #4b0c01
2017-12-15 01:50:12 Role color: '\U0001f171hampions' changed from #4b0c01 to #2b28c1
2017-12-15 01:50:13 Role color: '\U0001f171hampions' changed from #2b28c1 to #2d528c
2017-12-15 01:50:13 Role color: '\U0001f171hampions' changed from #2d528c to #fea221
2017-12-15 01:50:13 Role color: '\U0001f171hampions' changed from #fea221 to #fcce5e
2017-12-15 01:50:13 Role color: '\U0001f171hampions' changed from #fcce5e to #5ad629
2017-12-15 01:50:13 Role color: '\U0001f171hampions' changed from #5ad629 to #42a398
2017-12-15 01:50:13 Role color: '\U0001f171hampions' changed from #42a398 to #40420e
2017-12-15 01:50:13 Role color: '\U0001f171hampions' changed from #40420e to #b4fdb5
2017-12-15 01:50:14 Role color: '\U0001f171hampions' changed from #b4fdb5 to #b047f4
2017-12-15 01:50:14 Role color: '\U0001f171hampions' changed from #b047f4 to #ed481b
2017-12-15 01:50:14 Role color: '\U0001f171hampions' changed from #ed481b to #1344fe
2017-12-15 01:50:14 Role color: '\U0001f171hampions' changed from #1344fe to #e61ff1
2017-12-15 01:50:14 Role color: '\U0001f171hampions' changed from #e61ff1 to #f9dc88
2017-12-15 01:50:14 Role color: '\U0001f171hampions' changed from #f9dc88 to #6ecefb
2017-12-15 01:50:15 Role color: '\U0001f171hampions' changed from #6ecefb to #b4c5f8
2017-12-15 01:50:15 Role color: '\U0001f171hampions' changed from #b4c5f8 to #d01c99
2017-12-15 01:50:15 Role color: '\U0001f171hampions' changed from #d01c99 to #67cc2a
2017-12-15 01:50:15 Role color: '\U0001f171hampions' changed from #67cc2a to #94ca87
2017-12-15 01:50:15 Role color: '\U0001f171hampions' changed from #94ca87 to #ba5161
2017-12-15 01:50:16 Role color: '\U0001f171hampions' changed from #ba5161 to #94b290
2017-12-15 01:50:16 Role color: '\U0001f171hampions' changed from #94b290 to #d013f3
2017-12-15 01:50:16 Role color: '\U0001f171hampions' changed from #d013f3 to #5e38f5
2017-12-15 01:50:16 Role color: '\U0001f171hampions' changed from #5e38f5 to #1088ea
2017-12-15 01:50:16 Role color: '\U0001f171hampions' changed from #1088ea to #1b9d31
2017-12-15 01:50:16 Role color: '\U0001f171hampions' changed from #1b9d31 to #ca0bde
2017-12-15 01:50:17 Role color: '\U0001f171hampions' changed from #ca0bde to #f05944
2017-12-15 01:50:17 Role color: '\U0001f171hampions' changed from #f05944 to #2b27de
2017-12-15 01:50:17 Role color: '\U0001f171hampions' changed from #2b27de to #01e01a
2017-12-15 01:50:17 Role color: '\U0001f171hampions' changed from #01e01a to #ffd3d4
2017-12-15 01:50:18 Role color: '\U0001f171hampions' changed from #ffd3d4 to #98e922
2017-12-15 01:50:18 Role color: '\U0001f171hampions' changed from #98e922 to #eed1a8
2017-12-15 01:50:18 Role color: '\U0001f171hampions' changed from #eed1a8 to #b2edc4
2017-12-15 01:50:18 Role color: '\U0001f171hampions' changed from #b2edc4 to #bd35d7
2017-12-15 01:50:18 Role color: '\U0001f171hampions' changed from #bd35d7 to #152cdf
2017-12-15 01:50:19 Role color: '\U0001f171hampions' changed from #152cdf to #9a2485
2017-12-15 01:50:19 Role color: '\U0001f171hampions' changed from #9a2485 to #610b71
2017-12-15 01:50:19 Role color: '\U0001f171hampions' changed from #610b71 to #7d7f55
2017-12-15 01:50:19 Role color: '\U0001f171hampions' changed from #7d7f55 to #445975
2017-12-15 01:50:19 Role color: '\U0001f171hampions' changed from #445975 to #667282
2017-12-15 01:50:19 Role color: '\U0001f171hampions' changed from #667282 to #d0d336
2017-12-15 01:50:20 Role color: '\U0001f171hampions' changed from #d0d336 to #02922e
2017-12-15 01:50:20 Role color: '\U0001f171hampions' changed from #02922e to #587d21
2017-12-15 01:50:20 Role color: '\U0001f171hampions' changed from #587d21 to #b9dccd
2017-12-15 01:50:20 Role color: '\U0001f171hampions' changed from #b9dccd to #ef004f
2017-12-15 01:50:20 Role color: '\U0001f171hampions' changed from #ef004f to #251d4e
2017-12-15 01:50:20 Role color: '\U0001f171hampions' changed from #251d4e to #33cc03
2017-12-15 01:50:20 Role color: '\U0001f171hampions' changed from #33cc03 to #7b0f47
2017-12-15 01:50:21 Role color: '\U0001f171hampions' changed from #7b0f47 to #5ebd3e
2017-12-15 01:50:21 Role color: '\U0001f171hampions' changed from #5ebd3e to #f25e65
2017-12-15 01:50:21 Role color: '\U0001f171hampions' changed from #f25e65 to #5f3ddd
2017-12-15 01:50:21 Role color: '\U0001f171hampions' changed from #5f3ddd to #9b535d
2017-12-15 01:50:21 Role color: '\U0001f171hampions' changed from #9b535d to #287b71
2017-12-15 01:50:21 Role color: '\U0001f171hampions' changed from #287b71 to #abfd62
2017-12-15 01:50:21 Role color: '\U0001f171hampions' changed from #abfd62 to #40481a
2017-12-15 01:50:22 Role color: '\U0001f171hampions' changed from #40481a to #63ba28
2017-12-15 01:50:22 Role color: '\U0001f171hampions' changed from #63ba28 to #53ba44
2017-12-15 01:50:22 Role color: '\U0001f171hampions' changed from #53ba44 to #52e4ab
2017-12-15 01:50:22 Role color: '\U0001f171hampions' changed from #52e4ab to #a43cf0
2017-12-15 01:50:22 Role color: '\U0001f171hampions' changed from #a43cf0 to #95293b
2017-12-15 01:50:23 Role color: '\U0001f171hampions' changed from #95293b to #974769
2017-12-15 01:50:23 Role color: '\U0001f171hampions' changed from #974769 to #0a066a
2017-12-15 01:50:23 Role color: '\U0001f171hampions' changed from #0a066a to #f0e1d7
2017-12-15 01:50:23 Role color: '\U0001f171hampions' changed from #f0e1d7 to #7fe358
2017-12-15 01:50:23 Role color: '\U0001f171hampions' changed from #7fe358 to #6239fc
2017-12-15 01:50:23 Role color: '\U0001f171hampions' changed from #6239fc to #08e909
2017-12-15 01:50:24 Role color: '\U0001f171hampions' changed from #08e909 to #8c5b4a
2017-12-15 01:50:24 Role color: '\U0001f171hampions' changed from #8c5b4a to #61762a
2017-12-15 01:50:24 Role color: '\U0001f171hampions' changed from #61762a to #95eeb7
2017-12-15 01:50:24 Role color: '\U0001f171hampions' changed from #95eeb7 to #11c211
2017-12-15 01:50:24 Role color: '\U0001f171hampions' changed from #11c211 to #15afa3
2017-12-15 01:50:24 Role color: '\U0001f171hampions' changed from #15afa3 to #502dba
2017-12-15 01:50:25 Role color: '\U0001f171hampions' changed from #502dba to #39554e
2017-12-15 01:50:25 Role color: '\U0001f171hampions' changed from #39554e to #87cc34
2017-12-15 01:50:25 Role color: '\U0001f171hampions' changed from #87cc34 to #0fab08
2017-12-15 01:50:25 Role color: '\U0001f171hampions' changed from #0fab08 to #e784a5
2017-12-15 01:50:25 Role color: '\U0001f171hampions' changed from #e784a5 to #1f3e6b
2017-12-15 01:50:25 Role color: '\U0001f171hampions' changed from #1f3e6b to #72af5e
2017-12-15 01:50:25 Role color: '\U0001f171hampions' changed from #72af5e to #9f9a7d
2017-12-15 01:50:26 Role color: '\U0001f171hampions' changed from #9f9a7d to #45fc43
2017-12-15 01:50:26 Role color: '\U0001f171hampions' changed from #45fc43 to #b59cd8
2017-12-15 01:50:26 Role color: '\U0001f171hampions' changed from #b59cd8 to #06d8d6
2017-12-15 01:50:26 Role color: '\U0001f171hampions' changed from #06d8d6 to #74ee25
2017-12-15 01:50:26 Role color: '\U0001f171hampions' changed from #74ee25 to #97f9e3
2017-12-15 01:50:26 Role color: '\U0001f171hampions' changed from #97f9e3 to #65d266
2017-12-15 01:50:26 Role color: '\U0001f171hampions' changed from #65d266 to #6c3ecd
2017-12-15 01:50:27 Role color: '\U0001f171hampions' changed from #6c3ecd to #a8e975
2017-12-15 01:50:27 Role color: '\U0001f171hampions' changed from #a8e975 to #41dd7d
2017-12-15 01:50:27 Role color: '\U0001f171hampions' changed from #41dd7d to #c2110b
2017-12-15 01:50:27 Role color: '\U0001f171hampions' changed from #c2110b to #33ee7a
2017-12-15 01:50:27 Role color: '\U0001f171hampions' changed from #33ee7a to #d22cf1
2017-12-15 01:50:27 Role color: '\U0001f171hampions' changed from #d22cf1 to #5b4185
2017-12-15 01:50:28 Role color: '\U0001f171hampions' changed from #5b4185 to #6f10aa
2017-12-15 01:50:28 Role color: '\U0001f171hampions' changed from #6f10aa to #83712e
2017-12-15 01:50:28 Role color: '\U0001f171hampions' changed from #83712e to #64a3d9
2017-12-15 01:50:28 Role color: '\U0001f171hampions' changed from #64a3d9 to #9dc846
2017-12-15 01:50:28 Role color: '\U0001f171hampions' changed from #9dc846 to #cc7f40
2017-12-15 01:50:28 Role color: '\U0001f171hampions' changed from #cc7f40 to #1e7709
2017-12-15 01:50:28 Role color: '\U0001f171hampions' changed from #1e7709 to #ab95b8
2017-12-15 01:50:29 Role color: '\U0001f171hampions' changed from #ab95b8 to #5de083
2017-12-15 01:50:29 Role color: '\U0001f171hampions' changed from #5de083 to #ba3812
2017-12-15 01:50:29 Role color: '\U0001f171hampions' changed from #ba3812 to #3a714d
2017-12-15 01:50:29 Role color: '\U0001f171hampions' changed from #3a714d to #8fb344
2017-12-15 01:50:29 Role color: '\U0001f171hampions' changed from #8fb344 to #94505f
2017-12-15 01:50:29 Role color: '\U0001f171hampions' changed from #94505f to #d34e52
2017-12-15 01:50:30 Role color: '\U0001f171hampions' changed from #d34e52 to #111dd4
2017-12-15 01:50:30 Role color: '\U0001f171hampions' changed from #111dd4 to #b95a01
2017-12-15 01:50:30 Role color: '\U0001f171hampions' changed from #b95a01 to #a45c27
2017-12-15 01:50:30 Role color: '\U0001f171hampions' changed from #a45c27 to #4add99
2017-12-15 01:50:30 Role color: '\U0001f171hampions' changed from #4add99 to #075781
2017-12-15 01:50:30 Role color: '\U0001f171hampions' changed from #075781 to #90bc7e
2017-12-15 01:50:30 Role color: '\U0001f171hampions' changed from #90bc7e to #6bdd07
2017-12-15 01:50:31 Role color: '\U0001f171hampions' changed from #6bdd07 to #c1d4a7
2017-12-15 01:50:31 Role color: '\U0001f171hampions' changed from #c1d4a7 to #009c4d
2017-12-15 01:50:31 Role color: '\U0001f171hampions' changed from #009c4d to #07b5b8
2017-12-15 01:50:31 Role color: '\U0001f171hampions' changed from #07b5b8 to #be837b
2017-12-15 01:50:31 Role color: '\U0001f171hampions' changed from #be837b to #3c1e98
2017-12-15 01:50:31 Role color: '\U0001f171hampions' changed from #3c1e98 to #f37b07
2017-12-15 01:50:32 Role color: '\U0001f171hampions' changed from #f37b07 to #355a48
2017-12-15 01:50:32 Role color: '\U0001f171hampions' changed from #355a48 to #80d268
2017-12-15 01:50:32 Role color: '\U0001f171hampions' changed from #80d268 to #211c10
2017-12-15 01:50:32 Role color: '\U0001f171hampions' changed from #211c10 to #d46a7a
2017-12-15 01:50:32 Role color: '\U0001f171hampions' changed from #d46a7a to #1c56f9
2017-12-15 01:50:32 Role color: '\U0001f171hampions' changed from #1c56f9 to #793c60
2017-12-15 01:50:33 Role color: '\U0001f171hampions' changed from #793c60 to #649a67
2017-12-15 01:50:33 Role color: '\U0001f171hampions' changed from #649a67 to #57d498
2017-12-15 01:50:33 Role color: '\U0001f171hampions' changed from #57d498 to #b64866
2017-12-15 01:50:33 Role color: '\U0001f171hampions' changed from #b64866 to #bcd1e0
2017-12-15 01:50:33 Role color: '\U0001f171hampions' changed from #bcd1e0 to #9036cc
2017-12-15 01:50:33 Role color: '\U0001f171hampions' changed from #9036cc to #f570ea
2017-12-15 01:50:33 Role color: '\U0001f171hampions' changed from #f570ea to #9e29f1
2017-12-15 01:50:34 Role color: '\U0001f171hampions' changed from #9e29f1 to #b3bd84
2017-12-15 01:50:34 Role color: '\U0001f171hampions' changed from #b3bd84 to #679c28
2017-12-15 01:50:34 Role color: '\U0001f171hampions' changed from #679c28 to #1e5a59
2017-12-15 01:50:34 Role color: '\U0001f171hampions' changed from #1e5a59 to #e89d63
2017-12-15 01:50:34 Role color: '\U0001f171hampions' changed from #e89d63 to #2aa234
2017-12-15 01:50:34 Role color: '\U0001f171hampions' changed from #2aa234 to #d5807e
2017-12-15 01:50:34 Role color: '\U0001f171hampions' changed from #d5807e to #4913f0
2017-12-15 01:50:35 Role color: '\U0001f171hampions' changed from #4913f0 to #70235c
2017-12-15 01:50:35 Role color: '\U0001f171hampions' changed from #70235c to #18db05
2017-12-15 01:50:35 Role color: '\U0001f171hampions' changed from #18db05 to #c73edf
2017-12-15 01:50:35 Role color: '\U0001f171hampions' changed from #c73edf to #61c901
2017-12-15 01:50:35 Role color: '\U0001f171hampions' changed from #61c901 to #31bd03
2017-12-15 01:50:35 Role color: '\U0001f171hampions' changed from #31bd03 to #3b9a2d
2017-12-15 01:50:35 Role color: '\U0001f171hampions' changed from #3b9a2d to #c3e165
2017-12-15 01:50:36 Role color: '\U0001f171hampions' changed from #c3e165 to #a24958
2017-12-15 01:50:36 Role color: '\U0001f171hampions' changed from #a24958 to #d5bf76
2017-12-15 01:50:36 Role color: '\U0001f171hampions' changed from #d5bf76 to #181e52
2017-12-15 01:50:36 Role color: '\U0001f171hampions' changed from #181e52 to #231550
2017-12-15 01:50:36 Role color: '\U0001f171hampions' changed from #231550 to #657914
2017-12-15 01:50:36 Role color: '\U0001f171hampions' changed from #657914 to #c0e6fc
2017-12-15 01:50:36 Role color: '\U0001f171hampions' changed from #c0e6fc to #dc87c8
2017-12-15 01:50:37 Role color: '\U0001f171hampions' changed from #dc87c8 to #78e8cc
2017-12-15 01:50:37 Role color: '\U0001f171hampions' changed from #78e8cc to #456468
2017-12-15 01:50:37 Role color: '\U0001f171hampions' changed from #456468 to #025f7d
2017-12-15 01:50:37 Role color: '\U0001f171hampions' changed from #025f7d to #9ee348
2017-12-15 01:50:37 Role color: '\U0001f171hampions' changed from #9ee348 to #42116f
2017-12-15 01:50:37 Role color: '\U0001f171hampions' changed from #42116f to #bffed0
2017-12-15 01:50:37 Role color: '\U0001f171hampions' changed from #bffed0 to #2e96d7
2017-12-15 01:50:38 Role color: '\U0001f171hampions' changed from #2e96d7 to #22f1d9
2017-12-15 01:50:38 Role color: '\U0001f171hampions' changed from #22f1d9 to #8b2a46
2017-12-15 01:50:38 Role color: '\U0001f171hampions' changed from #8b2a46 to #da58eb
2017-12-15 01:50:38 Role color: '\U0001f171hampions' changed from #da58eb to #f14075
2017-12-15 01:50:38 Role color: '\U0001f171hampions' changed from #f14075 to #e3c6ac
2017-12-15 01:50:38 Role color: '\U0001f171hampions' changed from #e3c6ac to #63710e
2017-12-15 01:50:39 Role color: '\U0001f171hampions' changed from #63710e to #2f5204
2017-12-15 01:50:39 Role color: '\U0001f171hampions' changed from #2f5204 to #8e1231
2017-12-15 01:50:39 Role color: '\U0001f171hampions' changed from #8e1231 to #dc06cc
2017-12-15 01:50:39 Role color: '\U0001f171hampions' changed from #dc06cc to #7e76b5
2017-12-15 01:50:39 Role color: '\U0001f171hampions' changed from #7e76b5 to #ffa3a1
2017-12-15 01:50:39 Role color: '\U0001f171hampions' changed from #ffa3a1 to #f0c006
2017-12-15 01:50:39 Role color: '\U0001f171hampions' changed from #f0c006 to #44bd2f
2017-12-15 01:50:40 Role color: '\U0001f171hampions' changed from #44bd2f to #b968c0
2017-12-15 01:50:40 Role color: '\U0001f171hampions' changed from #b968c0 to #066d7e
2017-12-15 01:50:40 Role color: '\U0001f171hampions' changed from #066d7e to #8f0cca
2017-12-15 01:50:40 Role color: '\U0001f171hampions' changed from #8f0cca to #c93b30
2017-12-15 01:50:40 Role color: '\U0001f171hampions' changed from #c93b30 to #eb2f83
2017-12-15 01:50:40 Role color: '\U0001f171hampions' changed from #eb2f83 to #5261d3
2017-12-15 01:50:40 Role color: '\U0001f171hampions' changed from #5261d3 to #8164e5
2017-12-15 01:50:41 Role color: '\U0001f171hampions' changed from #8164e5 to #9c4c71
2017-12-15 01:50:41 Role color: '\U0001f171hampions' changed from #9c4c71 to #596a09
2017-12-15 01:50:41 Role color: '\U0001f171hampions' changed from #596a09 to #bd9ae8
2017-12-15 01:50:41 Role color: '\U0001f171hampions' changed from #bd9ae8 to #81d69e
2017-12-15 01:50:41 Role color: '\U0001f171hampions' changed from #81d69e to #64223f
2017-12-15 01:50:41 Role color: '\U0001f171hampions' changed from #64223f to #a9dc2f
2017-12-15 01:50:42 Role color: '\U0001f171hampions' changed from #a9dc2f to #2a7a3e
2017-12-15 01:50:42 Role color: '\U0001f171hampions' changed from #2a7a3e to #2f594f
2017-12-15 01:50:42 Role color: '\U0001f171hampions' changed from #2f594f to #bfb3be
2017-12-15 01:50:42 Role color: '\U0001f171hampions' changed from #bfb3be to #88063a
2017-12-15 01:50:42 Role color: '\U0001f171hampions' changed from #88063a to #eeafa3
2017-12-15 01:50:42 Role color: '\U0001f171hampions' changed from #eeafa3 to #19a160
2017-12-15 01:50:42 Role color: '\U0001f171hampions' changed from #19a160 to #dbac52
2017-12-15 01:50:43 Role color: '\U0001f171hampions' changed from #dbac52 to #203a2b
2017-12-15 01:50:43 Role color: '\U0001f171hampions' changed from #203a2b to #1d4b66
2017-12-15 01:50:43 Role color: '\U0001f171hampions' changed from #1d4b66 to #3e31b2
2017-12-15 01:50:43 Role color: '\U0001f171hampions' changed from #3e31b2 to #ca20b1
2017-12-15 01:50:43 Role color: '\U0001f171hampions' changed from #ca20b1 to #d6b2af
2017-12-15 01:50:43 Role color: '\U0001f171hampions' changed from #d6b2af to #16c70c
2017-12-15 01:50:43 Role color: '\U0001f171hampions' changed from #16c70c to #e32e99
2017-12-15 01:50:44 Role color: '\U0001f171hampions' changed from #e32e99 to #639034
2017-12-15 01:50:44 Role color: '\U0001f171hampions' changed from #639034 to #1ee4eb
2017-12-15 01:50:44 Role color: '\U0001f171hampions' changed from #1ee4eb to #3adf86
2017-12-15 01:50:44 Role color: '\U0001f171hampions' changed from #3adf86 to #50c225
2017-12-15 01:50:44 Role color: '\U0001f171hampions' changed from #50c225 to #545c3a
2017-12-15 01:50:44 Role color: '\U0001f171hampions' changed from #545c3a to #1a4626
2017-12-15 01:50:45 Role color: '\U0001f171hampions' changed from #1a4626 to #02b402
2017-12-15 01:50:45 Role color: '\U0001f171hampions' changed from #02b402 to #4bec99
2017-12-15 01:50:45 Role color: '\U0001f171hampions' changed from #4bec99 to #903c14
2017-12-15 01:50:45 Role color: '\U0001f171hampions' changed from #903c14 to #1ce956
2017-12-15 01:50:45 Role color: '\U0001f171hampions' changed from #1ce956 to #c27181
2017-12-15 01:50:45 Role color: '\U0001f171hampions' changed from #c27181 to #e2a8ea
2017-12-15 01:50:45 Role color: '\U0001f171hampions' changed from #e2a8ea to #dc47c0
2017-12-15 01:50:46 Role color: '\U0001f171hampions' changed from #dc47c0 to #42c541
2017-12-15 01:50:46 Role color: '\U0001f171hampions' changed from #42c541 to #f60cfa
2017-12-15 01:50:46 Role color: '\U0001f171hampions' changed from #f60cfa to #ab9513
2017-12-15 01:50:46 Role color: '\U0001f171hampions' changed from #ab9513 to #40f9ba
2017-12-15 01:50:46 Role color: '\U0001f171hampions' changed from #40f9ba to #254581
2017-12-15 01:50:46 Role color: '\U0001f171hampions' changed from #254581 to #676574
2017-12-15 01:50:46 Role color: '\U0001f171hampions' changed from #676574 to #289f1e
2017-12-15 01:50:47 Role color: '\U0001f171hampions' changed from #289f1e to #e8127c
2017-12-15 01:50:47 Role color: '\U0001f171hampions' changed from #5317a6 to #e8127c
2017-12-15 01:50:47 Role color: '\U0001f171hampions' changed from #e8127c to #f5346c
2017-12-15 01:50:47 Role color: '\U0001f171hampions' changed from #f5346c to #676afe
2017-12-15 01:50:47 Role color: '\U0001f171hampions' changed from #676afe to #b90779
2017-12-15 01:50:47 Role color: '\U0001f171hampions' changed from #b90779 to #4b9564
2017-12-15 01:50:48 Role color: '\U0001f171hampions' changed from #4b9564 to #27adf9
2017-12-15 01:50:48 Role color: '\U0001f171hampions' changed from #27adf9 to #d6abd2
2017-12-15 01:50:48 Role color: '\U0001f171hampions' changed from #d6abd2 to #776a02
2017-12-15 01:50:48 Role color: '\U0001f171hampions' changed from #776a02 to #bd703d
2017-12-15 01:50:48 Role color: '\U0001f171hampions' changed from #bd703d to #269474
2017-12-15 01:50:48 Role color: '\U0001f171hampions' changed from #269474 to #c541ea
2017-12-15 01:50:49 Role color: '\U0001f171hampions' changed from #c541ea to #b33181
2017-12-15 01:50:49 Role color: '\U0001f171hampions' changed from #b33181 to #2ff8be
2017-12-15 01:50:49 Role color: '\U0001f171hampions' changed from #2ff8be to #5a83e0
2017-12-15 01:50:49 Role color: '\U0001f171hampions' changed from #5a83e0 to #dfb873
2017-12-15 01:50:49 Role color: '\U0001f171hampions' changed from #dfb873 to #b200bd
2017-12-15 01:50:49 Role color: '\U0001f171hampions' changed from #b200bd to #e294fe
2017-12-15 01:50:49 Role color: '\U0001f171hampions' changed from #e294fe to #255925
2017-12-15 01:50:50 Role color: '\U0001f171hampions' changed from #255925 to #c68ac8
2017-12-15 01:50:50 Role color: '\U0001f171hampions' changed from #c68ac8 to #d994c7
2017-12-15 01:50:50 Role color: '\U0001f171hampions' changed from #d994c7 to #a803fd
2017-12-15 01:50:50 Role color: '\U0001f171hampions' changed from #a803fd to #ab4436
2017-12-15 01:50:50 Role color: '\U0001f171hampions' changed from #ab4436 to #072203
2017-12-15 01:50:50 Role color: '\U0001f171hampions' changed from #072203 to #df66f2
2017-12-15 01:50:50 Role color: '\U0001f171hampions' changed from #df66f2 to #dba2f6
2017-12-15 01:50:51 Role color: '\U0001f171hampions' changed from #dba2f6 to #640dcc
2017-12-15 01:50:51 Role color: '\U0001f171hampions' changed from #82a5b7 to #640dcc
2017-12-15 01:50:51 Role color: '\U0001f171hampions' changed from #640dcc to #f0cd35
2017-12-15 01:50:51 Role color: '\U0001f171hampions' changed from #f0cd35 to #26c1d1
2017-12-15 01:50:51 Role color: '\U0001f171hampions' changed from #26c1d1 to #d76e6e
2017-12-15 01:50:51 Role color: '\U0001f171hampions' changed from #d76e6e to #87fe87
2017-12-15 01:50:51 Role color: '\U0001f171hampions' changed from #87fe87 to #cad77e
2017-12-15 01:50:52 Role color: '\U0001f171hampions' changed from #cad77e to #80786b
2017-12-15 01:50:52 Role color: '\U0001f171hampions' changed from #80786b to #1731ca
2017-12-15 01:50:52 Role color: '\U0001f171hampions' changed from #1731ca to #d18fa8
2017-12-15 01:50:52 Role color: '\U0001f171hampions' changed from #d18fa8 to #4f109f
2017-12-15 01:50:52 Role color: '\U0001f171hampions' changed from #4f109f to #9dc204
2017-12-15 01:50:53 Role color: '\U0001f171hampions' changed from #9dc204 to #3ad159
2017-12-15 01:50:53 Role color: '\U0001f171hampions' changed from #3ad159 to #eafb7a
2017-12-15 01:50:53 Role color: '\U0001f171hampions' changed from #eafb7a to #d70cce
2017-12-15 01:50:53 Role color: '\U0001f171hampions' changed from #d70cce to #ba6db9
2017-12-15 01:50:53 Role color: '\U0001f171hampions' changed from #ba6db9 to #0a8e36
2017-12-15 01:50:53 Role color: '\U0001f171hampions' changed from #0a8e36 to #72957d
2017-12-15 01:50:54 Role color: '\U0001f171hampions' changed from #72957d to #624059
2017-12-15 01:50:54 Role color: '\U0001f171hampions' changed from #624059 to #9f5db5
2017-12-15 01:50:54 Role color: '\U0001f171hampions' changed from #9f5db5 to #2d0fa6
2017-12-15 01:50:55 Role color: '\U0001f171hampions' changed from #2d0fa6 to #7b14ba
2017-12-15 01:50:55 Role color: '\U0001f171hampions' changed from #7b14ba to #3f6e90
2017-12-15 01:50:55 Role color: '\U0001f171hampions' changed from #3f6e90 to #90240f
2017-12-15 01:50:55 Role color: '\U0001f171hampions' changed from #90240f to #6c971a
2017-12-15 01:50:55 Role color: '\U0001f171hampions' changed from #6c971a to #41c709
2017-12-15 01:50:55 Role color: '\U0001f171hampions' changed from #41c709 to #c348b8
2017-12-15 01:50:56 Role color: '\U0001f171hampions' changed from #c348b8 to #f7aaba
2017-12-15 01:50:56 Role color: '\U0001f171hampions' changed from #f7aaba to #46c925
2017-12-15 01:50:56 Role color: '\U0001f171hampions' changed from #46c925 to #6fca27
2017-12-15 01:50:56 Role color: '\U0001f171hampions' changed from #6fca27 to #9cb55e
2017-12-15 01:50:56 Role color: '\U0001f171hampions' changed from #9cb55e to #2c43f1
2017-12-15 01:50:56 Role color: '\U0001f171hampions' changed from #2c43f1 to #17ea28
2017-12-15 01:50:57 Role color: '\U0001f171hampions' changed from #17ea28 to #973c18
2017-12-15 01:50:57 Role color: '\U0001f171hampions' changed from #973c18 to #cba01e
2017-12-15 01:50:57 Role color: '\U0001f171hampions' changed from #cba01e to #506a96
2017-12-15 01:50:57 Role color: '\U0001f171hampions' changed from #506a96 to #9a3c08
2017-12-15 01:50:57 Role color: '\U0001f171hampions' changed from #9a3c08 to #1cddc5
2017-12-15 01:50:57 Role color: '\U0001f171hampions' changed from #eb2cfb to #1cddc5
2017-12-15 01:50:57 Role color: '\U0001f171hampions' changed from #1cddc5 to #a5d365
2017-12-15 01:50:58 Role color: '\U0001f171hampions' changed from #a5d365 to #0b07a8
2017-12-15 01:50:58 Role color: '\U0001f171hampions' changed from #0b07a8 to #94975c
2017-12-15 01:50:58 Role color: '\U0001f171hampions' changed from #94975c to #e1cc8b
2017-12-15 01:50:58 Role color: '\U0001f171hampions' changed from #e1cc8b to #63519d
2017-12-15 01:50:58 Role color: '\U0001f171hampions' changed from #63519d to #c75b90
2017-12-15 01:50:58 Role color: '\U0001f171hampions' changed from #c75b90 to #f1e4df
2017-12-15 01:50:58 Role color: '\U0001f171hampions' changed from #f1e4df to #10bf5e
2017-12-15 01:50:59 Role color: '\U0001f171hampions' changed from #10bf5e to #d29649
2017-12-15 01:50:59 Role color: '\U0001f171hampions' changed from #d29649 to #f39a2d
2017-12-15 01:50:59 Role color: '\U0001f171hampions' changed from #f39a2d to #812eb9
2017-12-15 01:50:59 Role color: '\U0001f171hampions' changed from #812eb9 to #06a7b2
2017-12-15 01:50:59 Role color: '\U0001f171hampions' changed from #06a7b2 to #e25119
2017-12-15 01:51:00 Role color: '\U0001f171hampions' changed from #e25119 to #a5b6fc
2017-12-15 01:51:00 Role color: '\U0001f171hampions' changed from #a5b6fc to #a029bb
2017-12-15 01:51:00 Role color: '\U0001f171hampions' changed from #a029bb to #dc213e
2017-12-15 01:51:00 Role color: '\U0001f171hampions' changed from #dc213e to #5f5274
2017-12-15 01:51:00 Role color: '\U0001f171hampions' changed from #5f5274 to #418eb7
2017-12-15 01:51:00 Role color: '\U0001f171hampions' changed from #418eb7 to #a06b66
2017-12-15 01:51:00 Role color: '\U0001f171hampions' changed from #a06b66 to #a0dda5
2017-12-15 01:51:01 Role color: '\U0001f171hampions' changed from #a0dda5 to #13a565
2017-12-15 01:51:01 Role color: '\U0001f171hampions' changed from #13a565 to #c98a3e
2017-12-15 01:51:01 Role color: '\U0001f171hampions' changed from #c98a3e to #5f2247
2017-12-15 01:51:01 Role color: '\U0001f171hampions' changed from #5f2247 to #a216a5
2017-12-15 01:51:01 Role color: '\U0001f171hampions' changed from #a216a5 to #f206da
2017-12-15 01:51:02 Role color: '\U0001f171hampions' changed from #f206da to #2b1c30
2017-12-15 01:51:02 Role color: '\U0001f171hampions' changed from #2b1c30 to #04efc1
2017-12-15 01:51:02 Role color: '\U0001f171hampions' changed from #04efc1 to #89e814
2017-12-15 01:51:02 Role color: '\U0001f171hampions' changed from #89e814 to #a79d62
2017-12-15 01:51:02 Role color: '\U0001f171hampions' changed from #a79d62 to #435789
2017-12-15 01:51:02 Role color: '\U0001f171hampions' changed from #435789 to #49a27e
2017-12-15 01:51:02 Role color: '\U0001f171hampions' changed from #49a27e to #03263e
2017-12-15 01:51:03 Role color: '\U0001f171hampions' changed from #03263e to #4035e0
2017-12-15 01:51:03 Role color: '\U0001f171hampions' changed from #4035e0 to #8bb259
2017-12-15 01:51:03 Role color: '\U0001f171hampions' changed from #8bb259 to #9c9870
2017-12-15 01:51:03 Role color: '\U0001f171hampions' changed from #9c9870 to #9ff23e
2017-12-15 01:51:03 Role color: '\U0001f171hampions' changed from #9ff23e to #2fcf82
2017-12-15 01:51:03 Role color: '\U0001f171hampions' changed from #2fcf82 to #0e29b2
2017-12-15 01:51:03 Role color: '\U0001f171hampions' changed from #0e29b2 to #693fc2
2017-12-15 01:51:04 Role color: '\U0001f171hampions' changed from #693fc2 to #ad67f4
2017-12-15 01:51:04 Role color: '\U0001f171hampions' changed from #ad67f4 to #df5e14
2017-12-15 01:51:04 Role color: '\U0001f171hampions' changed from #df5e14 to #8900f8
2017-12-15 01:51:04 Role color: '\U0001f171hampions' changed from #8900f8 to #ec55d5
2017-12-15 01:51:04 Role color: '\U0001f171hampions' changed from #ec55d5 to #1d13e7
2017-12-15 01:51:05 Role color: '\U0001f171hampions' changed from #1d13e7 to #31cf2b
2017-12-15 01:51:05 Role color: '\U0001f171hampions' changed from #31cf2b to #1e1dd3
2017-12-15 01:51:05 Role color: '\U0001f171hampions' changed from #1e1dd3 to #3eb408
2017-12-15 01:51:05 Role color: '\U0001f171hampions' changed from #3eb408 to #60a96e
2017-12-15 01:51:05 Role color: '\U0001f171hampions' changed from #60a96e to #02df83
2017-12-15 01:51:05 Role color: '\U0001f171hampions' changed from #02df83 to #2ab173
2017-12-15 01:51:05 Role color: '\U0001f171hampions' changed from #2ab173 to #9c7605
2017-12-15 01:51:06 Role color: '\U0001f171hampions' changed from #9c7605 to #6c0577
2017-12-15 01:51:06 Role color: '\U0001f171hampions' changed from #6c0577 to #1d17f5
2017-12-15 01:51:06 Role color: '\U0001f171hampions' changed from #1d17f5 to #04dec1
2017-12-15 01:51:06 Role color: '\U0001f171hampions' changed from #04dec1 to #2c4347
2017-12-15 01:51:06 Role color: '\U0001f171hampions' changed from #2c4347 to #5b3cbd
2017-12-15 01:51:06 Role color: '\U0001f171hampions' changed from #5b3cbd to #ad8be8
2017-12-15 01:51:06 Role color: '\U0001f171hampions' changed from #ad8be8 to #72a07d
2017-12-15 01:51:07 Role color: '\U0001f171hampions' changed from #72a07d to #984e95
2017-12-15 01:51:07 Role color: '\U0001f171hampions' changed from #984e95 to #16cdd0
2017-12-15 01:51:07 Role color: '\U0001f171hampions' changed from #16cdd0 to #6dae68
2017-12-15 01:51:07 Role color: '\U0001f171hampions' changed from #6dae68 to #b8aac1
2017-12-15 01:51:07 Role color: '\U0001f171hampions' changed from #b8aac1 to #6c0fd7
2017-12-15 01:51:08 Role color: '\U0001f171hampions' changed from #6c0fd7 to #fc7610
2017-12-15 01:51:08 Role color: '\U0001f171hampions' changed from #fc7610 to #921390
2017-12-15 01:51:08 Role color: '\U0001f171hampions' changed from #921390 to #b2c30c
2017-12-15 01:51:08 Role color: '\U0001f171hampions' changed from #b2c30c to #441a97
2017-12-15 01:51:08 Role color: '\U0001f171hampions' changed from #441a97 to #210e60
2017-12-15 01:51:08 Role color: '\U0001f171hampions' changed from #210e60 to #49203b
2017-12-15 01:51:09 Role color: '\U0001f171hampions' changed from #49203b to #422f98
2017-12-15 01:51:09 Role color: '\U0001f171hampions' changed from #422f98 to #10b8a0
2017-12-15 01:51:09 Role color: '\U0001f171hampions' changed from #10b8a0 to #40742a
2017-12-15 01:51:09 Role color: '\U0001f171hampions' changed from #40742a to #fb8d20
2017-12-15 01:51:09 Role color: '\U0001f171hampions' changed from #fb8d20 to #34ea83
2017-12-15 01:51:09 Role color: '\U0001f171hampions' changed from #bc8093 to #34ea83
2017-12-15 01:51:09 Role color: '\U0001f171hampions' changed from #501f86 to #34ea83
2017-12-15 01:51:10 Role color: '\U0001f171hampions' changed from #34ea83 to #b109c1
2017-12-15 01:51:10 Role color: '\U0001f171hampions' changed from #b109c1 to #d6085f
2017-12-15 01:51:10 Role color: '\U0001f171hampions' changed from #d6085f to #53195d
2017-12-15 01:51:10 Role color: '\U0001f171hampions' changed from #53195d to #265063
2017-12-15 01:51:10 Role color: '\U0001f171hampions' changed from #265063 to #0bbd88
2017-12-15 01:51:10 Role color: '\U0001f171hampions' changed from #0bbd88 to #fe2d64
2017-12-15 01:51:10 Role color: '\U0001f171hampions' changed from #fe2d64 to #9330d0
2017-12-15 01:51:11 Role color: '\U0001f171hampions' changed from #9330d0 to #94c311
2017-12-15 01:51:11 Role color: '\U0001f171hampions' changed from #94c311 to #4b1c5d
2017-12-15 01:51:11 Role color: '\U0001f171hampions' changed from #4b1c5d to #8a4464
2017-12-15 01:51:11 Role color: '\U0001f171hampions' changed from #8a4464 to #d378a9
2017-12-15 01:51:11 Role color: '\U0001f171hampions' changed from #d378a9 to #2d49d4
2017-12-15 01:51:11 Role color: '\U0001f171hampions' changed from #2d49d4 to #c6d279
2017-12-15 01:51:11 Role color: '\U0001f171hampions' changed from #c6d279 to #d0b58d
2017-12-15 01:51:12 Role color: '\U0001f171hampions' changed from #d0b58d to #443c3e
2017-12-15 01:51:12 Role color: '\U0001f171hampions' changed from #443c3e to #1a008a
2017-12-15 01:51:12 Role color: '\U0001f171hampions' changed from #1a008a to #639ee3
2017-12-15 01:51:12 Role color: '\U0001f171hampions' changed from #639ee3 to #843157
2017-12-15 01:51:12 Role color: '\U0001f171hampions' changed from #843157 to #ba400f
2017-12-15 01:51:12 Role color: '\U0001f171hampions' changed from #ba400f to #70b3d1
2017-12-15 01:51:12 Role color: '\U0001f171hampions' changed from #70b3d1 to #648c9b
2017-12-15 01:51:13 Role color: '\U0001f171hampions' changed from #648c9b to #dcb520
2017-12-15 01:51:13 Role color: '\U0001f171hampions' changed from #dcb520 to #e5fd87
2017-12-15 01:51:13 Role color: '\U0001f171hampions' changed from #e5fd87 to #9f3505
2017-12-15 01:51:13 Role color: '\U0001f171hampions' changed from #9f3505 to #6b1fd0
2017-12-15 01:51:13 Role color: '\U0001f171hampions' changed from #6b1fd0 to #df5b94
2017-12-15 01:51:13 Role color: '\U0001f171hampions' changed from #df5b94 to #055810
2017-12-15 01:51:14 Role color: '\U0001f171hampions' changed from #055810 to #5b71a3
2017-12-15 01:51:14 Role color: '\U0001f171hampions' changed from #5b71a3 to #59a73f
2017-12-15 01:51:14 Role color: '\U0001f171hampions' changed from #59a73f to #f40207
2017-12-15 01:51:14 Role color: '\U0001f171hampions' changed from #f40207 to #45e54f
2017-12-15 01:51:14 Role color: '\U0001f171hampions' changed from #45e54f to #53332d
2017-12-15 01:51:14 Role color: '\U0001f171hampions' changed from #53332d to #719b7d
2017-12-15 01:51:14 Role color: '\U0001f171hampions' changed from #719b7d to #171bc7
2017-12-15 01:51:15 Role color: '\U0001f171hampions' changed from #171bc7 to #69732a
2017-12-15 01:51:15 Role color: '\U0001f171hampions' changed from #69732a to #e3e53d
2017-12-15 01:51:15 Role color: '\U0001f171hampions' changed from #e3e53d to #9070dd
2017-12-15 01:51:15 Role color: '\U0001f171hampions' changed from #9070dd to #e543d3
2017-12-15 01:51:15 Role color: '\U0001f171hampions' changed from #e543d3 to #9b50e7
2017-12-15 01:51:16 Role color: '\U0001f171hampions' changed from #9b50e7 to #a94722
2017-12-15 01:51:16 Role color: '\U0001f171hampions' changed from #a94722 to #44111f
2017-12-15 01:51:16 Role color: '\U0001f171hampions' changed from #44111f to #f44972
2017-12-15 01:51:16 Role color: '\U0001f171hampions' changed from #f44972 to #8deb6b
2017-12-15 01:51:16 Role color: '\U0001f171hampions' changed from #8deb6b to #a3e706
2017-12-15 01:51:16 Role color: '\U0001f171hampions' changed from #a3e706 to #1b5190
2017-12-15 01:51:16 Role color: '\U0001f171hampions' changed from #1b5190 to #65d9f2
2017-12-15 01:51:17 Role color: '\U0001f171hampions' changed from #65d9f2 to #c25ab5
2017-12-15 01:51:17 Role color: '\U0001f171hampions' changed from #c25ab5 to #537fb4
2017-12-15 01:51:17 Role color: '\U0001f171hampions' changed from #537fb4 to #a510ee
2017-12-15 01:51:17 Role color: '\U0001f171hampions' changed from #a510ee to #bec51e
2017-12-15 01:51:17 Role color: '\U0001f171hampions' changed from #bec51e to #78933a
2017-12-15 01:51:17 Role color: '\U0001f171hampions' changed from #78933a to #d4dd90
2017-12-15 01:51:18 Role color: '\U0001f171hampions' changed from #d4dd90 to #687b5e
2017-12-15 01:51:18 Role color: '\U0001f171hampions' changed from #687b5e to #c90928
2017-12-15 01:51:18 Role color: '\U0001f171hampions' changed from #c90928 to #f71d25
2017-12-15 01:51:18 Role color: '\U0001f171hampions' changed from #f71d25 to #e7290c
2017-12-15 01:51:18 Role color: '\U0001f171hampions' changed from #e7290c to #810437
2017-12-15 01:51:18 Role color: '\U0001f171hampions' changed from #810437 to #3f05f9
2017-12-15 01:51:18 Role color: '\U0001f171hampions' changed from #3f05f9 to #659ef4
2017-12-15 01:51:19 Role color: '\U0001f171hampions' changed from #659ef4 to #dcf088
2017-12-15 01:51:19 Role color: '\U0001f171hampions' changed from #dcf088 to #3de320
2017-12-15 01:51:19 Role color: '\U0001f171hampions' changed from #3de320 to #5fcda3
2017-12-15 01:51:19 Role color: '\U0001f171hampions' changed from #5fcda3 to #0796cb
2017-12-15 01:51:19 Role color: '\U0001f171hampions' changed from #0796cb to #7351f4
2017-12-15 01:51:19 Role color: '\U0001f171hampions' changed from #7351f4 to #7d8389
2017-12-15 01:51:19 Role color: '\U0001f171hampions' changed from #7d8389 to #94581d
2017-12-15 01:51:20 Role color: '\U0001f171hampions' changed from #94581d to #3425f3
2017-12-15 01:51:20 Role color: '\U0001f171hampions' changed from #3425f3 to #846c86
2017-12-15 01:51:20 Role color: '\U0001f171hampions' changed from #846c86 to #de54ee
2017-12-15 01:51:20 Role color: '\U0001f171hampions' changed from #de54ee to #378672
2017-12-15 01:51:20 Role color: '\U0001f171hampions' changed from #378672 to #d6460e
2017-12-15 01:51:20 Role color: '\U0001f171hampions' changed from #d6460e to #71911a
2017-12-15 01:51:21 Role color: '\U0001f171hampions' changed from #71911a to #fbe6df
2017-12-15 01:51:21 Role color: '\U0001f171hampions' changed from #fbe6df to #b854c6
2017-12-15 01:51:21 Role color: '\U0001f171hampions' changed from #b854c6 to #cd545a
2017-12-15 01:51:21 Role color: '\U0001f171hampions' changed from #cd545a to #65b468
2017-12-15 01:51:21 Role color: '\U0001f171hampions' changed from #65b468 to #5d26a9
2017-12-15 01:51:21 Role color: '\U0001f171hampions' changed from #5d26a9 to #f45fee
2017-12-15 01:51:21 Role color: '\U0001f171hampions' changed from #f45fee to #95e0a9
2017-12-15 01:51:22 Role color: '\U0001f171hampions' changed from #95e0a9 to #7970c9
2017-12-15 01:51:22 Role color: '\U0001f171hampions' changed from #7970c9 to #a0dafb
2017-12-15 01:51:22 Role color: '\U0001f171hampions' changed from #a0dafb to #464911
2017-12-15 01:51:22 Role color: '\U0001f171hampions' changed from #464911 to #23934f
2017-12-15 01:51:22 Role color: '\U0001f171hampions' changed from #23934f to #27889f
2017-12-15 01:51:22 Role color: '\U0001f171hampions' changed from #27889f to #127ffe
2017-12-15 01:51:23 Role color: '\U0001f171hampions' changed from #127ffe to #e0ce11
2017-12-15 01:51:24 Role color: '\U0001f171hampions' changed from #e0ce11 to #287505
2017-12-15 01:51:24 Role color: '\U0001f171hampions' changed from #287505 to #50cc03
2017-12-15 01:51:24 Role color: '\U0001f171hampions' changed from #50cc03 to #fa6dab
2017-12-15 01:51:24 Role color: '\U0001f171hampions' changed from #fa6dab to #83ef32
2017-12-15 01:51:24 Role color: '\U0001f171hampions' changed from #83ef32 to #b8fb1b
2017-12-15 01:51:24 Role color: '\U0001f171hampions' changed from #b8fb1b to #225c92
2017-12-15 01:51:25 Role color: '\U0001f171hampions' changed from #225c92 to #1f2528
2017-12-15 01:51:25 Role color: '\U0001f171hampions' changed from #1f2528 to #537ce1
2017-12-15 01:51:25 Role color: '\U0001f171hampions' changed from #537ce1 to #23b713
2017-12-15 01:51:25 Role color: '\U0001f171hampions' changed from #23b713 to #5bfa41
2017-12-15 01:51:25 Role color: '\U0001f171hampions' changed from #5bfa41 to #4f86d2
2017-12-15 01:51:25 Role color: '\U0001f171hampions' changed from #4f86d2 to #d00477
2017-12-15 01:51:26 Role color: '\U0001f171hampions' changed from #d00477 to #32f28f
2017-12-15 01:51:26 Role color: '\U0001f171hampions' changed from #32f28f to #090ba8
2017-12-15 01:51:26 Role color: '\U0001f171hampions' changed from #090ba8 to #eecb2c
2017-12-15 01:51:26 Role color: '\U0001f171hampions' changed from #eecb2c to #8692e1
2017-12-15 01:51:26 Role color: '\U0001f171hampions' changed from #8692e1 to #214514
2017-12-15 01:51:26 Role color: '\U0001f171hampions' changed from #214514 to #d3d76e
2017-12-15 01:51:26 Role color: '\U0001f171hampions' changed from #d3d76e to #f8b017
2017-12-15 01:51:27 Role color: '\U0001f171hampions' changed from #f8b017 to #773bfc
2017-12-15 01:51:27 Role color: '\U0001f171hampions' changed from #773bfc to #fd0564
2017-12-15 01:51:27 Role color: '\U0001f171hampions' changed from #fd0564 to #e6ed35
2017-12-15 01:51:27 Role color: '\U0001f171hampions' changed from #e6ed35 to #3f9e07
2017-12-15 01:51:27 Role color: '\U0001f171hampions' changed from #3f9e07 to #cb28ca
2017-12-15 01:51:28 Role color: '\U0001f171hampions' changed from #cb28ca to #08aed1
2017-12-15 01:51:28 Role color: '\U0001f171hampions' changed from #08aed1 to #a39ccb
2017-12-15 01:51:28 Role color: '\U0001f171hampions' changed from #a39ccb to #a69739
2017-12-15 01:51:28 Role color: '\U0001f171hampions' changed from #a69739 to #b4589c
2017-12-15 01:51:28 Role color: '\U0001f171hampions' changed from #b4589c to #f3c50f
2017-12-15 01:51:29 Role color: '\U0001f171hampions' changed from #f3c50f to #371c7d
2017-12-15 01:51:29 Role color: '\U0001f171hampions' changed from #371c7d to #d1338e
2017-12-15 01:51:29 Role color: '\U0001f171hampions' changed from #d1338e to #88f322
2017-12-15 01:51:29 Role color: '\U0001f171hampions' changed from #88f322 to #23a590
2017-12-15 01:51:29 Role color: '\U0001f171hampions' changed from #23a590 to #cfe1fc
2017-12-15 01:51:29 Role color: '\U0001f171hampions' changed from #cfe1fc to #1b620d
2017-12-15 01:51:29 Role color: '\U0001f171hampions' changed from #1b620d to #f7e047
2017-12-15 01:51:30 Role color: '\U0001f171hampions' changed from #f7e047 to #aebe89
2017-12-15 01:51:30 Role color: '\U0001f171hampions' changed from #aebe89 to #36f350
2017-12-15 01:51:30 Role color: '\U0001f171hampions' changed from #36f350 to #eec3ea
2017-12-15 01:51:30 Role color: '\U0001f171hampions' changed from #eec3ea to #525730
2017-12-15 01:51:30 Role color: '\U0001f171hampions' changed from #525730 to #eaea76
2017-12-15 01:51:30 Role color: '\U0001f171hampions' changed from #eaea76 to #a7d699
2017-12-15 01:51:30 Role color: '\U0001f171hampions' changed from #a7d699 to #676aae
2017-12-15 01:51:31 Role color: '\U0001f171hampions' changed from #676aae to #b83f6b
2017-12-15 01:51:31 Role color: '\U0001f171hampions' changed from #b83f6b to #0bd986
2017-12-15 01:51:31 Role color: '\U0001f171hampions' changed from #0bd986 to #1d53f2
2017-12-15 01:51:31 Role color: '\U0001f171hampions' changed from #1d53f2 to #9ae687
2017-12-15 01:51:31 Role color: '\U0001f171hampions' changed from #9ae687 to #fddcc2
2017-12-15 01:51:31 Role color: '\U0001f171hampions' changed from #fddcc2 to #0cde28
2017-12-15 01:51:32 Role color: '\U0001f171hampions' changed from #0cde28 to #a3ac49
2017-12-15 01:51:32 Role color: '\U0001f171hampions' changed from #a3ac49 to #a2a9c0
2017-12-15 01:51:32 Role color: '\U0001f171hampions' changed from #a2a9c0 to #8eb87a
2017-12-15 01:51:32 Role color: '\U0001f171hampions' changed from #8eb87a to #f3c5fb
2017-12-15 01:51:32 Role color: '\U0001f171hampions' changed from #f3c5fb to #eb56e5
2017-12-15 01:51:33 Role color: '\U0001f171hampions' changed from #eb56e5 to #c072e6
2017-12-15 01:51:33 Role color: '\U0001f171hampions' changed from #c072e6 to #46eb6f
2017-12-15 01:51:33 Role color: '\U0001f171hampions' changed from #46eb6f to #10b6ee
2017-12-15 01:51:33 Role color: '\U0001f171hampions' changed from #10b6ee to #891f46
2017-12-15 01:51:33 Role color: '\U0001f171hampions' changed from #891f46 to #44578c
2017-12-15 01:51:33 Role color: '\U0001f171hampions' changed from #44578c to #cc05cd
2017-12-15 01:51:33 Role color: '\U0001f171hampions' changed from #cc05cd to #15147e
2017-12-15 01:51:34 Role color: '\U0001f171hampions' changed from #15147e to #bf861e
2017-12-15 01:51:34 Role color: '\U0001f171hampions' changed from #bf861e to #aa8679
2017-12-15 01:51:34 Role color: '\U0001f171hampions' changed from #aa8679 to #677d07
2017-12-15 01:51:34 Role color: '\U0001f171hampions' changed from #677d07 to #c22e0f
2017-12-15 01:51:34 Role color: '\U0001f171hampions' changed from #c22e0f to #1aaf0c
2017-12-15 01:51:34 Role color: '\U0001f171hampions' changed from #1aaf0c to #7afd9f
2017-12-15 01:51:35 Role color: '\U0001f171hampions' changed from #7afd9f to #197338
2017-12-15 01:51:35 Role color: '\U0001f171hampions' changed from #197338 to #bd9c79
2017-12-15 01:51:35 Role color: '\U0001f171hampions' changed from #bd9c79 to #361417
2017-12-15 01:51:35 Role color: '\U0001f171hampions' changed from #361417 to #d38cfb
2017-12-15 01:51:35 Role color: '\U0001f171hampions' changed from #d38cfb to #df4a2d
2017-12-15 01:51:35 Role color: '\U0001f171hampions' changed from #df4a2d to #06e2f1
2017-12-15 01:51:35 Role color: '\U0001f171hampions' changed from #06e2f1 to #9c4ac4
2017-12-15 01:51:36 Role color: '\U0001f171hampions' changed from #9c4ac4 to #511389
2017-12-15 01:51:36 Role color: '\U0001f171hampions' changed from #511389 to #f8932b
2017-12-15 01:51:36 Role color: '\U0001f171hampions' changed from #f8932b to #8e5816
2017-12-15 01:51:36 Role color: '\U0001f171hampions' changed from #8e5816 to #3f75c9
2017-12-15 01:51:36 Role color: '\U0001f171hampions' changed from #3f75c9 to #832384
2017-12-15 01:51:36 Role color: '\U0001f171hampions' changed from #832384 to #e2ec8a
2017-12-15 01:51:36 Role color: '\U0001f171hampions' changed from #e2ec8a to #ecf488
2017-12-15 01:51:37 Role color: '\U0001f171hampions' changed from #ecf488 to #9efe7f
2017-12-15 01:51:37 Role color: '\U0001f171hampions' changed from #9efe7f to #ee34a5
2017-12-15 01:51:37 Role color: '\U0001f171hampions' changed from #ee34a5 to #846f25
2017-12-15 01:51:37 Role color: '\U0001f171hampions' changed from #846f25 to #69b2f8
2017-12-15 01:51:37 Role color: '\U0001f171hampions' changed from #69b2f8 to #26ea3f
2017-12-15 01:51:37 Role color: '\U0001f171hampions' changed from #26ea3f to #0d0355
2017-12-15 01:51:38 Role color: '\U0001f171hampions' changed from #0d0355 to #74e484
2017-12-15 01:51:38 Role color: '\U0001f171hampions' changed from #74e484 to #2de802
2017-12-15 01:51:38 Role color: '\U0001f171hampions' changed from #2de802 to #bc90f3
2017-12-15 01:51:38 Role color: '\U0001f171hampions' changed from #bc90f3 to #0bc6b6
2017-12-15 01:51:38 Role color: '\U0001f171hampions' changed from #0bc6b6 to #a0000c
2017-12-15 01:51:38 Role color: '\U0001f171hampions' changed from #a0000c to #55c86e
2017-12-15 01:51:38 Role color: '\U0001f171hampions' changed from #55c86e to #ba9548
2017-12-15 01:51:39 Role color: '\U0001f171hampions' changed from #ba9548 to #706d6d
2017-12-15 01:51:39 Role color: '\U0001f171hampions' changed from #706d6d to #5980d5
2017-12-15 01:51:39 Role color: '\U0001f171hampions' changed from #5980d5 to #4504c0
2017-12-15 01:51:39 Role color: '\U0001f171hampions' changed from #4504c0 to #cc4718
2017-12-15 01:51:39 Role color: '\U0001f171hampions' changed from #cc4718 to #d467b3
2017-12-15 01:51:39 Role color: '\U0001f171hampions' changed from #d467b3 to #12c556
2017-12-15 01:51:40 Role color: '\U0001f171hampions' changed from #12c556 to #afa119
2017-12-15 01:51:40 Role color: '\U0001f171hampions' changed from #afa119 to #55a075
2017-12-15 01:51:40 Role color: '\U0001f171hampions' changed from #55a075 to #8cc824
2017-12-15 01:51:40 Role color: '\U0001f171hampions' changed from #8cc824 to #069526
2017-12-15 01:51:40 Role color: '\U0001f171hampions' changed from #069526 to #9e4913
2017-12-15 01:51:40 Role color: '\U0001f171hampions' changed from #9e4913 to #4ee56e
2017-12-15 01:51:40 Role color: '\U0001f171hampions' changed from #4ee56e to #a045f0
2017-12-15 01:51:41 Role color: '\U0001f171hampions' changed from #a045f0 to #432c09
2017-12-15 01:51:41 Role color: '\U0001f171hampions' changed from #432c09 to #632a47
2017-12-15 01:51:41 Role color: '\U0001f171hampions' changed from #632a47 to #359135
2017-12-15 01:51:41 Role color: '\U0001f171hampions' changed from #359135 to #19692a
2017-12-15 01:51:41 Role color: '\U0001f171hampions' changed from #19692a to #3c44ba
2017-12-15 01:51:41 Role color: '\U0001f171hampions' changed from #3c44ba to #c774d6
2017-12-15 01:51:41 Role color: '\U0001f171hampions' changed from #c774d6 to #b2afd5
2017-12-15 01:51:42 Role color: '\U0001f171hampions' changed from #b2afd5 to #eb76df
2017-12-15 01:51:42 Role color: '\U0001f171hampions' changed from #eb76df to #3c5260
2017-12-15 01:51:42 Role color: '\U0001f171hampions' changed from #3c5260 to #311bb0
2017-12-15 01:51:42 Role color: '\U0001f171hampions' changed from #311bb0 to #5eb061
2017-12-15 01:51:42 Role color: '\U0001f171hampions' changed from #5eb061 to #cd4039
2017-12-15 01:51:42 Role color: '\U0001f171hampions' changed from #cd4039 to #095745
2017-12-15 01:51:43 Role color: '\U0001f171hampions' changed from #095745 to #ed2dbf
2017-12-15 01:51:43 Role color: '\U0001f171hampions' changed from #ed2dbf to #949574
2017-12-15 01:51:43 Role color: '\U0001f171hampions' changed from #949574 to #ac9133
2017-12-15 01:51:43 Role color: '\U0001f171hampions' changed from #ac9133 to #b099ea
2017-12-15 01:51:43 Role color: '\U0001f171hampions' changed from #b099ea to #dc5ed6
2017-12-15 01:51:43 Role color: '\U0001f171hampions' changed from #dc5ed6 to #0ebfb7
2017-12-15 01:51:44 Role color: '\U0001f171hampions' changed from #0ebfb7 to #91450e
2017-12-15 01:51:44 Role color: '\U0001f171hampions' changed from #91450e to #9d706c
2017-12-15 01:51:44 Role color: '\U0001f171hampions' changed from #9d706c to #51c257
2017-12-15 01:51:44 Role color: '\U0001f171hampions' changed from #51c257 to #375450
2017-12-15 01:51:44 Role color: '\U0001f171hampions' changed from #375450 to #92672c
2017-12-15 01:51:44 Role color: '\U0001f171hampions' changed from #92672c to #7a7fd9
2017-12-15 01:51:45 Role color: '\U0001f171hampions' changed from #7a7fd9 to #d61d4d
2017-12-15 01:51:45 Role color: '\U0001f171hampions' changed from #d61d4d to #272639
2017-12-15 01:51:45 Role color: '\U0001f171hampions' changed from #272639 to #854897
2017-12-15 01:51:45 Role color: '\U0001f171hampions' changed from #854897 to #bbdd11
2017-12-15 01:51:45 Role color: '\U0001f171hampions' changed from #bbdd11 to #d81b7b
2017-12-15 01:51:45 Role color: '\U0001f171hampions' changed from #d81b7b to #56ec83
2017-12-15 01:51:45 Role color: '\U0001f171hampions' changed from #56ec83 to #395853
2017-12-15 01:51:46 Role color: '\U0001f171hampions' changed from #395853 to #71d7c4
2017-12-15 01:51:46 Role color: '\U0001f171hampions' changed from #71d7c4 to #815efd
2017-12-15 01:51:46 Role color: '\U0001f171hampions' changed from #815efd to #1a9524
2017-12-15 01:51:46 Role color: '\U0001f171hampions' changed from #1a9524 to #fe622a
2017-12-15 01:51:46 Role color: '\U0001f171hampions' changed from #fe622a to #b6fbcc
2017-12-15 01:51:46 Role color: '\U0001f171hampions' changed from #b6fbcc to #de63a5
2017-12-15 01:51:47 Role color: '\U0001f171hampions' changed from #de63a5 to #cfb2bb
2017-12-15 01:51:47 Role color: '\U0001f171hampions' changed from #cfb2bb to #25f2f6
2017-12-15 01:51:47 Role color: '\U0001f171hampions' changed from #25f2f6 to #b8ebfd
2017-12-15 01:51:47 Role color: '\U0001f171hampions' changed from #b8ebfd to #a87aae
2017-12-15 01:51:47 Role color: '\U0001f171hampions' changed from #a87aae to #ac7888
2017-12-15 01:51:47 Role color: '\U0001f171hampions' changed from #ac7888 to #57e87a
2017-12-15 01:51:47 Role color: '\U0001f171hampions' changed from #57e87a to #5af4ad
2017-12-15 01:51:48 Role color: '\U0001f171hampions' changed from #5af4ad to #63a053
2017-12-15 01:51:48 Role color: '\U0001f171hampions' changed from #63a053 to #92c7c8
2017-12-15 01:51:48 Role color: '\U0001f171hampions' changed from #92c7c8 to #e7a7da
2017-12-15 01:51:48 Role color: '\U0001f171hampions' changed from #e7a7da to #4705c3
2017-12-15 01:51:48 Role color: '\U0001f171hampions' changed from #4705c3 to #03c908
2017-12-15 01:51:48 Role color: '\U0001f171hampions' changed from #03c908 to #b1c501
2017-12-15 01:51:49 Role color: '\U0001f171hampions' changed from #b1c501 to #a13e13
2017-12-15 01:51:49 Role color: '\U0001f171hampions' changed from #a13e13 to #c90072
2017-12-15 01:51:49 Role color: '\U0001f171hampions' changed from #c90072 to #f7a2c5
2017-12-15 01:51:49 Role color: '\U0001f171hampions' changed from #f7a2c5 to #83f376
2017-12-15 01:51:49 Role color: '\U0001f171hampions' changed from #83f376 to #ec6bfe
2017-12-15 01:51:49 Role color: '\U0001f171hampions' changed from #ec6bfe to #acda8a
2017-12-15 01:51:50 Role color: '\U0001f171hampions' changed from #acda8a to #bfd850
2017-12-15 01:51:50 Role color: '\U0001f171hampions' changed from #bfd850 to #758bb3
2017-12-15 01:51:50 Role color: '\U0001f171hampions' changed from #758bb3 to #5bfb16
2017-12-15 01:51:50 Role color: '\U0001f171hampions' changed from #5bfb16 to #57a768
2017-12-15 01:51:50 Role color: '\U0001f171hampions' changed from #57a768 to #6b6a7e
2017-12-15 01:51:50 Role color: '\U0001f171hampions' changed from #6b6a7e to #fd9139
2017-12-15 01:51:50 Role color: '\U0001f171hampions' changed from #fd9139 to #13ac29
2017-12-15 01:51:51 Role color: '\U0001f171hampions' changed from #13ac29 to #1cdfa7
2017-12-15 01:51:51 Role color: '\U0001f171hampions' changed from #1cdfa7 to #26b14b
2017-12-15 01:51:51 Role color: '\U0001f171hampions' changed from #26b14b to #048674
2017-12-15 01:51:51 Role color: '\U0001f171hampions' changed from #048674 to #be259d
2017-12-15 01:51:51 Role color: '\U0001f171hampions' changed from #be259d to #e4f86e
2017-12-15 01:51:51 Role color: '\U0001f171hampions' changed from #e4f86e to #7462e8
2017-12-15 01:51:52 Role color: '\U0001f171hampions' changed from #7462e8 to #c0eb29
2017-12-15 01:51:52 Role color: '\U0001f171hampions' changed from #c0eb29 to #824334
2017-12-15 01:51:52 Role color: '\U0001f171hampions' changed from #824334 to #a20464
2017-12-15 01:51:52 Role color: '\U0001f171hampions' changed from #a20464 to #bb7b47
2017-12-15 01:51:52 Role color: '\U0001f171hampions' changed from #bb7b47 to #736020
2017-12-15 01:51:52 Role color: '\U0001f171hampions' changed from #736020 to #baefb1
2017-12-15 01:51:53 Role color: '\U0001f171hampions' changed from #baefb1 to #275d8e
2017-12-15 01:51:53 Role color: '\U0001f171hampions' changed from #275d8e to #6885ff
2017-12-15 01:51:53 Role color: '\U0001f171hampions' changed from #6885ff to #51c794
2017-12-15 01:51:53 Role color: '\U0001f171hampions' changed from #51c794 to #749939
2017-12-15 01:51:53 Role color: '\U0001f171hampions' changed from #749939 to #fbd966
2017-12-15 01:51:53 Role color: '\U0001f171hampions' changed from #fbd966 to #c4c0a4
2017-12-15 01:51:53 Role color: '\U0001f171hampions' changed from #c4c0a4 to #3147e4
2017-12-15 01:51:54 Role color: '\U0001f171hampions' changed from #3147e4 to #fdd633
2017-12-15 01:51:54 Role color: '\U0001f171hampions' changed from #fdd633 to #b015f4
2017-12-15 01:51:54 Role color: '\U0001f171hampions' changed from #b015f4 to #a20de8
2017-12-15 01:51:54 Role color: '\U0001f171hampions' changed from #a20de8 to #10a50f
2017-12-15 01:51:54 Role color: '\U0001f171hampions' changed from #10a50f to #eb7651
2017-12-15 01:51:54 Role color: '\U0001f171hampions' changed from #eb7651 to #aae335
2017-12-15 01:51:55 Role color: '\U0001f171hampions' changed from #aae335 to #4b4971
2017-12-15 01:51:55 Role color: '\U0001f171hampions' changed from #4b4971 to #2b1e2d
2017-12-15 01:51:55 Role color: '\U0001f171hampions' changed from #2b1e2d to #049e29
2017-12-15 01:51:55 Role color: '\U0001f171hampions' changed from #049e29 to #785135
2017-12-15 01:51:55 Role color: '\U0001f171hampions' changed from #785135 to #fde3d0
2017-12-15 01:51:55 Role color: '\U0001f171hampions' changed from #fde3d0 to #e1c5ab
2017-12-15 01:51:56 Role color: '\U0001f171hampions' changed from #e1c5ab to #493b61
2017-12-15 01:51:56 Role color: '\U0001f171hampions' changed from #493b61 to #9a1da5
2017-12-15 01:51:56 Role color: '\U0001f171hampions' changed from #9a1da5 to #03fed2
2017-12-15 01:51:56 Role color: '\U0001f171hampions' changed from #03fed2 to #e2a4dc
2017-12-15 01:51:56 Role color: '\U0001f171hampions' changed from #e2a4dc to #245ff8
2017-12-15 01:51:56 Role color: '\U0001f171hampions' changed from #245ff8 to #542c64
2017-12-15 01:51:56 Role color: '\U0001f171hampions' changed from #542c64 to #66fe26
2017-12-15 01:51:57 Role color: '\U0001f171hampions' changed from #66fe26 to #a81631
2017-12-15 01:51:57 Role color: '\U0001f171hampions' changed from #a81631 to #802c49
2017-12-15 01:51:57 Role color: '\U0001f171hampions' changed from #802c49 to #e891d1
2017-12-15 01:51:57 Role color: '\U0001f171hampions' changed from #e891d1 to #097877
2017-12-15 01:51:57 Role color: '\U0001f171hampions' changed from #097877 to #558662
2017-12-15 01:51:57 Role color: '\U0001f171hampions' changed from #558662 to #7e9540
2017-12-15 01:51:57 Role color: '\U0001f171hampions' changed from #7e9540 to #171849
2017-12-15 01:51:58 Role color: '\U0001f171hampions' changed from #171849 to #e263a9
2017-12-15 01:51:58 Role color: '\U0001f171hampions' changed from #e263a9 to #717c93
2017-12-15 01:51:58 Role color: '\U0001f171hampions' changed from #717c93 to #8f687d
2017-12-15 01:51:58 Role color: '\U0001f171hampions' changed from #8f687d to #35178c
2017-12-15 01:51:58 Role color: '\U0001f171hampions' changed from #35178c to #50b0b5
2017-12-15 01:51:58 Role color: '\U0001f171hampions' changed from #50b0b5 to #7509df
2017-12-15 01:51:59 Role color: '\U0001f171hampions' changed from #7509df to #8242b4
2017-12-15 01:51:59 Role color: '\U0001f171hampions' changed from #8242b4 to #95c502
2017-12-15 01:51:59 Role color: '\U0001f171hampions' changed from #95c502 to #c3c871
2017-12-15 01:51:59 Role color: '\U0001f171hampions' changed from #c3c871 to #a5fa0b
2017-12-15 01:51:59 Role color: '\U0001f171hampions' changed from #a5fa0b to #cbeda2
2017-12-15 01:51:59 Role color: '\U0001f171hampions' changed from #cbeda2 to #18750a
2017-12-15 01:52:00 Role color: '\U0001f171hampions' changed from #18750a to #506e39
2017-12-15 01:52:00 Role color: '\U0001f171hampions' changed from #506e39 to #c95d2c
2017-12-15 01:52:00 Role color: '\U0001f171hampions' changed from #c95d2c to #b56916
2017-12-15 01:52:00 Role color: '\U0001f171hampions' changed from #b56916 to #b56ab6
2017-12-15 01:52:00 Role color: '\U0001f171hampions' changed from #b56ab6 to #70035b
2017-12-15 01:52:00 Role color: '\U0001f171hampions' changed from #70035b to #7c7fa1
2017-12-15 01:52:00 Role color: '\U0001f171hampions' changed from #7c7fa1 to #a2aabd
2017-12-15 01:52:01 Role color: '\U0001f171hampions' changed from #a2aabd to #7789ee
2017-12-15 01:52:01 Role color: '\U0001f171hampions' changed from #7789ee to #8985c3
2017-12-15 01:52:01 Role color: '\U0001f171hampions' changed from #8985c3 to #a5b8a5
2017-12-15 01:52:01 Role color: '\U0001f171hampions' changed from #a5b8a5 to #5d96b3
2017-12-15 01:52:01 Role color: '\U0001f171hampions' changed from #5d96b3 to #84b9fb
2017-12-15 01:52:01 Role color: '\U0001f171hampions' changed from #84b9fb to #18eaa3
2017-12-15 01:52:01 Role color: '\U0001f171hampions' changed from #18eaa3 to #30658d
2017-12-15 01:52:02 Role color: '\U0001f171hampions' changed from #30658d to #2c535e
2017-12-15 01:52:02 Role color: '\U0001f171hampions' changed from #2c535e to #7f9d48
2017-12-15 01:52:02 Role color: '\U0001f171hampions' changed from #7f9d48 to #417297
2017-12-15 01:52:02 Role color: '\U0001f171hampions' changed from #417297 to #09a135
2017-12-15 01:52:02 Role color: '\U0001f171hampions' changed from #09a135 to #3e311d
2017-12-15 01:52:02 Role color: '\U0001f171hampions' changed from #3e311d to #2202c8
2017-12-15 01:52:03 Role color: '\U0001f171hampions' changed from #2202c8 to #59dfce
2017-12-15 01:52:03 Role color: '\U0001f171hampions' changed from #59dfce to #4b0541
2017-12-15 01:52:03 Role color: '\U0001f171hampions' changed from #4b0541 to #18c688
2017-12-15 01:52:03 Role color: '\U0001f171hampions' changed from #18c688 to #bab45a
2017-12-15 01:52:03 Role color: '\U0001f171hampions' changed from #bab45a to #e7cd9d
2017-12-15 01:52:03 Role color: '\U0001f171hampions' changed from #e7cd9d to #3a0b12
2017-12-15 01:52:04 Role color: '\U0001f171hampions' changed from #3a0b12 to #0f4b37
2017-12-15 01:52:04 Role color: '\U0001f171hampions' changed from #0f4b37 to #09d586
2017-12-15 01:52:04 Role color: '\U0001f171hampions' changed from #09d586 to #db7b06
2017-12-15 01:52:04 Role color: '\U0001f171hampions' changed from #db7b06 to #8ceab2
2017-12-15 01:52:04 Role color: '\U0001f171hampions' changed from #8ceab2 to #b82026
2017-12-15 01:52:04 Role color: '\U0001f171hampions' changed from #b82026 to #bd0792
2017-12-15 01:52:05 Role color: '\U0001f171hampions' changed from #bd0792 to #4881a6
2017-12-15 01:52:05 Role color: '\U0001f171hampions' changed from #4881a6 to #00bbfc
2017-12-15 01:52:05 Role color: '\U0001f171hampions' changed from #00bbfc to #fb672a
2017-12-15 01:52:05 Role color: '\U0001f171hampions' changed from #fb672a to #b1ad1a
2017-12-15 01:52:05 Role color: '\U0001f171hampions' changed from #b1ad1a to #4926a3
2017-12-15 01:52:05 Role color: '\U0001f171hampions' changed from #4926a3 to #bc6e19
2017-12-15 01:52:05 Role color: '\U0001f171hampions' changed from #bc6e19 to #db69be
2017-12-15 01:52:06 Role color: '\U0001f171hampions' changed from #db69be to #185ad3
2017-12-15 01:52:06 Role color: '\U0001f171hampions' changed from #185ad3 to #e642ec
2017-12-15 01:52:06 Role color: '\U0001f171hampions' changed from #e642ec to #cffb75
2017-12-15 01:52:06 Role color: '\U0001f171hampions' changed from #cffb75 to #cac829
2017-12-15 01:52:06 Role color: '\U0001f171hampions' changed from #cac829 to #32252d
2017-12-15 01:52:06 Role color: '\U0001f171hampions' changed from #32252d to #28ee41
2017-12-15 01:52:07 Role color: '\U0001f171hampions' changed from #28ee41 to #677933
2017-12-15 01:52:07 Role color: '\U0001f171hampions' changed from #677933 to #b1982c
2017-12-15 01:52:07 Role color: '\U0001f171hampions' changed from #b1982c to #86c72d
2017-12-15 01:52:07 Role color: '\U0001f171hampions' changed from #86c72d to #920ef2
2017-12-15 01:52:07 Role color: '\U0001f171hampions' changed from #920ef2 to #570135
2017-12-15 01:52:07 Role color: '\U0001f171hampions' changed from #570135 to #40f30f
2017-12-15 01:52:07 Role color: '\U0001f171hampions' changed from #40f30f to #822de5
2017-12-15 01:52:08 Role color: '\U0001f171hampions' changed from #822de5 to #a73b0b
2017-12-15 01:52:08 Role color: '\U0001f171hampions' changed from #a73b0b to #cd315c
2017-12-15 01:52:08 Role color: '\U0001f171hampions' changed from #4b8ad7 to #cd315c
2017-12-15 01:52:08 Role color: '\U0001f171hampions' changed from #cd315c to #d57051
2017-12-15 01:52:08 Role color: '\U0001f171hampions' changed from #d57051 to #bf5b0a
2017-12-15 01:52:08 Role color: '\U0001f171hampions' changed from #bf5b0a to #fcb509
2017-12-15 01:52:09 Role color: '\U0001f171hampions' changed from #fcb509 to #ca6dfc
2017-12-15 01:52:09 Role color: '\U0001f171hampions' changed from #ca6dfc to #ed832c
2017-12-15 01:52:09 Role color: '\U0001f171hampions' changed from #ed832c to #98e739
2017-12-15 01:52:09 Role color: '\U0001f171hampions' changed from #98e739 to #5673cc
2017-12-15 01:52:09 Role color: '\U0001f171hampions' changed from #5673cc to #3a390d
2017-12-15 01:52:09 Role color: '\U0001f171hampions' changed from #3a390d to #634c3b
2017-12-15 01:52:09 Role color: '\U0001f171hampions' changed from #634c3b to #0562e0
2017-12-15 01:52:10 Role color: '\U0001f171hampions' changed from #0562e0 to #027497
2017-12-15 01:52:10 Role color: '\U0001f171hampions' changed from #027497 to #2f1cf1
2017-12-15 01:52:10 Role color: '\U0001f171hampions' changed from #2f1cf1 to #6c62db
2017-12-15 01:52:10 Role color: '\U0001f171hampions' changed from #6c62db to #533c15
2017-12-15 01:52:11 Role color: '\U0001f171hampions' changed from #533c15 to #2b4f98
2017-12-15 01:52:11 Role color: '\U0001f171hampions' changed from #2b4f98 to #901c2e
2017-12-15 01:52:11 Role color: '\U0001f171hampions' changed from #901c2e to #b7ae36
2017-12-15 01:52:11 Role color: '\U0001f171hampions' changed from #b7ae36 to #c607e8
2017-12-15 01:52:11 Role color: '\U0001f171hampions' changed from #c607e8 to #45ae72
2017-12-15 01:52:11 Role color: '\U0001f171hampions' changed from #45ae72 to #705fa0
2017-12-15 01:52:12 Role color: '\U0001f171hampions' changed from #705fa0 to #dff76b
2017-12-15 01:52:12 Role color: '\U0001f171hampions' changed from #dff76b to #a4cc50
2017-12-15 01:52:12 Role color: '\U0001f171hampions' changed from #a4cc50 to #c40003
2017-12-15 01:52:12 Role color: '\U0001f171hampions' changed from #c40003 to #1c6efd
2017-12-15 01:52:12 Role color: '\U0001f171hampions' changed from #1c6efd to #ffc0c2
2017-12-15 01:52:12 Role color: '\U0001f171hampions' changed from #ffc0c2 to #a39baf
2017-12-15 01:52:12 Role color: '\U0001f171hampions' changed from #a39baf to #5101e5
2017-12-15 01:52:13 Role color: '\U0001f171hampions' changed from #5101e5 to #2b794d
2017-12-15 01:52:13 Role color: '\U0001f171hampions' changed from #2b794d to #193728
2017-12-15 01:52:13 Role color: '\U0001f171hampions' changed from #193728 to #521d74
2017-12-15 01:52:13 Role color: '\U0001f171hampions' changed from #521d74 to #d8ce5b
2017-12-15 01:52:13 Role color: '\U0001f171hampions' changed from #d8ce5b to #d10391
2017-12-15 01:52:13 Role color: '\U0001f171hampions' changed from #d10391 to #cf9e06
2017-12-15 01:52:14 Role color: '\U0001f171hampions' changed from #cf9e06 to #40896f
2017-12-15 01:52:14 Role color: '\U0001f171hampions' changed from #40896f to #035691
2017-12-15 01:52:14 Role color: '\U0001f171hampions' changed from #035691 to #b589a8
2017-12-15 01:52:14 Role color: '\U0001f171hampions' changed from #b589a8 to #e879c3
2017-12-15 01:52:14 Role color: '\U0001f171hampions' changed from #e879c3 to #30772c
2017-12-15 01:52:14 Role color: '\U0001f171hampions' changed from #30772c to #6534e5
2017-12-15 01:52:15 Role color: '\U0001f171hampions' changed from #6534e5 to #4c55b2
2017-12-15 01:52:15 Role color: '\U0001f171hampions' changed from #4c55b2 to #657174
2017-12-15 01:52:15 Role color: '\U0001f171hampions' changed from #657174 to #8107f9
2017-12-15 01:52:15 Role color: '\U0001f171hampions' changed from #8107f9 to #43c294
2017-12-15 01:52:15 Role color: '\U0001f171hampions' changed from #43c294 to #cb852f
2017-12-15 01:52:15 Role color: '\U0001f171hampions' changed from #cb852f to #3ba4b2
2017-12-15 01:52:16 Role color: '\U0001f171hampions' changed from #3ba4b2 to #374d4f
2017-12-15 01:52:16 Role color: '\U0001f171hampions' changed from #374d4f to #8bf4d8
2017-12-15 01:52:16 Role color: '\U0001f171hampions' changed from #8bf4d8 to #967e78
2017-12-15 01:52:16 Role color: '\U0001f171hampions' changed from #967e78 to #a16811
2017-12-15 01:52:16 Role color: '\U0001f171hampions' changed from #a16811 to #befa99
2017-12-15 01:52:16 Role color: '\U0001f171hampions' changed from #befa99 to #b1dbe6
2017-12-15 01:52:17 Role color: '\U0001f171hampions' changed from #b1dbe6 to #05f7d3
2017-12-15 01:52:17 Role color: '\U0001f171hampions' changed from #05f7d3 to #34ea25
2017-12-15 01:52:17 Role color: '\U0001f171hampions' changed from #34ea25 to #c05c04
2017-12-15 01:52:17 Role color: '\U0001f171hampions' changed from #c05c04 to #5c4849
2017-12-15 01:52:17 Role color: '\U0001f171hampions' changed from #5c4849 to #80ea9e
2017-12-15 01:52:17 Role color: '\U0001f171hampions' changed from #80ea9e to #89d599
2017-12-15 01:52:18 Role color: '\U0001f171hampions' changed from #89d599 to #e2ef51
2017-12-15 01:52:18 Role color: '\U0001f171hampions' changed from #e2ef51 to #e6bd08
2017-12-15 01:52:18 Role color: '\U0001f171hampions' changed from #e6bd08 to #7a78d2
2017-12-15 01:52:18 Role color: '\U0001f171hampions' changed from #7a78d2 to #551787
2017-12-15 01:52:18 Role color: '\U0001f171hampions' changed from #551787 to #1a89bd
2017-12-15 01:52:18 Role color: '\U0001f171hampions' changed from #1a89bd to #8c8c39
2017-12-15 01:52:18 Role color: '\U0001f171hampions' changed from #8c8c39 to #e02cd7
2017-12-15 01:52:19 Role color: '\U0001f171hampions' changed from #e02cd7 to #c95c06
2017-12-15 01:52:19 Role color: '\U0001f171hampions' changed from #c95c06 to #60ae0a
2017-12-15 01:52:19 Role color: '\U0001f171hampions' changed from #60ae0a to #f0c34c
2017-12-15 01:52:19 Role color: '\U0001f171hampions' changed from #f0c34c to #08fcab
2017-12-15 01:52:19 Role color: '\U0001f171hampions' changed from #08fcab to #787295
2017-12-15 01:52:19 Role color: '\U0001f171hampions' changed from #787295 to #02e90f
2017-12-15 01:52:20 Role color: '\U0001f171hampions' changed from #02e90f to #c272dd
2017-12-15 01:52:20 Role color: '\U0001f171hampions' changed from #c272dd to #f5c5bc
2017-12-15 01:52:20 Role color: '\U0001f171hampions' changed from #f5c5bc to #ed640c
2017-12-15 01:52:20 Role color: '\U0001f171hampions' changed from #ed640c to #95cecd
2017-12-15 01:52:20 Role color: '\U0001f171hampions' changed from #95cecd to #56ab3d
2017-12-15 01:52:20 Role color: '\U0001f171hampions' changed from #56ab3d to #556846
2017-12-15 01:52:21 Role color: '\U0001f171hampions' changed from #556846 to #165429
2017-12-15 01:52:21 Role color: '\U0001f171hampions' changed from #165429 to #b7c43e
2017-12-15 01:52:21 Role color: '\U0001f171hampions' changed from #b7c43e to #5a4654
2017-12-15 01:52:22 Role color: '\U0001f171hampions' changed from #5a4654 to #32ab00
2017-12-15 01:52:22 Role color: '\U0001f171hampions' changed from #32ab00 to #221d71
2017-12-15 01:52:22 Role color: '\U0001f171hampions' changed from #221d71 to #41df79
2017-12-15 01:52:22 Role color: '\U0001f171hampions' changed from #41df79 to #138099
2017-12-15 01:52:23 Role color: '\U0001f171hampions' changed from #138099 to #45710f
2017-12-15 01:52:23 Role color: '\U0001f171hampions' changed from #45710f to #5731ca
2017-12-15 01:52:23 Role color: '\U0001f171hampions' changed from #5731ca to #c9bdc5
2017-12-15 01:52:23 Role color: '\U0001f171hampions' changed from #c9bdc5 to #d0fc94
2017-12-15 01:52:23 Role color: '\U0001f171hampions' changed from #d0fc94 to #2e2803
2017-12-15 01:52:23 Role color: '\U0001f171hampions' changed from #2e2803 to #06630e
2017-12-15 01:52:23 Role color: '\U0001f171hampions' changed from #06630e to #9dc81a
2017-12-15 01:52:24 Role color: '\U0001f171hampions' changed from #9dc81a to #fc92ec
2017-12-15 01:52:24 Role color: '\U0001f171hampions' changed from #fc92ec to #d25e19
2017-12-15 01:52:24 Role color: '\U0001f171hampions' changed from #d25e19 to #164758
2017-12-15 01:52:24 Role color: '\U0001f171hampions' changed from #164758 to #4eb864
2017-12-15 01:52:24 Role color: '\U0001f171hampions' changed from #4eb864 to #757f93
2017-12-15 01:52:24 Role color: '\U0001f171hampions' changed from #757f93 to #e9e581
2017-12-15 01:52:25 Role color: '\U0001f171hampions' changed from #e9e581 to #d378b2
2017-12-15 01:52:25 Role color: '\U0001f171hampions' changed from #d378b2 to #8d222f
2017-12-15 01:52:25 Role color: '\U0001f171hampions' changed from #8d222f to #e6558e
2017-12-15 01:52:25 Role color: '\U0001f171hampions' changed from #e6558e to #99cbd1
2017-12-15 01:52:25 Role color: '\U0001f171hampions' changed from #99cbd1 to #e98cd4
2017-12-15 01:52:25 Role color: '\U0001f171hampions' changed from #e98cd4 to #7bfbb2
2017-12-15 01:52:26 Role color: '\U0001f171hampions' changed from #7bfbb2 to #26a938
2017-12-15 01:52:26 Role color: '\U0001f171hampions' changed from #26a938 to #63f440
2017-12-15 01:52:26 Role color: '\U0001f171hampions' changed from #63f440 to #6279c8
2017-12-15 01:52:26 Role color: '\U0001f171hampions' changed from #6279c8 to #bef332
2017-12-15 01:52:26 Role color: '\U0001f171hampions' changed from #bef332 to #e1d96f
2017-12-15 01:52:27 Role color: '\U0001f171hampions' changed from #e1d96f to #5be8c9
2017-12-15 01:52:27 Role color: '\U0001f171hampions' changed from #5be8c9 to #9da98a
2017-12-15 01:52:27 Role color: '\U0001f171hampions' changed from #9da98a to #ee585f
2017-12-15 01:52:27 Role color: '\U0001f171hampions' changed from #ee585f to #3d4730
2017-12-15 01:52:27 Role color: '\U0001f171hampions' changed from #3d4730 to #e5226a
2017-12-15 01:52:27 Role color: '\U0001f171hampions' changed from #e5226a to #d2eb03
2017-12-15 01:52:28 Role color: '\U0001f171hampions' changed from #d2eb03 to #c08c39
2017-12-15 01:52:28 Role color: '\U0001f171hampions' changed from #c08c39 to #847024
2017-12-15 01:52:28 Role color: '\U0001f171hampions' changed from #847024 to #fa705f
2017-12-15 01:52:28 Role color: '\U0001f171hampions' changed from #fa705f to #831729
2017-12-15 01:52:28 Role color: '\U0001f171hampions' changed from #831729 to #620a4e
2017-12-15 01:52:28 Role color: '\U0001f171hampions' changed from #620a4e to #e96ebd
2017-12-15 01:52:28 Role color: '\U0001f171hampions' changed from #e96ebd to #f0841a
2017-12-15 01:52:29 Role color: '\U0001f171hampions' changed from #f0841a to #5fefc8
2017-12-15 01:52:29 Role color: '\U0001f171hampions' changed from #5fefc8 to #24e293
2017-12-15 01:52:29 Role color: '\U0001f171hampions' changed from #24e293 to #036e03
2017-12-15 01:52:29 Role color: '\U0001f171hampions' changed from #036e03 to #1d3913
2017-12-15 01:52:29 Role color: '\U0001f171hampions' changed from #1d3913 to #635110
2017-12-15 01:52:29 Role color: '\U0001f171hampions' changed from #635110 to #0ca4dc
2017-12-15 01:52:30 Role color: '\U0001f171hampions' changed from #0ca4dc to #5ac202
2017-12-15 01:52:30 Role color: '\U0001f171hampions' changed from #5ac202 to #93cbc6
2017-12-15 01:52:30 Role color: '\U0001f171hampions' changed from #93cbc6 to #285584
2017-12-15 01:52:30 Role color: '\U0001f171hampions' changed from #285584 to #f5a715
2017-12-15 01:52:30 Role color: '\U0001f171hampions' changed from #f5a715 to #bf6f7f
2017-12-15 01:52:30 Role color: '\U0001f171hampions' changed from #bf6f7f to #569437
2017-12-15 01:52:31 Role color: '\U0001f171hampions' changed from #569437 to #0b0f4d
2017-12-15 01:52:31 Role color: '\U0001f171hampions' changed from #0b0f4d to #a61a09
2017-12-15 01:52:31 Role color: '\U0001f171hampions' changed from #a61a09 to #857098
2017-12-15 01:52:31 Role color: '\U0001f171hampions' changed from #857098 to #f9cd90
2017-12-15 01:52:31 Role color: '\U0001f171hampions' changed from #f9cd90 to #434142
